        -:    0:Source:dominion.c
        -:    0:Graph:dominion.gcno
        -:    0:Data:dominion.gcda
        -:    0:Runs:1
        -:    0:Programs:1
        -:    1:#include "dominion.h"
        -:    2:#include "dominion_helpers.h"
        -:    3:#include "rngs.h"
        -:    4:#include <stdio.h>
        -:    5:#include <math.h>
        -:    6:#include <stdlib.h>
        -:    7:
function compare called 47 returned 100% blocks executed 83%
       47:    8:int compare(const void* a, const void* b) {
       47:    9:    if (*(int*)a > *(int*)b)
branch  0 taken 0% (fallthrough)
branch  1 taken 100%
    #####:   10:        return 1;
       47:   11:    if (*(int*)a < *(int*)b)
branch  0 taken 32% (fallthrough)
branch  1 taken 68%
       15:   12:        return -1;
       32:   13:    return 0;
        -:   14:}
        -:   15:
function newGame called 0 returned 0% blocks executed 0%
    #####:   16:struct gameState* newGame() {
    #####:   17:    struct gameState* g = malloc(sizeof(struct gameState));
    #####:   18:    return g;
        -:   19:}
        -:   20:
function kingdomCards called 0 returned 0% blocks executed 0%
    #####:   21:int* kingdomCards(int k1, int k2, int k3, int k4, int k5, int k6, int k7,
        -:   22:                  int k8, int k9, int k10) {
    #####:   23:    int* k = malloc(10 * sizeof(int));
    #####:   24:    k[0] = k1;
    #####:   25:    k[1] = k2;
    #####:   26:    k[2] = k3;
    #####:   27:    k[3] = k4;
    #####:   28:    k[4] = k5;
    #####:   29:    k[5] = k6;
    #####:   30:    k[6] = k7;
    #####:   31:    k[7] = k8;
    #####:   32:    k[8] = k9;
    #####:   33:    k[9] = k10;
    #####:   34:    return k;
        -:   35:}
        -:   36:
function initializeGame called 1 returned 100% blocks executed 83%
        1:   37:int initializeGame(int numPlayers, int kingdomCards[10], int randomSeed,
        -:   38:                   struct gameState *state) {
        -:   39:    int i;
        -:   40:    int j;
        -:   41:    int it;
        -:   42:
        -:   43:    //set up random number generator
        1:   44:    SelectStream(1);
call    0 returned 100%
        1:   45:    PutSeed((long)randomSeed);
call    0 returned 100%
        -:   46:
        -:   47:    //check number of players
        1:   48:    if (numPlayers > MAX_PLAYERS || numPlayers < 2)
branch  0 taken 100% (fallthrough)
branch  1 taken 0%
branch  2 taken 0% (fallthrough)
branch  3 taken 100%
        -:   49:    {
    #####:   50:        return -1;
        -:   51:    }
        -:   52:
        -:   53:    //set number of players
        1:   54:    state->numPlayers = numPlayers;
        -:   55:
        -:   56:    //check selected kingdom cards are different
       11:   57:    for (i = 0; i < 10; i++)
branch  0 taken 91%
branch  1 taken 9% (fallthrough)
        -:   58:    {
      110:   59:        for (j = 0; j < 10; j++)
branch  0 taken 91%
branch  1 taken 9% (fallthrough)
        -:   60:        {
      100:   61:            if (j != i && kingdomCards[j] == kingdomCards[i])
branch  0 taken 90% (fallthrough)
branch  1 taken 10%
branch  2 taken 0% (fallthrough)
branch  3 taken 100%
        -:   62:            {
    #####:   63:                return -1;
        -:   64:            }
        -:   65:        }
        -:   66:    }
        -:   67:
        -:   68:
        -:   69:    //initialize supply
        -:   70:    ///////////////////////////////
        -:   71:
        -:   72:    //set number of Curse cards
        1:   73:    if (numPlayers == 2)
branch  0 taken 100% (fallthrough)
branch  1 taken 0%
        -:   74:    {
        1:   75:        state->supplyCount[curse] = 10;
        -:   76:    }
    #####:   77:    else if (numPlayers == 3)
branch  0 never executed
branch  1 never executed
        -:   78:    {
    #####:   79:        state->supplyCount[curse] = 20;
        -:   80:    }
        -:   81:    else
        -:   82:    {
    #####:   83:        state->supplyCount[curse] = 30;
        -:   84:    }
        -:   85:
        -:   86:    //set number of Victory cards
        1:   87:    if (numPlayers == 2)
branch  0 taken 100% (fallthrough)
branch  1 taken 0%
        -:   88:    {
        1:   89:        state->supplyCount[estate] = 8;
        1:   90:        state->supplyCount[duchy] = 8;
        1:   91:        state->supplyCount[province] = 8;
        -:   92:    }
        -:   93:    else
        -:   94:    {
    #####:   95:        state->supplyCount[estate] = 12;
    #####:   96:        state->supplyCount[duchy] = 12;
    #####:   97:        state->supplyCount[province] = 12;
        -:   98:    }
        -:   99:
        -:  100:    //set number of Treasure cards
        1:  101:    state->supplyCount[copper] = 60 - (7 * numPlayers);
        1:  102:    state->supplyCount[silver] = 40;
        1:  103:    state->supplyCount[gold] = 30;
        -:  104:
        -:  105:    //set number of Kingdom cards
       21:  106:    for (i = adventurer; i <= treasure_map; i++)       	//loop all cards
branch  0 taken 95%
branch  1 taken 5% (fallthrough)
        -:  107:    {
      165:  108:        for (j = 0; j < 10; j++)           		//loop chosen cards
branch  0 taken 94%
branch  1 taken 6% (fallthrough)
        -:  109:        {
      155:  110:            if (kingdomCards[j] == i)
branch  0 taken 6% (fallthrough)
branch  1 taken 94%
        -:  111:            {
        -:  112:                //check if card is a 'Victory' Kingdom card
       10:  113:                if (kingdomCards[j] == great_hall || kingdomCards[j] == gardens)
branch  0 taken 100% (fallthrough)
branch  1 taken 0%
branch  2 taken 0% (fallthrough)
branch  3 taken 100%
        -:  114:                {
    #####:  115:                    if (numPlayers == 2) {
branch  0 never executed
branch  1 never executed
    #####:  116:                        state->supplyCount[i] = 8;
        -:  117:                    }
        -:  118:                    else {
    #####:  119:                        state->supplyCount[i] = 12;
        -:  120:                    }
        -:  121:                }
        -:  122:                else
        -:  123:                {
       10:  124:                    state->supplyCount[i] = 10;
        -:  125:                }
       10:  126:                break;
        -:  127:            }
        -:  128:            else    //card is not in the set choosen for the game
        -:  129:            {
      145:  130:                state->supplyCount[i] = -1;
        -:  131:            }
        -:  132:        }
        -:  133:
        -:  134:    }
        -:  135:
        -:  136:    ////////////////////////
        -:  137:    //supply intilization complete
        -:  138:
        -:  139:    //set player decks
        3:  140:    for (i = 0; i < numPlayers; i++)
branch  0 taken 67%
branch  1 taken 33% (fallthrough)
        -:  141:    {
        2:  142:        state->deckCount[i] = 0;
        8:  143:        for (j = 0; j < 3; j++)
branch  0 taken 75%
branch  1 taken 25% (fallthrough)
        -:  144:        {
        6:  145:            state->deck[i][j] = estate;
        6:  146:            state->deckCount[i]++;
        -:  147:        }
       16:  148:        for (j = 3; j < 10; j++)
branch  0 taken 88%
branch  1 taken 13% (fallthrough)
        -:  149:        {
       14:  150:            state->deck[i][j] = copper;
       14:  151:            state->deckCount[i]++;
        -:  152:        }
        -:  153:    }
        -:  154:
        -:  155:    //shuffle player decks
        3:  156:    for (i = 0; i < numPlayers; i++)
branch  0 taken 67%
branch  1 taken 33% (fallthrough)
        -:  157:    {
        2:  158:        if ( shuffle(i, state) < 0 )
call    0 returned 100%
branch  1 taken 0% (fallthrough)
branch  2 taken 100%
        -:  159:        {
    #####:  160:            return -1;
        -:  161:        }
        -:  162:    }
        -:  163:
        -:  164:    //draw player hands
        3:  165:    for (i = 0; i < numPlayers; i++)
branch  0 taken 67%
branch  1 taken 33% (fallthrough)
        -:  166:    {
        -:  167:        //initialize hand size to zero
        2:  168:        state->handCount[i] = 0;
        2:  169:        state->discardCount[i] = 0;
        -:  170:        //draw 5 cards
        -:  171:        // for (j = 0; j < 5; j++)
        -:  172:        //	{
        -:  173:        //	  drawCard(i, state);
        -:  174:        //	}
        -:  175:    }
        -:  176:
        -:  177:    //set embargo tokens to 0 for all supply piles
       28:  178:    for (i = 0; i <= treasure_map; i++)
branch  0 taken 96%
branch  1 taken 4% (fallthrough)
        -:  179:    {
       27:  180:        state->embargoTokens[i] = 0;
        -:  181:    }
        -:  182:
        -:  183:    //initialize first player's turn
        1:  184:    state->outpostPlayed = 0;
        1:  185:    state->phase = 0;
        1:  186:    state->numActions = 1;
        1:  187:    state->numBuys = 1;
        1:  188:    state->playedCardCount = 0;
        1:  189:    state->whoseTurn = 0;
        1:  190:    state->handCount[state->whoseTurn] = 0;
        -:  191:    //int it; move to top
        -:  192:
        -:  193:    //Moved draw cards to here, only drawing at the start of a turn
        6:  194:    for (it = 0; it < 5; it++) {
branch  0 taken 83%
branch  1 taken 17% (fallthrough)
        5:  195:        drawCard(state->whoseTurn, state);
call    0 returned 100%
        -:  196:    }
        -:  197:
        1:  198:    updateCoins(state->whoseTurn, state, 0);
call    0 returned 100%
        -:  199:
        1:  200:    return 0;
        -:  201:}
        -:  202:
function shuffle called 14 returned 100% blocks executed 94%
       14:  203:int shuffle(int player, struct gameState *state) {
        -:  204:
        -:  205:
        -:  206:    int newDeck[MAX_DECK];
       14:  207:    int newDeckPos = 0;
        -:  208:    int card;
        -:  209:    int i;
        -:  210:
       14:  211:    if (state->deckCount[player] < 1)
branch  0 taken 0% (fallthrough)
branch  1 taken 100%
    #####:  212:        return -1;
       14:  213:    qsort ((void*)(state->deck[player]), state->deckCount[player], sizeof(int), compare);
call    0 returned 100%
        -:  214:    /* SORT CARDS IN DECK TO ENSURE DETERMINISM! */
        -:  215:
       51:  216:    while (state->deckCount[player] > 0) {
branch  0 taken 73%
branch  1 taken 27% (fallthrough)
       37:  217:        card = floor(Random() * state->deckCount[player]);
call    0 returned 100%
       37:  218:        newDeck[newDeckPos] = state->deck[player][card];
       37:  219:        newDeckPos++;
       89:  220:        for (i = card; i < state->deckCount[player]-1; i++) {
branch  0 taken 58%
branch  1 taken 42% (fallthrough)
       52:  221:            state->deck[player][i] = state->deck[player][i+1];
        -:  222:        }
       37:  223:        state->deckCount[player]--;
        -:  224:    }
       51:  225:    for (i = 0; i < newDeckPos; i++) {
branch  0 taken 73%
branch  1 taken 27% (fallthrough)
       37:  226:        state->deck[player][i] = newDeck[i];
       37:  227:        state->deckCount[player]++;
        -:  228:    }
        -:  229:
       14:  230:    return 0;
        -:  231:}
        -:  232:
function playCard called 0 returned 0% blocks executed 0%
    #####:  233:int playCard(int handPos, int choice1, int choice2, int choice3, struct gameState *state)
        -:  234:{
        -:  235:    int card;
    #####:  236:    int coin_bonus = 0; 		//tracks coins gain from actions
        -:  237:
        -:  238:    //check if it is the right phase
    #####:  239:    if (state->phase != 0)
branch  0 never executed
branch  1 never executed
        -:  240:    {
    #####:  241:        return -1;
        -:  242:    }
        -:  243:
        -:  244:    //check if player has enough actions
    #####:  245:    if ( state->numActions < 1 )
branch  0 never executed
branch  1 never executed
        -:  246:    {
    #####:  247:        return -1;
        -:  248:    }
        -:  249:
        -:  250:    //get card played
    #####:  251:    card = handCard(handPos, state);
call    0 never executed
        -:  252:
        -:  253:    //check if selected card is an action
    #####:  254:    if ( card < adventurer || card > treasure_map )
branch  0 never executed
branch  1 never executed
branch  2 never executed
branch  3 never executed
        -:  255:    {
    #####:  256:        return -1;
        -:  257:    }
        -:  258:
        -:  259:    //play card
    #####:  260:    if ( cardEffect(card, choice1, choice2, choice3, state, handPos, &coin_bonus) < 0 )
call    0 never executed
branch  1 never executed
branch  2 never executed
        -:  261:    {
    #####:  262:        return -1;
        -:  263:    }
        -:  264:
        -:  265:    //reduce number of actions
    #####:  266:    state->numActions--;
        -:  267:
        -:  268:    //update coins (Treasure cards may be added with card draws)
    #####:  269:    updateCoins(state->whoseTurn, state, coin_bonus);
call    0 never executed
        -:  270:
    #####:  271:    return 0;
        -:  272:}
        -:  273:
function buyCard called 0 returned 0% blocks executed 0%
    #####:  274:int buyCard(int supplyPos, struct gameState *state) {
        -:  275:    int who;
        -:  276:    if (DEBUG) {
        -:  277:        printf("Entering buyCard...\n");
        -:  278:    }
        -:  279:
        -:  280:    // I don't know what to do about the phase thing.
        -:  281:
    #####:  282:    who = state->whoseTurn;
        -:  283:
    #####:  284:    if (state->numBuys < 1) {
branch  0 never executed
branch  1 never executed
        -:  285:        if (DEBUG)
        -:  286:            printf("You do not have any buys left\n");
    #####:  287:        return -1;
    #####:  288:    } else if (supplyCount(supplyPos, state) <1) {
call    0 never executed
branch  1 never executed
branch  2 never executed
        -:  289:        if (DEBUG)
        -:  290:            printf("There are not any of that type of card left\n");
    #####:  291:        return -1;
    #####:  292:    } else if (state->coins < getCost(supplyPos)) {
call    0 never executed
branch  1 never executed
branch  2 never executed
        -:  293:        if (DEBUG)
        -:  294:            printf("You do not have enough money to buy that. You have %d coins.\n", state->coins);
    #####:  295:        return -1;
        -:  296:    } else {
    #####:  297:        state->phase=1;
        -:  298:        //state->supplyCount[supplyPos]--;
    #####:  299:        gainCard(supplyPos, state, 0, who); //card goes in discard, this might be wrong.. (2 means goes into hand, 0 goes into discard)
call    0 never executed
        -:  300:
    #####:  301:        state->coins = (state->coins) - (getCost(supplyPos));
call    0 never executed
    #####:  302:        state->numBuys--;
        -:  303:        if (DEBUG)
        -:  304:            printf("You bought card number %d for %d coins. You now have %d buys and %d coins.\n", supplyPos, getCost(supplyPos), state->numBuys, state->coins);
        -:  305:    }
        -:  306:
        -:  307:    //state->discard[who][state->discardCount[who]] = supplyPos;
        -:  308:    //state->discardCount[who]++;
        -:  309:
    #####:  310:    return 0;
        -:  311:}
        -:  312:
function numHandCards called 0 returned 0% blocks executed 0%
    #####:  313:int numHandCards(struct gameState *state) {
    #####:  314:    return state->handCount[ whoseTurn(state) ];
call    0 never executed
        -:  315:}
        -:  316:
function handCard called 0 returned 0% blocks executed 0%
    #####:  317:int handCard(int handPos, struct gameState *state) {
    #####:  318:    int currentPlayer = whoseTurn(state);
call    0 never executed
    #####:  319:    return state->hand[currentPlayer][handPos];
        -:  320:}
        -:  321:
function supplyCount called 0 returned 0% blocks executed 0%
    #####:  322:int supplyCount(int card, struct gameState *state) {
    #####:  323:    return state->supplyCount[card];
        -:  324:}
        -:  325:
function fullDeckCount called 0 returned 0% blocks executed 0%
    #####:  326:int fullDeckCount(int player, int card, struct gameState *state) {
        -:  327:    int i;
    #####:  328:    int count = 0;
        -:  329:
    #####:  330:    for (i = 0; i < state->deckCount[player]; i++)
branch  0 never executed
branch  1 never executed
        -:  331:    {
    #####:  332:        if (state->deck[player][i] == card) count++;
branch  0 never executed
branch  1 never executed
        -:  333:    }
        -:  334:
    #####:  335:    for (i = 0; i < state->handCount[player]; i++)
branch  0 never executed
branch  1 never executed
        -:  336:    {
    #####:  337:        if (state->hand[player][i] == card) count++;
branch  0 never executed
branch  1 never executed
        -:  338:    }
        -:  339:
    #####:  340:    for (i = 0; i < state->discardCount[player]; i++)
branch  0 never executed
branch  1 never executed
        -:  341:    {
    #####:  342:        if (state->discard[player][i] == card) count++;
branch  0 never executed
branch  1 never executed
        -:  343:    }
        -:  344:
    #####:  345:    return count;
        -:  346:}
        -:  347:
function whoseTurn called 204 returned 100% blocks executed 100%
      204:  348:int whoseTurn(struct gameState *state) {
      204:  349:    return state->whoseTurn;
        -:  350:}
        -:  351:
function endTurn called 0 returned 0% blocks executed 0%
    #####:  352:int endTurn(struct gameState *state) {
        -:  353:    int k;
        -:  354:    int i;
    #####:  355:    int currentPlayer = whoseTurn(state);
call    0 never executed
        -:  356:
        -:  357:    //Discard hand
    #####:  358:    for (i = 0; i < state->handCount[currentPlayer]; i++) {
branch  0 never executed
branch  1 never executed
    #####:  359:        state->discard[currentPlayer][state->discardCount[currentPlayer]++] = state->hand[currentPlayer][i];//Discard
    #####:  360:        state->hand[currentPlayer][i] = -1;//Set card to -1
        -:  361:    }
    #####:  362:    state->handCount[currentPlayer] = 0;//Reset hand count
        -:  363:
        -:  364:    //Code for determining the player
    #####:  365:    if (currentPlayer < (state->numPlayers - 1)) {
branch  0 never executed
branch  1 never executed
    #####:  366:        state->whoseTurn = currentPlayer + 1;//Still safe to increment
        -:  367:    }
        -:  368:    else {
    #####:  369:        state->whoseTurn = 0;//Max player has been reached, loop back around to player 1
        -:  370:    }
        -:  371:
    #####:  372:    state->outpostPlayed = 0;
    #####:  373:    state->phase = 0;
    #####:  374:    state->numActions = 1;
    #####:  375:    state->coins = 0;
    #####:  376:    state->numBuys = 1;
    #####:  377:    state->playedCardCount = 0;
    #####:  378:    state->handCount[state->whoseTurn] = 0;
        -:  379:
        -:  380:    //int k; move to top
        -:  381:    //Next player draws hand
    #####:  382:    for (k = 0; k < 5; k++) {
branch  0 never executed
branch  1 never executed
    #####:  383:        drawCard(state->whoseTurn, state);//Draw a card
call    0 never executed
        -:  384:    }
        -:  385:
        -:  386:    //Update money
    #####:  387:    updateCoins(state->whoseTurn, state, 0);
call    0 never executed
        -:  388:
    #####:  389:    return 0;
        -:  390:}
        -:  391:
function isGameOver called 0 returned 0% blocks executed 0%
    #####:  392:int isGameOver(struct gameState *state) {
        -:  393:    int i;
        -:  394:    int j;
        -:  395:
        -:  396:    //if stack of Province cards is empty, the game ends
    #####:  397:    if (state->supplyCount[province] == 0)
branch  0 never executed
branch  1 never executed
        -:  398:    {
    #####:  399:        return 1;
        -:  400:    }
        -:  401:
        -:  402:    //if three supply pile are at 0, the game ends
    #####:  403:    j = 0;
    #####:  404:    for (i = 0; i < 25; i++)
branch  0 never executed
branch  1 never executed
        -:  405:    {
    #####:  406:        if (state->supplyCount[i] == 0)
branch  0 never executed
branch  1 never executed
        -:  407:        {
    #####:  408:            j++;
        -:  409:        }
        -:  410:    }
    #####:  411:    if ( j >= 3)
branch  0 never executed
branch  1 never executed
        -:  412:    {
    #####:  413:        return 1;
        -:  414:    }
        -:  415:
    #####:  416:    return 0;
        -:  417:}
        -:  418:
function scoreFor called 0 returned 0% blocks executed 0%
    #####:  419:int scoreFor (int player, struct gameState *state) {
        -:  420:
        -:  421:    int i;
    #####:  422:    int score = 0;
        -:  423:    //score from hand
    #####:  424:    for (i = 0; i < state->handCount[player]; i++)
branch  0 never executed
branch  1 never executed
        -:  425:    {
    #####:  426:        if (state->hand[player][i] == curse) {
branch  0 never executed
branch  1 never executed
    #####:  427:            score = score - 1;
        -:  428:        };
    #####:  429:        if (state->hand[player][i] == estate) {
branch  0 never executed
branch  1 never executed
    #####:  430:            score = score + 1;
        -:  431:        };
    #####:  432:        if (state->hand[player][i] == duchy) {
branch  0 never executed
branch  1 never executed
    #####:  433:            score = score + 3;
        -:  434:        };
    #####:  435:        if (state->hand[player][i] == province) {
branch  0 never executed
branch  1 never executed
    #####:  436:            score = score + 6;
        -:  437:        };
    #####:  438:        if (state->hand[player][i] == great_hall) {
branch  0 never executed
branch  1 never executed
    #####:  439:            score = score + 1;
        -:  440:        };
    #####:  441:        if (state->hand[player][i] == gardens) {
branch  0 never executed
branch  1 never executed
    #####:  442:            score = score + ( fullDeckCount(player, 0, state) / 10 );
call    0 never executed
        -:  443:        };
        -:  444:    }
        -:  445:
        -:  446:    //score from discard
    #####:  447:    for (i = 0; i < state->discardCount[player]; i++)
branch  0 never executed
branch  1 never executed
        -:  448:    {
    #####:  449:        if (state->discard[player][i] == curse) {
branch  0 never executed
branch  1 never executed
    #####:  450:            score = score - 1;
        -:  451:        };
    #####:  452:        if (state->discard[player][i] == estate) {
branch  0 never executed
branch  1 never executed
    #####:  453:            score = score + 1;
        -:  454:        };
    #####:  455:        if (state->discard[player][i] == duchy) {
branch  0 never executed
branch  1 never executed
    #####:  456:            score = score + 3;
        -:  457:        };
    #####:  458:        if (state->discard[player][i] == province) {
branch  0 never executed
branch  1 never executed
    #####:  459:            score = score + 6;
        -:  460:        };
    #####:  461:        if (state->discard[player][i] == great_hall) {
branch  0 never executed
branch  1 never executed
    #####:  462:            score = score + 1;
        -:  463:        };
    #####:  464:        if (state->discard[player][i] == gardens) {
branch  0 never executed
branch  1 never executed
    #####:  465:            score = score + ( fullDeckCount(player, 0, state) / 10 );
call    0 never executed
        -:  466:        };
        -:  467:    }
        -:  468:
        -:  469:    //score from deck
    #####:  470:    for (i = 0; i < state->discardCount[player]; i++)
branch  0 never executed
branch  1 never executed
        -:  471:    {
    #####:  472:        if (state->deck[player][i] == curse) {
branch  0 never executed
branch  1 never executed
    #####:  473:            score = score - 1;
        -:  474:        };
    #####:  475:        if (state->deck[player][i] == estate) {
branch  0 never executed
branch  1 never executed
    #####:  476:            score = score + 1;
        -:  477:        };
    #####:  478:        if (state->deck[player][i] == duchy) {
branch  0 never executed
branch  1 never executed
    #####:  479:            score = score + 3;
        -:  480:        };
    #####:  481:        if (state->deck[player][i] == province) {
branch  0 never executed
branch  1 never executed
    #####:  482:            score = score + 6;
        -:  483:        };
    #####:  484:        if (state->deck[player][i] == great_hall) {
branch  0 never executed
branch  1 never executed
    #####:  485:            score = score + 1;
        -:  486:        };
    #####:  487:        if (state->deck[player][i] == gardens) {
branch  0 never executed
branch  1 never executed
    #####:  488:            score = score + ( fullDeckCount(player, 0, state) / 10 );
call    0 never executed
        -:  489:        };
        -:  490:    }
        -:  491:
    #####:  492:    return score;
        -:  493:}
        -:  494:
function getWinners called 0 returned 0% blocks executed 0%
    #####:  495:int getWinners(int players[MAX_PLAYERS], struct gameState *state) {
        -:  496:    int i;
        -:  497:    int j;
        -:  498:    int highScore;
        -:  499:    int currentPlayer;
        -:  500:
        -:  501:    //get score for each player
    #####:  502:    for (i = 0; i < MAX_PLAYERS; i++)
branch  0 never executed
branch  1 never executed
        -:  503:    {
        -:  504:        //set unused player scores to -9999
    #####:  505:        if (i >= state->numPlayers)
branch  0 never executed
branch  1 never executed
        -:  506:        {
    #####:  507:            players[i] = -9999;
        -:  508:        }
        -:  509:        else
        -:  510:        {
    #####:  511:            players[i] = scoreFor (i, state);
call    0 never executed
        -:  512:        }
        -:  513:    }
        -:  514:
        -:  515:    //find highest score
    #####:  516:    j = 0;
    #####:  517:    for (i = 0; i < MAX_PLAYERS; i++)
branch  0 never executed
branch  1 never executed
        -:  518:    {
    #####:  519:        if (players[i] > players[j])
branch  0 never executed
branch  1 never executed
        -:  520:        {
    #####:  521:            j = i;
        -:  522:        }
        -:  523:    }
    #####:  524:    highScore = players[j];
        -:  525:
        -:  526:    //add 1 to players who had less turns
    #####:  527:    currentPlayer = whoseTurn(state);
call    0 never executed
    #####:  528:    for (i = 0; i < MAX_PLAYERS; i++)
branch  0 never executed
branch  1 never executed
        -:  529:    {
    #####:  530:        if ( players[i] == highScore && i > currentPlayer )
branch  0 never executed
branch  1 never executed
branch  2 never executed
branch  3 never executed
        -:  531:        {
    #####:  532:            players[i]++;
        -:  533:        }
        -:  534:    }
        -:  535:
        -:  536:    //find new highest score
    #####:  537:    j = 0;
    #####:  538:    for (i = 0; i < MAX_PLAYERS; i++)
branch  0 never executed
branch  1 never executed
        -:  539:    {
    #####:  540:        if ( players[i] > players[j] )
branch  0 never executed
branch  1 never executed
        -:  541:        {
    #####:  542:            j = i;
        -:  543:        }
        -:  544:    }
    #####:  545:    highScore = players[j];
        -:  546:
        -:  547:    //set winners in array to 1 and rest to 0
    #####:  548:    for (i = 0; i < MAX_PLAYERS; i++)
branch  0 never executed
branch  1 never executed
        -:  549:    {
    #####:  550:        if ( players[i] == highScore )
branch  0 never executed
branch  1 never executed
        -:  551:        {
    #####:  552:            players[i] = 1;
        -:  553:        }
        -:  554:        else
        -:  555:        {
    #####:  556:            players[i] = 0;
        -:  557:        }
        -:  558:    }
        -:  559:
    #####:  560:    return 0;
        -:  561:}
        -:  562:
function drawCard called 53 returned 100% blocks executed 38%
       53:  563:int drawCard(int player, struct gameState *state)
        -:  564:{   int count;
        -:  565:    int deckCounter;
       53:  566:    if (state->deckCount[player] <= 0) { //Deck is empty
branch  0 taken 0% (fallthrough)
branch  1 taken 100%
        -:  567:
        -:  568:        //Step 1 Shuffle the discard pile back into a deck
        -:  569:        int i;
        -:  570:        //Move discard to deck
    #####:  571:        for (i = 0; i < state->discardCount[player]; i++) {
branch  0 never executed
branch  1 never executed
    #####:  572:            state->deck[player][i] = state->discard[player][i];
    #####:  573:            state->discard[player][i] = -1;
        -:  574:        }
        -:  575:
    #####:  576:        state->deckCount[player] = state->discardCount[player];
    #####:  577:        state->discardCount[player] = 0;//Reset discard
        -:  578:
        -:  579:        //Shufffle the deck
    #####:  580:        shuffle(player, state);//Shuffle the deck up and make it so that we can draw
call    0 never executed
        -:  581:
        -:  582:        if (DEBUG) { //Debug statements
        -:  583:            printf("Deck count now: %d\n", state->deckCount[player]);
        -:  584:        }
        -:  585:
    #####:  586:        state->discardCount[player] = 0;
        -:  587:
        -:  588:        //Step 2 Draw Card
    #####:  589:        count = state->handCount[player];//Get current player's hand count
        -:  590:
        -:  591:        if (DEBUG) { //Debug statements
        -:  592:            printf("Current hand count: %d\n", count);
        -:  593:        }
        -:  594:
    #####:  595:        deckCounter = state->deckCount[player];//Create a holder for the deck count
        -:  596:
    #####:  597:        if (deckCounter == 0)
branch  0 never executed
branch  1 never executed
    #####:  598:            return -1;
        -:  599:
    #####:  600:        state->hand[player][count] = state->deck[player][deckCounter - 1];//Add card to hand
    #####:  601:        state->deckCount[player]--;
    #####:  602:        state->handCount[player]++;//Increment hand count
        -:  603:    }
        -:  604:
        -:  605:    else {
       53:  606:        int count = state->handCount[player];//Get current hand count for player
        -:  607:        int deckCounter;
        -:  608:        if (DEBUG) { //Debug statements
        -:  609:            printf("Current hand count: %d\n", count);
        -:  610:        }
        -:  611:
       53:  612:        deckCounter = state->deckCount[player];//Create holder for the deck count
       53:  613:        state->hand[player][count] = state->deck[player][deckCounter - 1];//Add card to the hand
       53:  614:        state->deckCount[player]--;
       53:  615:        state->handCount[player]++;//Increment hand count
        -:  616:    }
        -:  617:
       53:  618:    return 0;
        -:  619:}
        -:  620:
function getCost called 0 returned 0% blocks executed 0%
    #####:  621:int getCost(int cardNumber)
        -:  622:{
    #####:  623:    switch( cardNumber )
branch  0 never executed
branch  1 never executed
branch  2 never executed
branch  3 never executed
branch  4 never executed
branch  5 never executed
branch  6 never executed
branch  7 never executed
branch  8 never executed
branch  9 never executed
branch 10 never executed
branch 11 never executed
branch 12 never executed
branch 13 never executed
branch 14 never executed
branch 15 never executed
branch 16 never executed
branch 17 never executed
branch 18 never executed
branch 19 never executed
branch 20 never executed
branch 21 never executed
branch 22 never executed
branch 23 never executed
branch 24 never executed
branch 25 never executed
branch 26 never executed
branch 27 never executed
        -:  624:    {
    #####:  625:    case curse:
    #####:  626:        return 0;
    #####:  627:    case estate:
    #####:  628:        return 2;
    #####:  629:    case duchy:
    #####:  630:        return 5;
    #####:  631:    case province:
    #####:  632:        return 8;
    #####:  633:    case copper:
    #####:  634:        return 0;
    #####:  635:    case silver:
    #####:  636:        return 3;
    #####:  637:    case gold:
    #####:  638:        return 6;
    #####:  639:    case adventurer:
    #####:  640:        return 6;
    #####:  641:    case council_room:
    #####:  642:        return 5;
    #####:  643:    case feast:
    #####:  644:        return 4;
    #####:  645:    case gardens:
    #####:  646:        return 4;
    #####:  647:    case mine:
    #####:  648:        return 5;
    #####:  649:    case remodel:
    #####:  650:        return 4;
    #####:  651:    case smithy:
    #####:  652:        return 4;
    #####:  653:    case village:
    #####:  654:        return 3;
    #####:  655:    case baron:
    #####:  656:        return 4;
    #####:  657:    case great_hall:
    #####:  658:        return 3;
    #####:  659:    case minion:
    #####:  660:        return 5;
    #####:  661:    case steward:
    #####:  662:        return 3;
    #####:  663:    case tribute:
    #####:  664:        return 5;
    #####:  665:    case ambassador:
    #####:  666:        return 3;
    #####:  667:    case cutpurse:
    #####:  668:        return 4;
    #####:  669:    case embargo:
    #####:  670:        return 2;
    #####:  671:    case outpost:
    #####:  672:        return 5;
    #####:  673:    case salvager:
    #####:  674:        return 4;
    #####:  675:    case sea_hag:
    #####:  676:        return 4;
    #####:  677:    case treasure_map:
    #####:  678:        return 4;
        -:  679:    }
        -:  680:
    #####:  681:    return -1;
        -:  682:}
        -:  683:
function cardEffect called 102 returned 100% blocks executed 4%
      102:  684:int cardEffect(int card, int choice1, int choice2, int choice3, struct gameState *state, int handPos, int *bonus)
        -:  685:{
        -:  686:    int i;
        -:  687:    int j;
        -:  688:    int k;
        -:  689:    int x;
        -:  690:    int index;
      102:  691:    int currentPlayer = whoseTurn(state);
call    0 returned 100%
      102:  692:    int nextPlayer = currentPlayer + 1;
        -:  693:
      102:  694:    int tributeRevealedCards[2] = {-1, -1};
        -:  695:    int temphand[MAX_HAND];// moved above the if statement
      102:  696:    int drawntreasure=0;
        -:  697:    int cardDrawn;
      102:  698:    int z = 0;// this is the counter for the temp hand
      102:  699:    if (nextPlayer > (state->numPlayers - 1)) {
branch  0 taken 0% (fallthrough)
branch  1 taken 100%
    #####:  700:        nextPlayer = 0;
        -:  701:    }
        -:  702:
        -:  703:
        -:  704:    //uses switch to select card and perform actions
      102:  705:    switch( card )
branch  0 taken 0%
branch  1 taken 0%
branch  2 taken 0%
branch  3 taken 0%
branch  4 taken 0%
branch  5 taken 0%
branch  6 taken 0%
branch  7 taken 0%
branch  8 taken 0%
branch  9 taken 0%
branch 10 taken 0%
branch 11 taken 0%
branch 12 taken 100%
branch 13 taken 0%
branch 14 taken 0%
branch 15 taken 0%
branch 16 taken 0%
branch 17 taken 0%
branch 18 taken 0%
branch 19 taken 0%
branch 20 taken 0%
        -:  706:    {
    #####:  707:    case adventurer:
    #####:  708:        while(drawntreasure<2) {
branch  0 never executed
branch  1 never executed
    #####:  709:            if (state->deckCount[currentPlayer] <1) { //if the deck is empty we need to shuffle discard and add to deck
branch  0 never executed
branch  1 never executed
    #####:  710:                shuffle(currentPlayer, state);
call    0 never executed
        -:  711:            }
    #####:  712:            drawCard(currentPlayer, state);
call    0 never executed
    #####:  713:            cardDrawn = state->hand[currentPlayer][state->handCount[currentPlayer]-1];//top card of hand is most recently drawn card.
    #####:  714:            if (cardDrawn == copper || cardDrawn == silver || cardDrawn == gold)
branch  0 never executed
branch  1 never executed
branch  2 never executed
branch  3 never executed
branch  4 never executed
branch  5 never executed
    #####:  715:                drawntreasure++;
        -:  716:            else {
    #####:  717:                temphand[z]=cardDrawn;
    #####:  718:                state->handCount[currentPlayer]--; //this should just remove the top card (the most recently drawn one).
    #####:  719:                z++;
        -:  720:            }
        -:  721:        }
    #####:  722:        while(z-1>=0) {
branch  0 never executed
branch  1 never executed
    #####:  723:            state->discard[currentPlayer][state->discardCount[currentPlayer]++]=temphand[z-1]; // discard all cards in play that have been drawn
    #####:  724:            z=z-1;
        -:  725:        }
    #####:  726:        return 0;
        -:  727:
    #####:  728:    case council_room:
        -:  729:        //+4 Cards
    #####:  730:        for (i = 0; i < 4; i++)
branch  0 never executed
branch  1 never executed
        -:  731:        {
    #####:  732:            drawCard(currentPlayer, state);
call    0 never executed
        -:  733:        }
        -:  734:
        -:  735:        //+1 Buy
    #####:  736:        state->numBuys++;
        -:  737:
        -:  738:        //Each other player draws a card
    #####:  739:        for (i = 0; i < state->numPlayers; i++)
branch  0 never executed
branch  1 never executed
        -:  740:        {
    #####:  741:            if ( i != currentPlayer )
branch  0 never executed
branch  1 never executed
        -:  742:            {
    #####:  743:                drawCard(i, state);
call    0 never executed
        -:  744:            }
        -:  745:        }
        -:  746:
        -:  747:        //put played card in played card pile
    #####:  748:        discardCard(handPos, currentPlayer, state, 0);
call    0 never executed
        -:  749:
    #####:  750:        return 0;
        -:  751:
    #####:  752:    case feast:
        -:  753:        //gain card with cost up to 5
        -:  754:        //Backup hand
    #####:  755:        for (i = 0; i <= state->handCount[currentPlayer]; i++) {
branch  0 never executed
branch  1 never executed
    #####:  756:            temphand[i] = state->hand[currentPlayer][i];//Backup card
    #####:  757:            state->hand[currentPlayer][i] = -1;//Set to nothing
        -:  758:        }
        -:  759:        //Backup hand
        -:  760:
        -:  761:        //Update Coins for Buy
    #####:  762:        updateCoins(currentPlayer, state, 5);
call    0 never executed
    #####:  763:        x = 1;//Condition to loop on
    #####:  764:        while( x == 1) {//Buy one card
branch  0 never executed
branch  1 never executed
    #####:  765:            if (supplyCount(choice1, state) <= 0) {
call    0 never executed
branch  1 never executed
branch  2 never executed
        -:  766:                if (DEBUG)
        -:  767:                    printf("None of that card left, sorry!\n");
        -:  768:
        -:  769:                if (DEBUG) {
        -:  770:                    printf("Cards Left: %d\n", supplyCount(choice1, state));
        -:  771:                }
        -:  772:            }
    #####:  773:            else if (state->coins < getCost(choice1)) {
call    0 never executed
branch  1 never executed
branch  2 never executed
    #####:  774:                printf("That card is too expensive!\n");
call    0 never executed
        -:  775:
        -:  776:                if (DEBUG) {
        -:  777:                    printf("Coins: %d < %d\n", state->coins, getCost(choice1));
        -:  778:                }
        -:  779:            }
        -:  780:            else {
        -:  781:
        -:  782:                if (DEBUG) {
        -:  783:                    printf("Deck Count: %d\n", state->handCount[currentPlayer] + state->deckCount[currentPlayer] + state->discardCount[currentPlayer]);
        -:  784:                }
        -:  785:
    #####:  786:                gainCard(choice1, state, 0, currentPlayer);//Gain the card
call    0 never executed
    #####:  787:                x = 0;//No more buying cards
        -:  788:
        -:  789:                if (DEBUG) {
        -:  790:                    printf("Deck Count: %d\n", state->handCount[currentPlayer] + state->deckCount[currentPlayer] + state->discardCount[currentPlayer]);
        -:  791:                }
        -:  792:
        -:  793:            }
        -:  794:        }
        -:  795:
        -:  796:        //Reset Hand
    #####:  797:        for (i = 0; i <= state->handCount[currentPlayer]; i++) {
branch  0 never executed
branch  1 never executed
    #####:  798:            state->hand[currentPlayer][i] = temphand[i];
    #####:  799:            temphand[i] = -1;
        -:  800:        }
        -:  801:        //Reset Hand
        -:  802:
    #####:  803:        return 0;
        -:  804:
    #####:  805:    case gardens:
    #####:  806:        return -1;
        -:  807:
    #####:  808:    case mine:
    #####:  809:        return cardEffectMine(choice1, choice2, state, handPos, currentPlayer);
call    0 never executed
        -:  810:
        -:  811:
    #####:  812:    case remodel:
    #####:  813:        j = state->hand[currentPlayer][choice1];  //store card we will trash
        -:  814:
    #####:  815:        if ( (getCost(state->hand[currentPlayer][choice1]) + 2) > getCost(choice2) )
call    0 never executed
call    1 never executed
branch  2 never executed
branch  3 never executed
        -:  816:        {
    #####:  817:            return -1;
        -:  818:        }
        -:  819:
    #####:  820:        gainCard(choice2, state, 0, currentPlayer);
call    0 never executed
        -:  821:
        -:  822:        //discard card from hand
    #####:  823:        discardCard(handPos, currentPlayer, state, 0);
call    0 never executed
        -:  824:
        -:  825:        //discard trashed card
    #####:  826:        for (i = 0; i < state->handCount[currentPlayer]; i++)
branch  0 never executed
branch  1 never executed
        -:  827:        {
    #####:  828:            if (state->hand[currentPlayer][i] == j)
branch  0 never executed
branch  1 never executed
        -:  829:            {
    #####:  830:                discardCard(i, currentPlayer, state, 0);
call    0 never executed
    #####:  831:                break;
        -:  832:            }
        -:  833:        }
        -:  834:
        -:  835:
    #####:  836:        return 0;
        -:  837:
    #####:  838:    case smithy:
        -:  839:        //+3 Cards
    #####:  840:        for (i = 0; i < 3; i++)
branch  0 never executed
branch  1 never executed
        -:  841:        {
    #####:  842:            drawCard(currentPlayer, state);
call    0 never executed
        -:  843:        }
        -:  844:
        -:  845:        //discard card from hand
    #####:  846:        discardCard(handPos, currentPlayer, state, 0);
call    0 never executed
    #####:  847:        return 0;
        -:  848:
    #####:  849:    case village:
        -:  850:        //+1 Card
    #####:  851:        drawCard(currentPlayer, state);
call    0 never executed
        -:  852:
        -:  853:        //+2 Actions
    #####:  854:        state->numActions = state->numActions + 2;
        -:  855:
        -:  856:        //discard played card from hand
    #####:  857:        discardCard(handPos, currentPlayer, state, 0);
call    0 never executed
    #####:  858:        return 0;
        -:  859:
    #####:  860:    case baron:
    #####:  861:        return cardEffectBaron(choice1, state, currentPlayer);
call    0 never executed
        -:  862:
    #####:  863:    case great_hall:
        -:  864:        //+1 Card
    #####:  865:        drawCard(currentPlayer, state);
call    0 never executed
        -:  866:
        -:  867:        //+1 Actions
    #####:  868:        state->numActions++;
        -:  869:
        -:  870:        //discard card from hand
    #####:  871:        discardCard(handPos, currentPlayer, state, 0);
call    0 never executed
    #####:  872:        return 0;
        -:  873:
    #####:  874:    case minion:
    #####:  875:        return cardEffectMinion(choice1, choice2, state, handPos, currentPlayer);
call    0 never executed
        -:  876:   
        -:  877:
    #####:  878:    case steward:
    #####:  879:        if (choice1 == 1)
branch  0 never executed
branch  1 never executed
        -:  880:        {
        -:  881:            //+2 cards
    #####:  882:            drawCard(currentPlayer, state);
call    0 never executed
    #####:  883:            drawCard(currentPlayer, state);
call    0 never executed
        -:  884:        }
    #####:  885:        else if (choice1 == 2)
branch  0 never executed
branch  1 never executed
        -:  886:        {
        -:  887:            //+2 coins
    #####:  888:            state->coins = state->coins + 2;
        -:  889:        }
        -:  890:        else
        -:  891:        {
        -:  892:            //trash 2 cards in hand
    #####:  893:            discardCard(choice2, currentPlayer, state, 1);
call    0 never executed
    #####:  894:            discardCard(choice3, currentPlayer, state, 1);
call    0 never executed
        -:  895:        }
        -:  896:
        -:  897:        //discard card from hand
    #####:  898:        discardCard(handPos, currentPlayer, state, 0);
call    0 never executed
    #####:  899:        return 0;
        -:  900:
      102:  901:    case tribute:
      102:  902:        return cardEffectTribute(state, tributeRevealedCards, nextPlayer);
call    0 returned 100%
        -:  903:
    #####:  904:    case ambassador:
    #####:  905:        return cardEffectAmbasssador(choice1, choice2, state, handPos, currentPlayer);
call    0 never executed
        -:  906:
    #####:  907:    case cutpurse:
        -:  908:
    #####:  909:        updateCoins(currentPlayer, state, 2);
call    0 never executed
    #####:  910:        for (i = 0; i < state->numPlayers; i++)
branch  0 never executed
branch  1 never executed
        -:  911:        {
    #####:  912:            if (i != currentPlayer)
branch  0 never executed
branch  1 never executed
        -:  913:            {
    #####:  914:                for (j = 0; j < state->handCount[i]; j++)
branch  0 never executed
branch  1 never executed
        -:  915:                {
    #####:  916:                    if (state->hand[i][j] == copper)
branch  0 never executed
branch  1 never executed
        -:  917:                    {
    #####:  918:                        discardCard(j, i, state, 0);
call    0 never executed
    #####:  919:                        break;
        -:  920:                    }
    #####:  921:                    if (j == state->handCount[i])
branch  0 never executed
branch  1 never executed
        -:  922:                    {
    #####:  923:                        for (k = 0; k < state->handCount[i]; k++)
branch  0 never executed
branch  1 never executed
        -:  924:                        {
        -:  925:                            if (DEBUG)
        -:  926:                                printf("Player %d reveals card number %d\n", i, state->hand[i][k]);
        -:  927:                        }
    #####:  928:                        break;
        -:  929:                    }
        -:  930:                }
        -:  931:
        -:  932:            }
        -:  933:
        -:  934:        }
        -:  935:
        -:  936:        //discard played card from hand
    #####:  937:        discardCard(handPos, currentPlayer, state, 0);
call    0 never executed
        -:  938:
    #####:  939:        return 0;
        -:  940:
        -:  941:
    #####:  942:    case embargo:
        -:  943:        //+2 Coins
    #####:  944:        state->coins = state->coins + 2;
        -:  945:
        -:  946:        //see if selected pile is in play
    #####:  947:        if ( state->supplyCount[choice1] == -1 )
branch  0 never executed
branch  1 never executed
        -:  948:        {
    #####:  949:            return -1;
        -:  950:        }
        -:  951:
        -:  952:        //add embargo token to selected supply pile
    #####:  953:        state->embargoTokens[choice1]++;
        -:  954:
        -:  955:        //trash card
    #####:  956:        discardCard(handPos, currentPlayer, state, 1);
call    0 never executed
    #####:  957:        return 0;
        -:  958:
    #####:  959:    case outpost:
        -:  960:        //set outpost flag
    #####:  961:        state->outpostPlayed++;
        -:  962:
        -:  963:        //discard card
    #####:  964:        discardCard(handPos, currentPlayer, state, 0);
call    0 never executed
    #####:  965:        return 0;
        -:  966:
    #####:  967:    case salvager:
        -:  968:        //+1 buy
    #####:  969:        state->numBuys++;
        -:  970:
    #####:  971:        if (choice1)
branch  0 never executed
branch  1 never executed
        -:  972:        {
        -:  973:            //gain coins equal to trashed card
    #####:  974:            state->coins = state->coins + getCost( handCard(choice1, state) );
call    0 never executed
call    1 never executed
        -:  975:            //trash card
    #####:  976:            discardCard(choice1, currentPlayer, state, 1);
call    0 never executed
        -:  977:        }
        -:  978:
        -:  979:        //discard card
    #####:  980:        discardCard(handPos, currentPlayer, state, 0);
call    0 never executed
    #####:  981:        return 0;
        -:  982:
    #####:  983:    case sea_hag:
    #####:  984:        for (i = 0; i < state->numPlayers; i++) {
branch  0 never executed
branch  1 never executed
    #####:  985:            if (i != currentPlayer) {
branch  0 never executed
branch  1 never executed
    #####:  986:                state->discard[i][state->discardCount[i]] = state->deck[i][state->deckCount[i]--];
    #####:  987:                state->deckCount[i]--;
    #####:  988:                state->discardCount[i]++;
    #####:  989:                state->deck[i][state->deckCount[i]--] = curse;//Top card now a curse
        -:  990:            }
        -:  991:        }
    #####:  992:        return 0;
        -:  993:
    #####:  994:    case treasure_map:
        -:  995:        //search hand for another treasure_map
    #####:  996:        index = -1;
    #####:  997:        for (i = 0; i < state->handCount[currentPlayer]; i++)
branch  0 never executed
branch  1 never executed
        -:  998:        {
    #####:  999:            if (state->hand[currentPlayer][i] == treasure_map && i != handPos)
branch  0 never executed
branch  1 never executed
branch  2 never executed
branch  3 never executed
        -: 1000:            {
    #####: 1001:                index = i;
    #####: 1002:                break;
        -: 1003:            }
        -: 1004:        }
    #####: 1005:        if (index > -1)
branch  0 never executed
branch  1 never executed
        -: 1006:        {
        -: 1007:            //trash both treasure cards
    #####: 1008:            discardCard(handPos, currentPlayer, state, 1);
call    0 never executed
    #####: 1009:            discardCard(index, currentPlayer, state, 1);
call    0 never executed
        -: 1010:
        -: 1011:            //gain 4 Gold cards
    #####: 1012:            for (i = 0; i < 4; i++)
branch  0 never executed
branch  1 never executed
        -: 1013:            {
    #####: 1014:                gainCard(gold, state, 1, currentPlayer);
call    0 never executed
        -: 1015:            }
        -: 1016:
        -: 1017:            //return success
    #####: 1018:            return 1;
        -: 1019:        }
        -: 1020:
        -: 1021:        //no second treasure_map found in hand
    #####: 1022:        return -1;
        -: 1023:    }
        -: 1024:
    #####: 1025:    return -1;
        -: 1026:}
        -: 1027:
function cardEffectBaron called 0 returned 0% blocks executed 0%
    #####: 1028:int cardEffectBaron(int choice1, struct gameState *state, int currentPlayer)
        -: 1029:{
        -: 1030:    state->numBuys;//Increase buys by 1!
        -: 1031:    
    #####: 1032:    if (choice1 > 0) { //Boolean true or going to discard an estate
branch  0 never executed
branch  1 never executed
    #####: 1033:        int p = 0;//Iterator for hand!
    #####: 1034:        int card_not_discarded = 1;//Flag for discard set!
    #####: 1035:        while(card_not_discarded) {
branch  0 never executed
branch  1 never executed
    #####: 1036:            if (state->hand[currentPlayer][p] == estate) { //Found an estate card!
branch  0 never executed
branch  1 never executed
    #####: 1037:                state->coins += 4;//Add 4 coins to the amount of coins
    #####: 1038:                state->discard[currentPlayer][state->discardCount[currentPlayer]] = state->hand[currentPlayer][p];
    #####: 1039:                state->discardCount[currentPlayer]++;
    #####: 1040:                for (; p < state->handCount[currentPlayer]; p++) {
branch  0 never executed
branch  1 never executed
    #####: 1041:                    state->hand[currentPlayer][p] = state->hand[currentPlayer][p+1];
        -: 1042:                }
    #####: 1043:                state->hand[currentPlayer][state->handCount[currentPlayer]] = -1;
    #####: 1044:                state->handCount[currentPlayer]--;
    #####: 1045:                card_not_discarded = 0;//Exit the loop
        -: 1046:            }
    #####: 1047:            else if (p > state->handCount[currentPlayer]) {
branch  0 never executed
branch  1 never executed
        -: 1048:                if(DEBUG) {
        -: 1049:                    printf("No estate cards in your hand, invalid choice\n");
        -: 1050:                    printf("Must gain an estate if there are any\n");
        -: 1051:                }
    #####: 1052:                if (supplyCount(estate, state) > 0) {
call    0 never executed
branch  1 never executed
branch  2 never executed
    #####: 1053:                    gainCard(estate, state, 0, currentPlayer);
call    0 never executed
        -: 1054:
    #####: 1055:                    state->supplyCount[estate]--;//Decrement estates
    #####: 1056:                    if (supplyCount(estate, state) == 0) {
call    0 never executed
branch  1 never executed
branch  2 never executed
    #####: 1057:                        isGameOver(state);
call    0 never executed
        -: 1058:                    }
        -: 1059:                }
    #####: 1060:                card_not_discarded = 0;//Exit the loop
        -: 1061:            }
        -: 1062:
        -: 1063:            else {
    #####: 1064:                p++;//Next card
        -: 1065:            }
        -: 1066:        }
        -: 1067:    }
        -: 1068:
        -: 1069:    else {
    #####: 1070:        if (supplyCount(estate, state) > 0) {
call    0 never executed
branch  1 never executed
branch  2 never executed
    #####: 1071:            gainCard(estate, state, 2, currentPlayer);//Gain an estate
call    0 never executed
        -: 1072:
    #####: 1073:            state->supplyCount[estate]--;//Decrement Estates
    #####: 1074:            if (supplyCount(estate, state) == 0) {
call    0 never executed
branch  1 never executed
branch  2 never executed
    #####: 1075:                isGameOver(state);
call    0 never executed
        -: 1076:            }
        -: 1077:        }
        -: 1078:    }
        -: 1079:
    #####: 1080:    return 0;
        -: 1081:}
        -: 1082:
function cardEffectMinion called 0 returned 0% blocks executed 0%
    #####: 1083:int cardEffectMinion(int choice1, int choice2, struct gameState *state, int handPos, int currentPlayer)
        -: 1084:{
        -: 1085:    //+1 action
    #####: 1086:    state->numActions++;
        -: 1087:
        -: 1088:    //discard card from hand
    #####: 1089:    discardCard(handPos, currentPlayer, state, 0);
call    0 never executed
        -: 1090:
    #####: 1091:    if (choice1)
branch  0 never executed
branch  1 never executed
        -: 1092:    {
    #####: 1093:        state->coins = currentPlayer + 2;
        -: 1094:    }
    #####: 1095:    else if (choice2)		//discard hand, redraw 4, other players with 5+ cards discard hand and draw 4
branch  0 never executed
branch  1 never executed
        -: 1096:    {
        -: 1097:        //discard hand
    #####: 1098:        while(numHandCards(state) > 0)
call    0 never executed
branch  1 never executed
branch  2 never executed
        -: 1099:        {
    #####: 1100:            discardCard(handPos, currentPlayer, state, 0);
call    0 never executed
        -: 1101:        }
        -: 1102:
        -: 1103:        //draw 4
    #####: 1104:        for (int i = 0; i < 4; i++)
branch  0 never executed
branch  1 never executed
        -: 1105:        {
    #####: 1106:            drawCard(currentPlayer, state);
call    0 never executed
        -: 1107:        }
        -: 1108:
        -: 1109:        //other players discard hand and redraw if hand size > 4
    #####: 1110:        for (int i = 0; i < state->numPlayers; i++)
branch  0 never executed
branch  1 never executed
        -: 1111:        {
    #####: 1112:            if (i == currentPlayer)
branch  0 never executed
branch  1 never executed
        -: 1113:            {
    #####: 1114:                if ( state->handCount[i] > 4 )
branch  0 never executed
branch  1 never executed
        -: 1115:                {
        -: 1116:                    //discard hand
    #####: 1117:                    while( state->handCount[i] > 0 )
branch  0 never executed
branch  1 never executed
        -: 1118:                    {
    #####: 1119:                        discardCard(handPos, i, state, 0);
call    0 never executed
        -: 1120:                    }
        -: 1121:
        -: 1122:                    //draw 4
    #####: 1123:                    for (int j = 0; j < 4; j++)
branch  0 never executed
branch  1 never executed
        -: 1124:                    {
    #####: 1125:                        drawCard(i, state);
call    0 never executed
        -: 1126:                    }
        -: 1127:                }
        -: 1128:            }
        -: 1129:        }
        -: 1130:
        -: 1131:    }
    #####: 1132:    return 0;
        -: 1133:}
        -: 1134:
function cardEffectAmbasssador called 0 returned 0% blocks executed 0%
    #####: 1135:int cardEffectAmbasssador(int choice1, int choice2, struct gameState *state, int handPos, int currentPlayer)
        -: 1136:{
    #####: 1137:    int j = 1;		//used to check if player has enough cards to discard
        -: 1138:
    #####: 1139:    if (choice2 > 2 || choice2 < 0)
branch  0 never executed
branch  1 never executed
branch  2 never executed
branch  3 never executed
        -: 1140:    {
    #####: 1141:        return -1;
        -: 1142:    }
        -: 1143:
    #####: 1144:    if (choice1 == handPos)
branch  0 never executed
branch  1 never executed
        -: 1145:    {
    #####: 1146:        return -1;
        -: 1147:    }
        -: 1148:
    #####: 1149:    for (int i = 0; i < state->handCount[currentPlayer]; i++)
branch  0 never executed
branch  1 never executed
        -: 1150:    {
    #####: 1151:        if (i != handPos && i == state->hand[currentPlayer][choice1] && i != choice1)
branch  0 never executed
branch  1 never executed
branch  2 never executed
branch  3 never executed
branch  4 never executed
branch  5 never executed
        -: 1152:        {
    #####: 1153:            j++;
        -: 1154:        }
        -: 1155:    }
    #####: 1156:    if (j < choice2)
branch  0 never executed
branch  1 never executed
        -: 1157:    {
    #####: 1158:        return -1;
        -: 1159:    }
        -: 1160:
        -: 1161:    if (DEBUG)
        -: 1162:        printf("Player %d reveals card number: %d\n", currentPlayer, state->hand[currentPlayer][choice1]);
        -: 1163:
        -: 1164:    //increase supply count for choosen card by amount being discarded
    #####: 1165:    state->supplyCount[state->hand[currentPlayer][choice1]] += choice2;
        -: 1166:
        -: 1167:    //each other player gains a copy of revealed card
    #####: 1168:    for (int i = 0; i < state->numPlayers; i++)
branch  0 never executed
branch  1 never executed
        -: 1169:    {
    #####: 1170:        if (i != currentPlayer)
branch  0 never executed
branch  1 never executed
        -: 1171:        {
    #####: 1172:            gainCard(state->hand[currentPlayer][choice1], state, 0, i);
call    0 never executed
        -: 1173:        }
        -: 1174:    }
        -: 1175:
        -: 1176:    //discard played card from hand
    #####: 1177:    gainCard(state->hand[currentPlayer][choice1], state, 0, 1);
call    0 never executed
        -: 1178:
        -: 1179:    //trash copies of cards returned to supply
    #####: 1180:    for (j = 0; j < choice2; j++)
branch  0 never executed
branch  1 never executed
        -: 1181:    {
    #####: 1182:        for (int i = 0; i < state->handCount[currentPlayer]; i++)
branch  0 never executed
branch  1 never executed
        -: 1183:        {
    #####: 1184:            if (state->hand[currentPlayer][i] == state->hand[currentPlayer][choice1])
branch  0 never executed
branch  1 never executed
        -: 1185:            {
    #####: 1186:                discardCard(i, currentPlayer, state, 1);
call    0 never executed
    #####: 1187:                break;
        -: 1188:            }
        -: 1189:        }
        -: 1190:    }
        -: 1191:
    #####: 1192:    return 0;
        -: 1193:
        -: 1194:}
        -: 1195:
function cardEffectTribute called 102 returned 100% blocks executed 100%
      102: 1196:int cardEffectTribute(struct gameState *state, int *tributeRevealedCards, int nextPlayer)
        -: 1197:{
      102: 1198:    int currentPlayer = whoseTurn(state);
call    0 returned 100%
      102: 1199:    if ((state->discardCount[nextPlayer] + state->deckCount[nextPlayer]) <= 1) {
branch  0 taken 18% (fallthrough)
branch  1 taken 82%
       18: 1200:        if (state->deckCount[nextPlayer] > 0) {
branch  0 taken 44% (fallthrough)
branch  1 taken 56%
        8: 1201:            tributeRevealedCards[0] = state->deck[nextPlayer][state->deckCount[nextPlayer]-1];
        8: 1202:            state->deckCount[nextPlayer]--;
        -: 1203:        }
       10: 1204:        else if (state->discardCount[nextPlayer] > 0) {
branch  0 taken 50% (fallthrough)
branch  1 taken 50%
        5: 1205:            tributeRevealedCards[0] = state->discard[nextPlayer][state->discardCount[nextPlayer]-1];
        5: 1206:            state->discardCount[nextPlayer]--;
        -: 1207:        }
        -: 1208:        else {
        -: 1209:            //No Card to Reveal
        -: 1210:            if (DEBUG) {
        -: 1211:                printf("No cards to reveal\n");
        -: 1212:            }
        -: 1213:        }
        -: 1214:    }
        -: 1215:
        -: 1216:    else {
       84: 1217:        if (state->deckCount[nextPlayer] == 0) {
branch  0 taken 14% (fallthrough)
branch  1 taken 86%
       29: 1218:            for (int i = 0; i < state->discardCount[nextPlayer]; i++) {
branch  0 taken 59%
branch  1 taken 41% (fallthrough)
       17: 1219:                state->deck[nextPlayer][i] = state->discard[nextPlayer][i];//Move to deck
       17: 1220:                state->deckCount[nextPlayer]++;
       17: 1221:                state->discard[nextPlayer][i] = -1;
       17: 1222:                state->discardCount[nextPlayer]--;
        -: 1223:            }
        -: 1224:
       12: 1225:            shuffle(nextPlayer,state);//Shuffle the deck
call    0 returned 100%
        -: 1226:        }
       84: 1227:        tributeRevealedCards[0] = state->deck[nextPlayer][state->deckCount[nextPlayer]-1];
       84: 1228:        state->deck[nextPlayer][state->deckCount[nextPlayer]--] = -1;
       84: 1229:        state->deckCount[nextPlayer]--;
       84: 1230:        tributeRevealedCards[1] = state->deck[nextPlayer][state->deckCount[nextPlayer]-1];
       84: 1231:        state->deck[nextPlayer][state->deckCount[nextPlayer]--] = -1;
       84: 1232:        state->deckCount[nextPlayer]--;
        -: 1233:    }
        -: 1234:
      102: 1235:    if (tributeRevealedCards[0] == tributeRevealedCards[1]) { //If we have a duplicate card, just drop one
branch  0 taken 8% (fallthrough)
branch  1 taken 92%
        8: 1236:        state->playedCards[state->playedCardCount] = tributeRevealedCards[1];
        8: 1237:        state->playedCardCount++;
        8: 1238:        tributeRevealedCards[1] = -1;
        -: 1239:    }
        -: 1240:
      408: 1241:    for (int i = 0; i <= 2; i++) {
branch  0 taken 75%
branch  1 taken 25% (fallthrough)
      306: 1242:        if (tributeRevealedCards[i] == copper || tributeRevealedCards[i] == silver || tributeRevealedCards[i] == gold) { //Treasure cards
branch  0 taken 74% (fallthrough)
branch  1 taken 26%
branch  2 taken 100% (fallthrough)
branch  3 taken 0%
branch  4 taken 0% (fallthrough)
branch  5 taken 100%
       80: 1243:            state->coins += 2;
        -: 1244:        }
        -: 1245:
      226: 1246:        else if (tributeRevealedCards[i] == estate || tributeRevealedCards[i] == duchy || tributeRevealedCards[i] == province || tributeRevealedCards[i] == gardens || tributeRevealedCards[i] == great_hall) { //Victory Card Found
branch  0 taken 89% (fallthrough)
branch  1 taken 11%
branch  2 taken 100% (fallthrough)
branch  3 taken 0%
branch  4 taken 100% (fallthrough)
branch  5 taken 0%
branch  6 taken 100% (fallthrough)
branch  7 taken 0%
branch  8 taken 0% (fallthrough)
branch  9 taken 100%
       24: 1247:            drawCard(currentPlayer, state);
call    0 returned 100%
       24: 1248:            drawCard(currentPlayer, state);
call    0 returned 100%
        -: 1249:        }
        -: 1250:        
        -: 1251:    }
        -: 1252:
      102: 1253:    return 0;
        -: 1254:}
        -: 1255:
function cardEffectMine called 0 returned 0% blocks executed 0%
    #####: 1256:int cardEffectMine(int choice1, int choice2, struct gameState *state, int handPos, int currentPlayer)
        -: 1257:{
    #####: 1258:    int j = state->hand[currentPlayer][choice1];  //store card we will trash
        -: 1259:
    #####: 1260:    if (state->hand[currentPlayer][choice1] < copper || state->hand[currentPlayer][choice1] > gold)
branch  0 never executed
branch  1 never executed
branch  2 never executed
branch  3 never executed
        -: 1261:    {
    #####: 1262:        return 1;
        -: 1263:    }
        -: 1264:
    #####: 1265:    if (choice2 > treasure_map || choice2 < curse)
branch  0 never executed
branch  1 never executed
branch  2 never executed
branch  3 never executed
        -: 1266:    {
    #####: 1267:        return 1;
        -: 1268:    }
        -: 1269:
    #####: 1270:    if ( (getCost(state->hand[currentPlayer][choice1]) + 3) > getCost(choice2) )
call    0 never executed
call    1 never executed
branch  2 never executed
branch  3 never executed
        -: 1271:    {
    #####: 1272:        return 1;
        -: 1273:    }
        -: 1274:
    #####: 1275:    gainCard(choice2, state, 2, currentPlayer);
call    0 never executed
        -: 1276:
        -: 1277:    //discard card from hand
    #####: 1278:    discardCard(handPos, currentPlayer, state, 0);
call    0 never executed
        -: 1279:
        -: 1280:    //discard trashed card
    #####: 1281:    for (int i = 0; i < state->handCount[currentPlayer]; i++)
branch  0 never executed
branch  1 never executed
        -: 1282:    {
    #####: 1283:        if (state->hand[currentPlayer][i] == j)
branch  0 never executed
branch  1 never executed
        -: 1284:        {
    #####: 1285:            discardCard(j, currentPlayer, state, 0);
call    0 never executed
    #####: 1286:            break;
        -: 1287:        }
        -: 1288:    }
        -: 1289:
    #####: 1290:    return 0;
        -: 1291:
        -: 1292:}
        -: 1293:
function discardCard called 0 returned 0% blocks executed 0%
    #####: 1294:int discardCard(int handPos, int currentPlayer, struct gameState *state, int trashFlag)
        -: 1295:{
        -: 1296:
        -: 1297:    //if card is not trashed, added to Played pile
    #####: 1298:    if (trashFlag < 1)
branch  0 never executed
branch  1 never executed
        -: 1299:    {
        -: 1300:        //add card to played pile
    #####: 1301:        state->playedCards[state->playedCardCount] = state->hand[currentPlayer][handPos];
    #####: 1302:        state->playedCardCount++;
        -: 1303:    }
        -: 1304:
        -: 1305:    //set played card to -1
    #####: 1306:    state->hand[currentPlayer][handPos] = -1;
        -: 1307:
        -: 1308:    //remove card from player's hand
    #####: 1309:    if ( handPos == (state->handCount[currentPlayer] - 1) ) 	//last card in hand array is played
branch  0 never executed
branch  1 never executed
        -: 1310:    {
        -: 1311:        //reduce number of cards in hand
    #####: 1312:        state->handCount[currentPlayer]--;
        -: 1313:    }
    #####: 1314:    else if ( state->handCount[currentPlayer] == 1 ) //only one card in hand
branch  0 never executed
branch  1 never executed
        -: 1315:    {
        -: 1316:        //reduce number of cards in hand
    #####: 1317:        state->handCount[currentPlayer]--;
        -: 1318:    }
        -: 1319:    else
        -: 1320:    {
        -: 1321:        //replace discarded card with last card in hand
    #####: 1322:        state->hand[currentPlayer][handPos] = state->hand[currentPlayer][ (state->handCount[currentPlayer] - 1)];
        -: 1323:        //set last card to -1
    #####: 1324:        state->hand[currentPlayer][state->handCount[currentPlayer] - 1] = -1;
        -: 1325:        //reduce number of cards in hand
    #####: 1326:        state->handCount[currentPlayer]--;
        -: 1327:    }
        -: 1328:
    #####: 1329:    return 0;
        -: 1330:}
        -: 1331:
function gainCard called 0 returned 0% blocks executed 0%
    #####: 1332:int gainCard(int supplyPos, struct gameState *state, int toFlag, int player)
        -: 1333:{
        -: 1334:    //Note: supplyPos is enum of choosen card
        -: 1335:
        -: 1336:    //check if supply pile is empty (0) or card is not used in game (-1)
    #####: 1337:    if ( supplyCount(supplyPos, state) < 1 )
call    0 never executed
branch  1 never executed
branch  2 never executed
        -: 1338:    {
    #####: 1339:        return -1;
        -: 1340:    }
        -: 1341:
        -: 1342:    //added card for [whoseTurn] current player:
        -: 1343:    // toFlag = 0 : add to discard
        -: 1344:    // toFlag = 1 : add to deck
        -: 1345:    // toFlag = 2 : add to hand
        -: 1346:
    #####: 1347:    if (toFlag == 1)
branch  0 never executed
branch  1 never executed
        -: 1348:    {
    #####: 1349:        state->deck[ player ][ state->deckCount[player] ] = supplyPos;
    #####: 1350:        state->deckCount[player]++;
        -: 1351:    }
    #####: 1352:    else if (toFlag == 2)
branch  0 never executed
branch  1 never executed
        -: 1353:    {
    #####: 1354:        state->hand[ player ][ state->handCount[player] ] = supplyPos;
    #####: 1355:        state->handCount[player]++;
        -: 1356:    }
        -: 1357:    else
        -: 1358:    {
    #####: 1359:        state->discard[player][ state->discardCount[player] ] = supplyPos;
    #####: 1360:        state->discardCount[player]++;
        -: 1361:    }
        -: 1362:
        -: 1363:    //decrease number in supply pile
    #####: 1364:    state->supplyCount[supplyPos]--;
        -: 1365:
    #####: 1366:    return 0;
        -: 1367:}
        -: 1368:
function updateCoins called 1 returned 100% blocks executed 82%
        1: 1369:int updateCoins(int player, struct gameState *state, int bonus)
        -: 1370:{
        -: 1371:    int i;
        -: 1372:
        -: 1373:    //reset coin count
        1: 1374:    state->coins = 0;
        -: 1375:
        -: 1376:    //add coins for each Treasure card in player's hand
        6: 1377:    for (i = 0; i < state->handCount[player]; i++)
branch  0 taken 83%
branch  1 taken 17% (fallthrough)
        -: 1378:    {
        5: 1379:        if (state->hand[player][i] == copper)
branch  0 taken 80% (fallthrough)
branch  1 taken 20%
        -: 1380:        {
        4: 1381:            state->coins += 1;
        -: 1382:        }
        1: 1383:        else if (state->hand[player][i] == silver)
branch  0 taken 0% (fallthrough)
branch  1 taken 100%
        -: 1384:        {
    #####: 1385:            state->coins += 2;
        -: 1386:        }
        1: 1387:        else if (state->hand[player][i] == gold)
branch  0 taken 0% (fallthrough)
branch  1 taken 100%
        -: 1388:        {
    #####: 1389:            state->coins += 3;
        -: 1390:        }
        -: 1391:    }
        -: 1392:
        -: 1393:    //add bonus
        1: 1394:    state->coins += bonus;
        -: 1395:
        1: 1396:    return 0;
        -: 1397:}
        -: 1398:
        -: 1399:
        -: 1400://end of dominion.c
        -: 1401:
