        -:    0:Source:dominion.c
        -:    0:Graph:dominion.gcno
        -:    0:Data:dominion.gcda
        -:    0:Runs:63
        -:    0:Programs:45
        -:    1:#include "dominion.h"
        -:    2:#include "dominion_helpers.h"
        -:    3:#include "rngs.h"
        -:    4:#include <stdio.h>
        -:    5:#include <math.h>
        -:    6:#include <stdlib.h>
        -:    7:
function compare called 1770 returned 100% blocks executed 83%
     1770:    8:int compare(const void* a, const void* b) {
     1770:    9:    if (*(int*)a > *(int*)b)
branch  0 taken 0% (fallthrough)
branch  1 taken 100%
    #####:   10:        return 1;
     1770:   11:    if (*(int*)a < *(int*)b)
branch  0 taken 27% (fallthrough)
branch  1 taken 73%
      472:   12:        return -1;
     1298:   13:    return 0;
        -:   14:}
        -:   15:
function newGame called 18 returned 100% blocks executed 100%
       18:   16:struct gameState* newGame() {
       18:   17:    struct gameState* g = malloc(sizeof(struct gameState));
       18:   18:    return g;
        -:   19:}
        -:   20:
function kingdomCards called 0 returned 0% blocks executed 0%
    #####:   21:int* kingdomCards(int k1, int k2, int k3, int k4, int k5, int k6, int k7,
        -:   22:                  int k8, int k9, int k10) {
    #####:   23:    int* k = malloc(10 * sizeof(int));
    #####:   24:    k[0] = k1;
    #####:   25:    k[1] = k2;
    #####:   26:    k[2] = k3;
    #####:   27:    k[3] = k4;
    #####:   28:    k[4] = k5;
    #####:   29:    k[5] = k6;
    #####:   30:    k[6] = k7;
    #####:   31:    k[7] = k8;
    #####:   32:    k[8] = k9;
    #####:   33:    k[9] = k10;
    #####:   34:    return k;
        -:   35:}
        -:   36:
function initializeGame called 59 returned 100% blocks executed 88%
       59:   37:int initializeGame(int numPlayers, int kingdomCards[10], int randomSeed,
        -:   38:                   struct gameState *state) {
        -:   39:    int i;
        -:   40:    int j;
        -:   41:    int it;
        -:   42:
        -:   43:    //set up random number generator
       59:   44:    SelectStream(1);
call    0 returned 100%
       59:   45:    PutSeed((long)randomSeed);
call    0 returned 100%
        -:   46:
        -:   47:    //check number of players
       59:   48:    if (numPlayers > MAX_PLAYERS || numPlayers < 2)
branch  0 taken 100% (fallthrough)
branch  1 taken 0%
branch  2 taken 0% (fallthrough)
branch  3 taken 100%
        -:   49:    {
    #####:   50:        return -1;
        -:   51:    }
        -:   52:
        -:   53:    //set number of players
       59:   54:    state->numPlayers = numPlayers;
        -:   55:
        -:   56:    //check selected kingdom cards are different
      649:   57:    for (i = 0; i < 10; i++)
branch  0 taken 91%
branch  1 taken 9% (fallthrough)
        -:   58:    {
     6490:   59:        for (j = 0; j < 10; j++)
branch  0 taken 91%
branch  1 taken 9% (fallthrough)
        -:   60:        {
     5900:   61:            if (j != i && kingdomCards[j] == kingdomCards[i])
branch  0 taken 90% (fallthrough)
branch  1 taken 10%
branch  2 taken 0% (fallthrough)
branch  3 taken 100%
        -:   62:            {
    #####:   63:                return -1;
        -:   64:            }
        -:   65:        }
        -:   66:    }
        -:   67:
        -:   68:
        -:   69:    //initialize supply
        -:   70:    ///////////////////////////////
        -:   71:
        -:   72:    //set number of Curse cards
       59:   73:    if (numPlayers == 2)
branch  0 taken 100% (fallthrough)
branch  1 taken 0%
        -:   74:    {
       59:   75:        state->supplyCount[curse] = 10;
        -:   76:    }
    #####:   77:    else if (numPlayers == 3)
branch  0 never executed
branch  1 never executed
        -:   78:    {
    #####:   79:        state->supplyCount[curse] = 20;
        -:   80:    }
        -:   81:    else
        -:   82:    {
    #####:   83:        state->supplyCount[curse] = 30;
        -:   84:    }
        -:   85:
        -:   86:    //set number of Victory cards
       59:   87:    if (numPlayers == 2)
branch  0 taken 100% (fallthrough)
branch  1 taken 0%
        -:   88:    {
       59:   89:        state->supplyCount[estate] = 8;
       59:   90:        state->supplyCount[duchy] = 8;
       59:   91:        state->supplyCount[province] = 8;
        -:   92:    }
        -:   93:    else
        -:   94:    {
    #####:   95:        state->supplyCount[estate] = 12;
    #####:   96:        state->supplyCount[duchy] = 12;
    #####:   97:        state->supplyCount[province] = 12;
        -:   98:    }
        -:   99:
        -:  100:    //set number of Treasure cards
       59:  101:    state->supplyCount[copper] = 60 - (7 * numPlayers);
       59:  102:    state->supplyCount[silver] = 40;
       59:  103:    state->supplyCount[gold] = 30;
        -:  104:
        -:  105:    //set number of Kingdom cards
     1239:  106:    for (i = adventurer; i <= treasure_map; i++)       	//loop all cards
branch  0 taken 95%
branch  1 taken 5% (fallthrough)
        -:  107:    {
     9735:  108:        for (j = 0; j < 10; j++)           		//loop chosen cards
branch  0 taken 94%
branch  1 taken 6% (fallthrough)
        -:  109:        {
     9145:  110:            if (kingdomCards[j] == i)
branch  0 taken 6% (fallthrough)
branch  1 taken 94%
        -:  111:            {
        -:  112:                //check if card is a 'Victory' Kingdom card
      590:  113:                if (kingdomCards[j] == great_hall || kingdomCards[j] == gardens)
branch  0 taken 94% (fallthrough)
branch  1 taken 6%
branch  2 taken 6% (fallthrough)
branch  3 taken 94%
        -:  114:                {
      140:  115:                    if (numPlayers == 2) {
branch  0 taken 100% (fallthrough)
branch  1 taken 0%
       70:  116:                        state->supplyCount[i] = 8;
        -:  117:                    }
        -:  118:                    else {
    #####:  119:                        state->supplyCount[i] = 12;
        -:  120:                    }
        -:  121:                }
        -:  122:                else
        -:  123:                {
      520:  124:                    state->supplyCount[i] = 10;
        -:  125:                }
      590:  126:                break;
        -:  127:            }
        -:  128:            else    //card is not in the set choosen for the game
        -:  129:            {
     8555:  130:                state->supplyCount[i] = -1;
        -:  131:            }
        -:  132:        }
        -:  133:
        -:  134:    }
        -:  135:
        -:  136:    ////////////////////////
        -:  137:    //supply intilization complete
        -:  138:
        -:  139:    //set player decks
      177:  140:    for (i = 0; i < numPlayers; i++)
branch  0 taken 67%
branch  1 taken 33% (fallthrough)
        -:  141:    {
      118:  142:        state->deckCount[i] = 0;
      472:  143:        for (j = 0; j < 3; j++)
branch  0 taken 75%
branch  1 taken 25% (fallthrough)
        -:  144:        {
      354:  145:            state->deck[i][j] = estate;
      354:  146:            state->deckCount[i]++;
        -:  147:        }
      944:  148:        for (j = 3; j < 10; j++)
branch  0 taken 88%
branch  1 taken 13% (fallthrough)
        -:  149:        {
      826:  150:            state->deck[i][j] = copper;
      826:  151:            state->deckCount[i]++;
        -:  152:        }
        -:  153:    }
        -:  154:
        -:  155:    //shuffle player decks
      177:  156:    for (i = 0; i < numPlayers; i++)
branch  0 taken 67%
branch  1 taken 33% (fallthrough)
        -:  157:    {
      118:  158:        if ( shuffle(i, state) < 0 )
call    0 returned 100%
branch  1 taken 0% (fallthrough)
branch  2 taken 100%
        -:  159:        {
    #####:  160:            return -1;
        -:  161:        }
        -:  162:    }
        -:  163:
        -:  164:    //draw player hands
      177:  165:    for (i = 0; i < numPlayers; i++)
branch  0 taken 67%
branch  1 taken 33% (fallthrough)
        -:  166:    {
        -:  167:        //initialize hand size to zero
      118:  168:        state->handCount[i] = 0;
      118:  169:        state->discardCount[i] = 0;
        -:  170:        //draw 5 cards
        -:  171:        // for (j = 0; j < 5; j++)
        -:  172:        //	{
        -:  173:        //	  drawCard(i, state);
        -:  174:        //	}
        -:  175:    }
        -:  176:
        -:  177:    //set embargo tokens to 0 for all supply piles
     1652:  178:    for (i = 0; i <= treasure_map; i++)
branch  0 taken 96%
branch  1 taken 4% (fallthrough)
        -:  179:    {
     1593:  180:        state->embargoTokens[i] = 0;
        -:  181:    }
        -:  182:
        -:  183:    //initialize first player's turn
       59:  184:    state->outpostPlayed = 0;
       59:  185:    state->phase = 0;
       59:  186:    state->numActions = 1;
       59:  187:    state->numBuys = 1;
       59:  188:    state->playedCardCount = 0;
       59:  189:    state->whoseTurn = 0;
       59:  190:    state->handCount[state->whoseTurn] = 0;
        -:  191:    //int it; move to top
        -:  192:
        -:  193:    //Moved draw cards to here, only drawing at the start of a turn
      354:  194:    for (it = 0; it < 5; it++) {
branch  0 taken 83%
branch  1 taken 17% (fallthrough)
      295:  195:        drawCard(state->whoseTurn, state);
call    0 returned 100%
        -:  196:    }
        -:  197:
       59:  198:    updateCoins(state->whoseTurn, state, 0);
call    0 returned 100%
        -:  199:
       59:  200:    return 0;
        -:  201:}
        -:  202:
function shuffle called 118 returned 100% blocks executed 94%
      118:  203:int shuffle(int player, struct gameState *state) {
        -:  204:
        -:  205:
        -:  206:    int newDeck[MAX_DECK];
      118:  207:    int newDeckPos = 0;
        -:  208:    int card;
        -:  209:    int i;
        -:  210:
      118:  211:    if (state->deckCount[player] < 1)
branch  0 taken 0% (fallthrough)
branch  1 taken 100%
    #####:  212:        return -1;
      118:  213:    qsort ((void*)(state->deck[player]), state->deckCount[player], sizeof(int), compare);
call    0 returned 100%
        -:  214:    /* SORT CARDS IN DECK TO ENSURE DETERMINISM! */
        -:  215:
     1416:  216:    while (state->deckCount[player] > 0) {
branch  0 taken 91%
branch  1 taken 9% (fallthrough)
     1180:  217:        card = floor(Random() * state->deckCount[player]);
call    0 returned 100%
     1180:  218:        newDeck[newDeckPos] = state->deck[player][card];
     1180:  219:        newDeckPos++;
     4375:  220:        for (i = card; i < state->deckCount[player]-1; i++) {
branch  0 taken 73%
branch  1 taken 27% (fallthrough)
     3195:  221:            state->deck[player][i] = state->deck[player][i+1];
        -:  222:        }
     1180:  223:        state->deckCount[player]--;
        -:  224:    }
     1298:  225:    for (i = 0; i < newDeckPos; i++) {
branch  0 taken 91%
branch  1 taken 9% (fallthrough)
     1180:  226:        state->deck[player][i] = newDeck[i];
     1180:  227:        state->deckCount[player]++;
        -:  228:    }
        -:  229:
      118:  230:    return 0;
        -:  231:}
        -:  232:
function playCard called 6 returned 100% blocks executed 73%
        6:  233:int playCard(int handPos, int choice1, int choice2, int choice3, struct gameState *state)
        -:  234:{
        -:  235:    int card;
        6:  236:    int coin_bonus = 0; 		//tracks coins gain from actions
        -:  237:
        -:  238:    //check if it is the right phase
        6:  239:    if (state->phase != 0)
branch  0 taken 0% (fallthrough)
branch  1 taken 100%
        -:  240:    {
    #####:  241:        return -1;
        -:  242:    }
        -:  243:
        -:  244:    //check if player has enough actions
        6:  245:    if ( state->numActions < 1 )
branch  0 taken 0% (fallthrough)
branch  1 taken 100%
        -:  246:    {
    #####:  247:        return -1;
        -:  248:    }
        -:  249:
        -:  250:    //get card played
        6:  251:    card = handCard(handPos, state);
call    0 returned 100%
        -:  252:
        -:  253:    //check if selected card is an action
        6:  254:    if ( card < adventurer || card > treasure_map )
branch  0 taken 100% (fallthrough)
branch  1 taken 0%
branch  2 taken 0% (fallthrough)
branch  3 taken 100%
        -:  255:    {
    #####:  256:        return -1;
        -:  257:    }
        -:  258:
        -:  259:    //play card
        6:  260:    if ( cardEffect(card, choice1, choice2, choice3, state, handPos, &coin_bonus) < 0 )
call    0 returned 100%
branch  1 taken 0% (fallthrough)
branch  2 taken 100%
        -:  261:    {
    #####:  262:        return -1;
        -:  263:    }
        -:  264:
        -:  265:    //reduce number of actions
        6:  266:    state->numActions--;
        -:  267:    
        -:  268:    //update coins (Treasure cards may be added with card draws)
        6:  269:    updateCoins(state->whoseTurn, state, coin_bonus);
call    0 returned 100%
        -:  270:
        6:  271:    return 0;
        -:  272:}
        -:  273:
function buyCard called 0 returned 0% blocks executed 0%
    #####:  274:int buyCard(int supplyPos, struct gameState *state) {
        -:  275:    int who;
        -:  276:    if (DEBUG) {
        -:  277:        printf("Entering buyCard...\n");
        -:  278:    }
        -:  279:
        -:  280:    // I don't know what to do about the phase thing.
        -:  281:
    #####:  282:    who = state->whoseTurn;
        -:  283:
    #####:  284:    if (state->numBuys < 1) {
branch  0 never executed
branch  1 never executed
        -:  285:        if (DEBUG)
        -:  286:            printf("You do not have any buys left\n");
    #####:  287:        return -1;
    #####:  288:    } else if (supplyCount(supplyPos, state) <1) {
call    0 never executed
branch  1 never executed
branch  2 never executed
        -:  289:        if (DEBUG)
        -:  290:            printf("There are not any of that type of card left\n");
    #####:  291:        return -1;
    #####:  292:    } else if (state->coins < getCost(supplyPos)) {
call    0 never executed
branch  1 never executed
branch  2 never executed
        -:  293:        if (DEBUG)
        -:  294:            printf("You do not have enough money to buy that. You have %d coins.\n", state->coins);
    #####:  295:        return -1;
        -:  296:    } else {
    #####:  297:        state->phase=1;
        -:  298:        //state->supplyCount[supplyPos]--;
    #####:  299:        gainCard(supplyPos, state, 0, who); //card goes in discard, this might be wrong.. (2 means goes into hand, 0 goes into discard)
call    0 never executed
        -:  300:
    #####:  301:        state->coins = (state->coins) - (getCost(supplyPos));
call    0 never executed
    #####:  302:        state->numBuys--;
        -:  303:        if (DEBUG)
        -:  304:            printf("You bought card number %d for %d coins. You now have %d buys and %d coins.\n", supplyPos, getCost(supplyPos), state->numBuys, state->coins);
        -:  305:    }
        -:  306:
        -:  307:    //state->discard[who][state->discardCount[who]] = supplyPos;
        -:  308:    //state->discardCount[who]++;
        -:  309:
    #####:  310:    return 0;
        -:  311:}
        -:  312:
function numHandCards called 0 returned 0% blocks executed 0%
    #####:  313:int numHandCards(struct gameState *state) {
    #####:  314:    return state->handCount[ whoseTurn(state) ];
call    0 never executed
        -:  315:}
        -:  316:
function handCard called 6 returned 100% blocks executed 100%
        6:  317:int handCard(int handPos, struct gameState *state) {
        6:  318:    int currentPlayer = whoseTurn(state);
call    0 returned 100%
        6:  319:    return state->hand[currentPlayer][handPos];
        -:  320:}
        -:  321:
function supplyCount called 42 returned 100% blocks executed 100%
       42:  322:int supplyCount(int card, struct gameState *state) {
       42:  323:    return state->supplyCount[card];
        -:  324:}
        -:  325:
function fullDeckCount called 0 returned 0% blocks executed 0%
    #####:  326:int fullDeckCount(int player, int card, struct gameState *state) {
        -:  327:    int i;
    #####:  328:    int count = 0;
        -:  329:
    #####:  330:    for (i = 0; i < state->deckCount[player]; i++)
branch  0 never executed
branch  1 never executed
        -:  331:    {
    #####:  332:        if (state->deck[player][i] == card) count++;
branch  0 never executed
branch  1 never executed
        -:  333:    }
        -:  334:
    #####:  335:    for (i = 0; i < state->handCount[player]; i++)
branch  0 never executed
branch  1 never executed
        -:  336:    {
    #####:  337:        if (state->hand[player][i] == card) count++;
branch  0 never executed
branch  1 never executed
        -:  338:    }
        -:  339:
    #####:  340:    for (i = 0; i < state->discardCount[player]; i++)
branch  0 never executed
branch  1 never executed
        -:  341:    {
    #####:  342:        if (state->discard[player][i] == card) count++;
branch  0 never executed
branch  1 never executed
        -:  343:    }
        -:  344:
    #####:  345:    return count;
        -:  346:}
        -:  347:
function whoseTurn called 71 returned 100% blocks executed 100%
       71:  348:int whoseTurn(struct gameState *state) {
       71:  349:    return state->whoseTurn;
        -:  350:}
        -:  351:
function endTurn called 0 returned 0% blocks executed 0%
    #####:  352:int endTurn(struct gameState *state) {
        -:  353:    int k;
        -:  354:    int i;
    #####:  355:    int currentPlayer = whoseTurn(state);
call    0 never executed
        -:  356:
        -:  357:    //Discard hand
    #####:  358:    for (i = 0; i < state->handCount[currentPlayer]; i++) {
branch  0 never executed
branch  1 never executed
    #####:  359:        state->discard[currentPlayer][state->discardCount[currentPlayer]++] = state->hand[currentPlayer][i];//Discard
    #####:  360:        state->hand[currentPlayer][i] = -1;//Set card to -1
        -:  361:    }
    #####:  362:    state->handCount[currentPlayer] = 0;//Reset hand count
        -:  363:
        -:  364:    //Code for determining the player
    #####:  365:    if (currentPlayer < (state->numPlayers - 1)) {
branch  0 never executed
branch  1 never executed
    #####:  366:        state->whoseTurn = currentPlayer + 1;//Still safe to increment
        -:  367:    }
        -:  368:    else {
    #####:  369:        state->whoseTurn = 0;//Max player has been reached, loop back around to player 1
        -:  370:    }
        -:  371:
    #####:  372:    state->outpostPlayed = 0;
    #####:  373:    state->phase = 0;
    #####:  374:    state->numActions = 1;
    #####:  375:    state->coins = 0;
    #####:  376:    state->numBuys = 1;
    #####:  377:    state->playedCardCount = 0;
    #####:  378:    state->handCount[state->whoseTurn] = 0;
        -:  379:
        -:  380:    //int k; move to top
        -:  381:    //Next player draws hand
    #####:  382:    for (k = 0; k < 5; k++) {
branch  0 never executed
branch  1 never executed
    #####:  383:        drawCard(state->whoseTurn, state);//Draw a card
call    0 never executed
        -:  384:    }
        -:  385:
        -:  386:    //Update money
    #####:  387:    updateCoins(state->whoseTurn, state, 0);
call    0 never executed
        -:  388:
    #####:  389:    return 0;
        -:  390:}
        -:  391:
function isGameOver called 12 returned 100% blocks executed 82%
       12:  392:int isGameOver(struct gameState *state) {
        -:  393:    int i;
        -:  394:    int j;
        -:  395:
        -:  396:    //if stack of Province cards is empty, the game ends
       12:  397:    if (state->supplyCount[province] == 0)
branch  0 taken 0% (fallthrough)
branch  1 taken 100%
        -:  398:    {
    #####:  399:        return 1;
        -:  400:    }
        -:  401:
        -:  402:    //if three supply pile are at 0, the game ends
       12:  403:    j = 0;
      324:  404:    for (i = 0; i < 26; i++)
branch  0 taken 96%
branch  1 taken 4% (fallthrough)
        -:  405:    {
      312:  406:        if (state->supplyCount[i] == 0)
branch  0 taken 12% (fallthrough)
branch  1 taken 88%
        -:  407:        {
       36:  408:            j++;
        -:  409:        }
        -:  410:    }
       12:  411:    if ( j >= 3)
branch  0 taken 100% (fallthrough)
branch  1 taken 0%
        -:  412:    {
       12:  413:        return 1;
        -:  414:    }
        -:  415:
    #####:  416:    return 0;
        -:  417:}
        -:  418:
function scoreFor called 12 returned 100% blocks executed 60%
       12:  419:int scoreFor (int player, struct gameState *state) {
        -:  420:
        -:  421:    int i;
       12:  422:    int score = 0;
        -:  423:    //score from hand
       12:  424:    for (i = 0; i < state->handCount[player]; i++)
branch  0 taken 0%
branch  1 taken 100% (fallthrough)
        -:  425:    {
    #####:  426:        if (state->hand[player][i] == curse) {
branch  0 never executed
branch  1 never executed
    #####:  427:            score = score - 1;
        -:  428:        };
    #####:  429:        if (state->hand[player][i] == estate) {
branch  0 never executed
branch  1 never executed
    #####:  430:            score = score + 1;
        -:  431:        };
    #####:  432:        if (state->hand[player][i] == duchy) {
branch  0 never executed
branch  1 never executed
    #####:  433:            score = score + 3;
        -:  434:        };
    #####:  435:        if (state->hand[player][i] == province) {
branch  0 never executed
branch  1 never executed
    #####:  436:            score = score + 6;
        -:  437:        };
    #####:  438:        if (state->hand[player][i] == great_hall) {
branch  0 never executed
branch  1 never executed
    #####:  439:            score = score + 1;
        -:  440:        };
    #####:  441:        if (state->hand[player][i] == gardens) {
branch  0 never executed
branch  1 never executed
    #####:  442:            score = score + ( fullDeckCount(player, 0, state) / 10 );
call    0 never executed
        -:  443:        };
        -:  444:    }
        -:  445:
        -:  446:    //score from discard
      102:  447:    for (i = 0; i < state->discardCount[player]; i++)
branch  0 taken 88%
branch  1 taken 12% (fallthrough)
        -:  448:    {
       90:  449:        if (state->discard[player][i] == curse) {
branch  0 taken 7% (fallthrough)
branch  1 taken 93%
        6:  450:            score = score - 1;
        -:  451:        };
       90:  452:        if (state->discard[player][i] == estate) {
branch  0 taken 73% (fallthrough)
branch  1 taken 27%
       66:  453:            score = score + 1;
        -:  454:        };
       90:  455:        if (state->discard[player][i] == duchy) {
branch  0 taken 7% (fallthrough)
branch  1 taken 93%
        6:  456:            score = score + 3;
        -:  457:        };
       90:  458:        if (state->discard[player][i] == province) {
branch  0 taken 13% (fallthrough)
branch  1 taken 87%
       12:  459:            score = score + 6;
        -:  460:        };
       90:  461:        if (state->discard[player][i] == great_hall) {
branch  0 taken 0% (fallthrough)
branch  1 taken 100%
    #####:  462:            score = score + 1;
        -:  463:        };
       90:  464:        if (state->discard[player][i] == gardens) {
branch  0 taken 0% (fallthrough)
branch  1 taken 100%
    #####:  465:            score = score + ( fullDeckCount(player, 0, state) / 10 );
call    0 never executed
        -:  466:        };
        -:  467:    }
        -:  468:
        -:  469:    //score from deck
      102:  470:    for (i = 0; i < state->deckCount[player]; i++)
branch  0 taken 88%
branch  1 taken 12% (fallthrough)
        -:  471:    {
       90:  472:        if (state->deck[player][i] == curse) {
branch  0 taken 7% (fallthrough)
branch  1 taken 93%
        6:  473:            score = score - 1;
        -:  474:        };
       90:  475:        if (state->deck[player][i] == estate) {
branch  0 taken 73% (fallthrough)
branch  1 taken 27%
       66:  476:            score = score + 1;
        -:  477:        };
       90:  478:        if (state->deck[player][i] == duchy) {
branch  0 taken 7% (fallthrough)
branch  1 taken 93%
        6:  479:            score = score + 3;
        -:  480:        };
       90:  481:        if (state->deck[player][i] == province) {
branch  0 taken 13% (fallthrough)
branch  1 taken 87%
       12:  482:            score = score + 6;
        -:  483:        };
       90:  484:        if (state->deck[player][i] == great_hall) {
branch  0 taken 0% (fallthrough)
branch  1 taken 100%
    #####:  485:            score = score + 1;
        -:  486:        };
       90:  487:        if (state->deck[player][i] == gardens) {
branch  0 taken 0% (fallthrough)
branch  1 taken 100%
    #####:  488:            score = score + ( fullDeckCount(player, 0, state) / 10 );
call    0 never executed
        -:  489:        };
        -:  490:    }
        -:  491:
       12:  492:    return score;
        -:  493:}
        -:  494:
function getWinners called 0 returned 0% blocks executed 0%
    #####:  495:int getWinners(int players[MAX_PLAYERS], struct gameState *state) {
        -:  496:    int i;
        -:  497:    int j;
        -:  498:    int highScore;
        -:  499:    int currentPlayer;
        -:  500:
        -:  501:    //get score for each player
    #####:  502:    for (i = 0; i < MAX_PLAYERS; i++)
branch  0 never executed
branch  1 never executed
        -:  503:    {
        -:  504:        //set unused player scores to -9999
    #####:  505:        if (i >= state->numPlayers)
branch  0 never executed
branch  1 never executed
        -:  506:        {
    #####:  507:            players[i] = -9999;
        -:  508:        }
        -:  509:        else
        -:  510:        {
    #####:  511:            players[i] = scoreFor (i, state);
call    0 never executed
        -:  512:        }
        -:  513:    }
        -:  514:
        -:  515:    //find highest score
    #####:  516:    j = 0;
    #####:  517:    for (i = 0; i < MAX_PLAYERS; i++)
branch  0 never executed
branch  1 never executed
        -:  518:    {
    #####:  519:        if (players[i] > players[j])
branch  0 never executed
branch  1 never executed
        -:  520:        {
    #####:  521:            j = i;
        -:  522:        }
        -:  523:    }
    #####:  524:    highScore = players[j];
        -:  525:
        -:  526:    //add 1 to players who had less turns
    #####:  527:    currentPlayer = whoseTurn(state);
call    0 never executed
    #####:  528:    for (i = 0; i < MAX_PLAYERS; i++)
branch  0 never executed
branch  1 never executed
        -:  529:    {
    #####:  530:        if ( players[i] == highScore && i > currentPlayer )
branch  0 never executed
branch  1 never executed
branch  2 never executed
branch  3 never executed
        -:  531:        {
    #####:  532:            players[i]++;
        -:  533:        }
        -:  534:    }
        -:  535:
        -:  536:    //find new highest score
    #####:  537:    j = 0;
    #####:  538:    for (i = 0; i < MAX_PLAYERS; i++)
branch  0 never executed
branch  1 never executed
        -:  539:    {
    #####:  540:        if ( players[i] > players[j] )
branch  0 never executed
branch  1 never executed
        -:  541:        {
    #####:  542:            j = i;
        -:  543:        }
        -:  544:    }
    #####:  545:    highScore = players[j];
        -:  546:
        -:  547:    //set winners in array to 1 and rest to 0
    #####:  548:    for (i = 0; i < MAX_PLAYERS; i++)
branch  0 never executed
branch  1 never executed
        -:  549:    {
    #####:  550:        if ( players[i] == highScore )
branch  0 never executed
branch  1 never executed
        -:  551:        {
    #####:  552:            players[i] = 1;
        -:  553:        }
        -:  554:        else
        -:  555:        {
    #####:  556:            players[i] = 0;
        -:  557:        }
        -:  558:    }
        -:  559:
    #####:  560:    return 0;
        -:  561:}
        -:  562:
function drawCard called 295 returned 100% blocks executed 38%
      295:  563:int drawCard(int player, struct gameState *state)
        -:  564:{   int count;
        -:  565:    int deckCounter;
      295:  566:    if (state->deckCount[player] <= 0) { //Deck is empty
branch  0 taken 0% (fallthrough)
branch  1 taken 100%
        -:  567:
        -:  568:        //Step 1 Shuffle the discard pile back into a deck
        -:  569:        int i;
        -:  570:        //Move discard to deck
    #####:  571:        for (i = 0; i < state->discardCount[player]; i++) {
branch  0 never executed
branch  1 never executed
    #####:  572:            state->deck[player][i] = state->discard[player][i];
    #####:  573:            state->discard[player][i] = -1;
        -:  574:        }
        -:  575:
    #####:  576:        state->deckCount[player] = state->discardCount[player];
    #####:  577:        state->discardCount[player] = 0;//Reset discard
        -:  578:
        -:  579:        //Shufffle the deck
    #####:  580:        shuffle(player, state);//Shuffle the deck up and make it so that we can draw
call    0 never executed
        -:  581:
        -:  582:        if (DEBUG) { //Debug statements
        -:  583:            printf("Deck count now: %d\n", state->deckCount[player]);
        -:  584:        }
        -:  585:
    #####:  586:        state->discardCount[player] = 0;
        -:  587:
        -:  588:        //Step 2 Draw Card
    #####:  589:        count = state->handCount[player];//Get current player's hand count
        -:  590:
        -:  591:        if (DEBUG) { //Debug statements
        -:  592:            printf("Current hand count: %d\n", count);
        -:  593:        }
        -:  594:
    #####:  595:        deckCounter = state->deckCount[player];//Create a holder for the deck count
        -:  596:
    #####:  597:        if (deckCounter == 0)
branch  0 never executed
branch  1 never executed
    #####:  598:            return -1;
        -:  599:
    #####:  600:        state->hand[player][count] = state->deck[player][deckCounter - 1];//Add card to hand
    #####:  601:        state->deckCount[player]--;
    #####:  602:        state->handCount[player]++;//Increment hand count
        -:  603:    }
        -:  604:
        -:  605:    else {
      295:  606:        int count = state->handCount[player];//Get current hand count for player
        -:  607:        int deckCounter;
        -:  608:        if (DEBUG) { //Debug statements
        -:  609:            printf("Current hand count: %d\n", count);
        -:  610:        }
        -:  611:
      295:  612:        deckCounter = state->deckCount[player];//Create holder for the deck count
      295:  613:        state->hand[player][count] = state->deck[player][deckCounter - 1];//Add card to the hand
      295:  614:        state->deckCount[player]--;
      295:  615:        state->handCount[player]++;//Increment hand count
        -:  616:    }
        -:  617:
      295:  618:    return 0;
        -:  619:}
        -:  620:
function getCost called 76 returned 100% blocks executed 27%
       76:  621:int getCost(int cardNumber)
        -:  622:{
       76:  623:    switch( cardNumber )
branch  0 taken 0%
branch  1 taken 9%
branch  2 taken 0%
branch  3 taken 0%
branch  4 taken 28%
branch  5 taken 28%
branch  6 taken 17%
branch  7 taken 9%
branch  8 taken 0%
branch  9 taken 0%
branch 10 taken 9%
branch 11 taken 0%
branch 12 taken 0%
branch 13 taken 0%
branch 14 taken 0%
branch 15 taken 0%
branch 16 taken 0%
branch 17 taken 0%
branch 18 taken 0%
branch 19 taken 0%
branch 20 taken 0%
branch 21 taken 0%
branch 22 taken 0%
branch 23 taken 0%
branch 24 taken 0%
branch 25 taken 0%
branch 26 taken 0%
branch 27 taken 0%
        -:  624:    {
        -:  625:    case curse:
    #####:  626:        return 0;
        -:  627:    case estate:
        7:  628:        return 2;
        -:  629:    case duchy:
    #####:  630:        return 5;
        -:  631:    case province:
    #####:  632:        return 8;
        -:  633:    case copper:
       21:  634:        return 0;
        -:  635:    case silver:
       21:  636:        return 3;
        -:  637:    case gold:
       13:  638:        return 6;
        -:  639:    case adventurer:
        7:  640:        return 6;
        -:  641:    case council_room:
    #####:  642:        return 5;
        -:  643:    case feast:
    #####:  644:        return 4;
        -:  645:    case gardens:
        7:  646:        return 4;
        -:  647:    case mine:
    #####:  648:        return 5;
        -:  649:    case remodel:
    #####:  650:        return 4;
        -:  651:    case smithy:
    #####:  652:        return 4;
        -:  653:    case village:
    #####:  654:        return 3;
        -:  655:    case baron:
    #####:  656:        return 4;
        -:  657:    case great_hall:
    #####:  658:        return 3;
        -:  659:    case minion:
    #####:  660:        return 5;
        -:  661:    case steward:
    #####:  662:        return 3;
        -:  663:    case tribute:
    #####:  664:        return 5;
        -:  665:    case ambassador:
    #####:  666:        return 3;
        -:  667:    case cutpurse:
    #####:  668:        return 4;
        -:  669:    case embargo:
    #####:  670:        return 2;
        -:  671:    case outpost:
    #####:  672:        return 5;
        -:  673:    case salvager:
    #####:  674:        return 4;
        -:  675:    case sea_hag:
    #####:  676:        return 4;
        -:  677:    case treasure_map:
    #####:  678:        return 4;
        -:  679:    }
        -:  680:
    #####:  681:    return -1;
        -:  682:}
        -:  683:
function cardEffect called 65 returned 100% blocks executed 38%
       65:  684:int cardEffect(int card, int choice1, int choice2, int choice3, struct gameState *state, int handPos, int *bonus)
        -:  685:{
        -:  686:    int i;
        -:  687:    int j;
        -:  688:    int k;
        -:  689:    int x;
        -:  690:    int index;
       65:  691:    int currentPlayer = whoseTurn(state);
call    0 returned 100%
       65:  692:    int nextPlayer = currentPlayer + 1;
        -:  693:
       65:  694:    int tributeRevealedCards[2] = {-1, -1};
        -:  695:    int temphand[MAX_HAND];// moved above the if statement
       65:  696:    int drawntreasure=0;
        -:  697:    int cardDrawn;
       65:  698:    int z = 0;// this is the counter for the temp hand
       65:  699:    if (nextPlayer > (state->numPlayers - 1)) {
branch  0 taken 14% (fallthrough)
branch  1 taken 86%
        9:  700:        nextPlayer = 0;
        -:  701:    }
        -:  702:
        -:  703:
        -:  704:    //uses switch to select card and perform actions
       65:  705:    switch( card )
branch  0 taken 0%
branch  1 taken 0%
branch  2 taken 9%
branch  3 taken 0%
branch  4 taken 32%
branch  5 taken 22%
branch  6 taken 0%
branch  7 taken 0%
branch  8 taken 0%
branch  9 taken 0%
branch 10 taken 9%
branch 11 taken 0%
branch 12 taken 18%
branch 13 taken 9%
branch 14 taken 0%
branch 15 taken 0%
branch 16 taken 0%
branch 17 taken 0%
branch 18 taken 0%
branch 19 taken 0%
branch 20 taken 0%
        -:  706:    {
        -:  707:    case adventurer:
    #####:  708:        while(drawntreasure<2) {
branch  0 never executed
branch  1 never executed
    #####:  709:            if (state->deckCount[currentPlayer] <1) { //if the deck is empty we need to shuffle discard and add to deck
branch  0 never executed
branch  1 never executed
    #####:  710:                shuffle(currentPlayer, state);
call    0 never executed
        -:  711:            }
    #####:  712:            drawCard(currentPlayer, state);
call    0 never executed
    #####:  713:            cardDrawn = state->hand[currentPlayer][state->handCount[currentPlayer]-1];//top card of hand is most recently drawn card.
    #####:  714:            if (cardDrawn == copper || cardDrawn == silver || cardDrawn == gold)
branch  0 never executed
branch  1 never executed
branch  2 never executed
branch  3 never executed
branch  4 never executed
branch  5 never executed
    #####:  715:                drawntreasure++;
        -:  716:            else {
    #####:  717:                temphand[z]=cardDrawn;
    #####:  718:                state->handCount[currentPlayer]--; //this should just remove the top card (the most recently drawn one).
    #####:  719:                z++;
        -:  720:            }
        -:  721:        }
    #####:  722:        while(z-1>=0) {
branch  0 never executed
branch  1 never executed
    #####:  723:            state->discard[currentPlayer][state->discardCount[currentPlayer]++]=temphand[z-1]; // discard all cards in play that have been drawn
    #####:  724:            z=z-1;
        -:  725:        }
    #####:  726:        return 0;
        -:  727:
        -:  728:    case council_room:
        -:  729:        //+4 Cards
    #####:  730:        for (i = 0; i < 4; i++)
branch  0 never executed
branch  1 never executed
        -:  731:        {
    #####:  732:            drawCard(currentPlayer, state);
call    0 never executed
        -:  733:        }
        -:  734:
        -:  735:        //+1 Buy
    #####:  736:        state->numBuys++;
        -:  737:
        -:  738:        //Each other player draws a card
    #####:  739:        for (i = 0; i < state->numPlayers; i++)
branch  0 never executed
branch  1 never executed
        -:  740:        {
    #####:  741:            if ( i != currentPlayer )
branch  0 never executed
branch  1 never executed
        -:  742:            {
    #####:  743:                drawCard(i, state);
call    0 never executed
        -:  744:            }
        -:  745:        }
        -:  746:
        -:  747:        //put played card in played card pile
    #####:  748:        discardCard(handPos, currentPlayer, state, 0);
call    0 never executed
        -:  749:
    #####:  750:        return 0;
        -:  751:
        -:  752:    case feast:
        -:  753:        //gain card with cost up to 5
        -:  754:        //Backup hand
       42:  755:        for (i = 0; i <= state->handCount[currentPlayer]; i++) {
branch  0 taken 86%
branch  1 taken 14% (fallthrough)
       36:  756:            temphand[i] = state->hand[currentPlayer][i];//Backup card
       36:  757:            state->hand[currentPlayer][i] = -1;//Set to nothing
        -:  758:        }
        -:  759:        //Backup hand
        -:  760:
        -:  761:        //Update Coins for Buy
        6:  762:        updateCoins(currentPlayer, state, 5);
call    0 returned 100%
        6:  763:        x = 1;//Condition to loop on
       18:  764:        while( x == 1) {//Buy one card
branch  0 taken 50%
branch  1 taken 50% (fallthrough)
        6:  765:            if (supplyCount(choice1, state) <= 0) {
call    0 returned 100%
branch  1 taken 100% (fallthrough)
branch  2 taken 0%
        -:  766:                if (DEBUG)
        -:  767:                    printf("None of that card left, sorry!\n");
        -:  768:
        -:  769:                if (DEBUG) {
        -:  770:                    printf("Cards Left: %d\n", supplyCount(choice1, state));
        -:  771:                }
        -:  772:            }
        6:  773:            else if (state->coins < getCost(choice1)) {
call    0 returned 100%
branch  1 taken 100% (fallthrough)
branch  2 taken 0%
        6:  774:                printf("That card is too expensive!\n");
call    0 returned 100%
        6:  775:                x=0;
        -:  776:                if (DEBUG) {
        -:  777:                    printf("Coins: %d < %d\n", state->coins, getCost(choice1));
        -:  778:                }
        -:  779:            }
        -:  780:            else {
        -:  781:
        -:  782:                if (DEBUG) {
        -:  783:                    printf("Deck Count: %d\n", state->handCount[currentPlayer] + state->deckCount[currentPlayer] + state->discardCount[currentPlayer]);
        -:  784:                }
        -:  785:
    #####:  786:                gainCard(choice1, state, 0, currentPlayer);//Gain the card
call    0 never executed
    #####:  787:                x = 0;//No more buying cards
        -:  788:
        -:  789:                if (DEBUG) {
        -:  790:                    printf("Deck Count: %d\n", state->handCount[currentPlayer] + state->deckCount[currentPlayer] + state->discardCount[currentPlayer]);
        -:  791:                }
        -:  792:
        -:  793:            }
        -:  794:        }
        -:  795:
        -:  796:        //Reset Hand
       42:  797:        for (i = 0; i <= state->handCount[currentPlayer]; i++) {
branch  0 taken 86%
branch  1 taken 14% (fallthrough)
       36:  798:            state->hand[currentPlayer][i] = temphand[i];
       36:  799:            temphand[i] = -1;
        -:  800:        }
        -:  801:        //Reset Hand
        6:  802:        *bonus = state->coins;
        6:  803:        return 0;
        -:  804:
        -:  805:    case gardens:
    #####:  806:        return -1;
        -:  807:
        -:  808:    case mine:
       21:  809:        j = state->hand[currentPlayer][choice1];  //store card we will trash
        -:  810:
       21:  811:        if (state->hand[currentPlayer][choice1] < copper || state->hand[currentPlayer][choice1] > gold)
branch  0 taken 100% (fallthrough)
branch  1 taken 0%
branch  2 taken 0% (fallthrough)
branch  3 taken 100%
        -:  812:        {
    #####:  813:            return -1;
        -:  814:        }
        -:  815:
       21:  816:        if (choice2 > treasure_map || choice2 < curse)
branch  0 taken 100% (fallthrough)
branch  1 taken 0%
branch  2 taken 0% (fallthrough)
branch  3 taken 100%
        -:  817:        {
    #####:  818:            return -1;
        -:  819:        }
        -:  820:
       21:  821:        if ( getCost(choice2) > (getCost(state->hand[currentPlayer][choice1]) + 3))
call    0 returned 100%
call    1 returned 100%
branch  2 taken 33% (fallthrough)
branch  3 taken 67%
        -:  822:        {
        7:  823:            return -1;
        -:  824:        }
        -:  825:
       14:  826:        gainCard(choice2, state, 2, currentPlayer);
call    0 returned 100%
        -:  827:
        -:  828:        //discard card from hand
       14:  829:        discardCard(handPos, currentPlayer, state, 0);
call    0 returned 100%
        -:  830:
        -:  831:        //discard trashed card
       14:  832:        for (i = 0; i < state->handCount[currentPlayer]; i++)
branch  0 taken 100%
branch  1 taken 0% (fallthrough)
        -:  833:        {
       14:  834:            if (state->hand[currentPlayer][i] == j)
branch  0 taken 100% (fallthrough)
branch  1 taken 0%
        -:  835:            {
       14:  836:                discardCard(i, currentPlayer, state, 1);
call    0 returned 100%
       14:  837:                break;
        -:  838:            }
        -:  839:        }
        -:  840:
       14:  841:        return 0;
        -:  842:
        -:  843:    case remodel:
       14:  844:        j = state->hand[currentPlayer][choice1];  //store card we will trash
        -:  845:
       14:  846:        if ( getCost(choice2) > (getCost(state->hand[currentPlayer][choice1]) + 2))
call    0 returned 100%
call    1 returned 100%
branch  2 taken 50% (fallthrough)
branch  3 taken 50%
        -:  847:        {
        7:  848:            return -1;
        -:  849:        }
        -:  850:
        7:  851:        gainCard(choice2, state, 0, currentPlayer);
call    0 returned 100%
        -:  852:
        -:  853:        //discard card from hand
        7:  854:        discardCard(handPos, currentPlayer, state, 0);
call    0 returned 100%
        -:  855:
        -:  856:        //discard trashed card
       21:  857:        for (i = 0; i < state->handCount[currentPlayer]; i++)
branch  0 taken 100%
branch  1 taken 0% (fallthrough)
        -:  858:        {
       21:  859:            if (state->hand[currentPlayer][i] == j)
branch  0 taken 33% (fallthrough)
branch  1 taken 67%
        -:  860:            {
        7:  861:                discardCard(i, currentPlayer, state, 0);
call    0 returned 100%
        7:  862:                break;
        -:  863:            }
        -:  864:        }
        -:  865:
        -:  866:
        7:  867:        return 0;
        -:  868:
        -:  869:    case smithy:
        -:  870:        //+3 Cards
    #####:  871:        for (i = 0; i < 3; i++)
branch  0 never executed
branch  1 never executed
        -:  872:        {
    #####:  873:            drawCard(currentPlayer, state);
call    0 never executed
        -:  874:        }
        -:  875:
        -:  876:        //discard card from hand
    #####:  877:        discardCard(handPos, currentPlayer, state, 0);
call    0 never executed
    #####:  878:        return 0;
        -:  879:
        -:  880:    case village:
        -:  881:        //+1 Card
    #####:  882:        drawCard(currentPlayer, state);
call    0 never executed
        -:  883:
        -:  884:        //+2 Actions
    #####:  885:        state->numActions = state->numActions + 2;
        -:  886:
        -:  887:        //discard played card from hand
    #####:  888:        discardCard(handPos, currentPlayer, state, 0);
call    0 never executed
    #####:  889:        return 0;
        -:  890:
        -:  891:    case baron:
    #####:  892:        state->numBuys++;//Increase buys by 1!
    #####:  893:        if (choice1 > 0) { //Boolean true or going to discard an estate
branch  0 never executed
branch  1 never executed
    #####:  894:            int p = 0;//Iterator for hand!
    #####:  895:            int card_not_discarded = 1;//Flag for discard set!
    #####:  896:            while(card_not_discarded) {
branch  0 never executed
branch  1 never executed
    #####:  897:                if (state->hand[currentPlayer][p] == estate) { //Found an estate card!
branch  0 never executed
branch  1 never executed
    #####:  898:                    state->coins += 4;//Add 4 coins to the amount of coins
    #####:  899:                    state->discard[currentPlayer][state->discardCount[currentPlayer]] = state->hand[currentPlayer][p];
    #####:  900:                    state->discardCount[currentPlayer]++;
    #####:  901:                    for (; p < state->handCount[currentPlayer]; p++) {
branch  0 never executed
branch  1 never executed
    #####:  902:                        state->hand[currentPlayer][p] = state->hand[currentPlayer][p+1];
        -:  903:                    }
    #####:  904:                    state->hand[currentPlayer][state->handCount[currentPlayer]] = -1;
    #####:  905:                    state->handCount[currentPlayer]--;
    #####:  906:                    card_not_discarded = 0;//Exit the loop
        -:  907:                }
    #####:  908:                else if (p > state->handCount[currentPlayer]) {
branch  0 never executed
branch  1 never executed
        -:  909:                    if(DEBUG) {
        -:  910:                        printf("No estate cards in your hand, invalid choice\n");
        -:  911:                        printf("Must gain an estate if there are any\n");
        -:  912:                    }
    #####:  913:                    if (supplyCount(estate, state) > 0) {
call    0 never executed
branch  1 never executed
branch  2 never executed
    #####:  914:                        gainCard(estate, state, 0, currentPlayer);
call    0 never executed
        -:  915:
    #####:  916:                        state->supplyCount[estate]--;//Decrement estates
    #####:  917:                        if (supplyCount(estate, state) == 0) {
call    0 never executed
branch  1 never executed
branch  2 never executed
    #####:  918:                            isGameOver(state);
call    0 never executed
        -:  919:                        }
        -:  920:                    }
    #####:  921:                    card_not_discarded = 0;//Exit the loop
        -:  922:                }
        -:  923:
        -:  924:                else {
    #####:  925:                    p++;//Next card
        -:  926:                }
        -:  927:            }
        -:  928:        }
        -:  929:
        -:  930:        else {
    #####:  931:            if (supplyCount(estate, state) > 0) {
call    0 never executed
branch  1 never executed
branch  2 never executed
    #####:  932:                gainCard(estate, state, 0, currentPlayer);//Gain an estate
call    0 never executed
        -:  933:
    #####:  934:                state->supplyCount[estate]--;//Decrement Estates
    #####:  935:                if (supplyCount(estate, state) == 0) {
call    0 never executed
branch  1 never executed
branch  2 never executed
    #####:  936:                    isGameOver(state);
call    0 never executed
        -:  937:                }
        -:  938:            }
        -:  939:        }
        -:  940:
    #####:  941:        *bonus = state->coins;
    #####:  942:        return 0;
        -:  943:
        -:  944:    case great_hall:
        -:  945:        //+1 Card
    #####:  946:        drawCard(currentPlayer, state);
call    0 never executed
        -:  947:
        -:  948:        //+1 Actions
    #####:  949:        state->numActions++;
        -:  950:
        -:  951:        //discard card from hand
    #####:  952:        discardCard(handPos, currentPlayer, state, 0);
call    0 never executed
    #####:  953:        return 0;
        -:  954:
        -:  955:    case minion:
        -:  956:        //+1 action
        6:  957:        state->numActions++;
        -:  958:
        -:  959:        //discard card from hand
        6:  960:        discardCard(handPos, currentPlayer, state, 0);
call    0 returned 100%
        -:  961:
        6:  962:		if (choice1)
branch  0 taken 100% (fallthrough)
branch  1 taken 0%
        -:  963:        {
        6:  964:            state->coins = state->coins + 2;
        -:  965:        }
    #####:  966:        else if (choice2)		//discard hand, redraw 4, other players with 5+ cards discard hand and draw 4
branch  0 never executed
branch  1 never executed
        -:  967:        {
        -:  968:            //discard hand
    #####:  969:            while(numHandCards(state) > 0)
call    0 never executed
branch  1 never executed
branch  2 never executed
        -:  970:            {
    #####:  971:                discardCard(handPos, currentPlayer, state, 0);
call    0 never executed
        -:  972:            }
        -:  973:
        -:  974:            //draw 4
    #####:  975:            for (i = 0; i < 4; i++)
branch  0 never executed
branch  1 never executed
        -:  976:            {
    #####:  977:                drawCard(currentPlayer, state);
call    0 never executed
        -:  978:            }
        -:  979:
        -:  980:            //other players discard hand and redraw if hand size > 4
    #####:  981:            for (i = 0; i < state->numPlayers; i++)
branch  0 never executed
branch  1 never executed
        -:  982:            {
    #####:  983:                if (i != currentPlayer)
branch  0 never executed
branch  1 never executed
        -:  984:                {
    #####:  985:                    if ( state->handCount[i] > 4 )
branch  0 never executed
branch  1 never executed
        -:  986:                    {
        -:  987:                        //discard hand
    #####:  988:                        while( state->handCount[i] > 0 )
branch  0 never executed
branch  1 never executed
        -:  989:                        {
    #####:  990:                            discardCard(handPos, i, state, 0);
call    0 never executed
        -:  991:                        }
        -:  992:
        -:  993:                        //draw 4
    #####:  994:                        for (j = 0; j < 4; j++)
branch  0 never executed
branch  1 never executed
        -:  995:                        {
    #####:  996:                            drawCard(i, state);
call    0 never executed
        -:  997:                        }
        -:  998:                    }
        -:  999:                }
        -: 1000:            }
        -: 1001:
        -: 1002:        }
        6: 1003:        *bonus = state->coins;
        6: 1004:        return 0;
        -: 1005:
        -: 1006:    case steward:
    #####: 1007:        if (choice1 == 1)
branch  0 never executed
branch  1 never executed
        -: 1008:        {
        -: 1009:            //+2 cards
    #####: 1010:            drawCard(currentPlayer, state);
call    0 never executed
    #####: 1011:            drawCard(currentPlayer, state);
call    0 never executed
        -: 1012:        }
    #####: 1013:        else if (choice1 == 2)
branch  0 never executed
branch  1 never executed
        -: 1014:        {
        -: 1015:            //+2 coins
    #####: 1016:            state->coins = state->coins + 2;
        -: 1017:        }
        -: 1018:        else
        -: 1019:        {
        -: 1020:            //trash 2 cards in hand
    #####: 1021:            discardCard(choice2, currentPlayer, state, 1);
call    0 never executed
    #####: 1022:            discardCard(choice3, currentPlayer, state, 1);
call    0 never executed
        -: 1023:        }
        -: 1024:
        -: 1025:        //discard card from hand
    #####: 1026:        discardCard(handPos, currentPlayer, state, 0);
call    0 never executed
    #####: 1027:        *bonus = state->coins;
    #####: 1028:        return 0;
        -: 1029:
        -: 1030:    case tribute:
       12: 1031:        if ((state->discardCount[nextPlayer] + state->deckCount[nextPlayer]) <= 1) {
branch  0 taken 0% (fallthrough)
branch  1 taken 100%
    #####: 1032:            if (state->deckCount[nextPlayer] > 0) {
branch  0 never executed
branch  1 never executed
    #####: 1033:                tributeRevealedCards[0] = state->deck[nextPlayer][state->deckCount[nextPlayer]-1];
    #####: 1034:                state->deckCount[nextPlayer]--;
        -: 1035:            }
    #####: 1036:            else if (state->discardCount[nextPlayer] > 0) {
branch  0 never executed
branch  1 never executed
    #####: 1037:                tributeRevealedCards[0] = state->discard[nextPlayer][state->discardCount[nextPlayer]-1];
    #####: 1038:                state->discardCount[nextPlayer]--;
        -: 1039:            }
        -: 1040:            else {
        -: 1041:                //No Card to Reveal
        -: 1042:                if (DEBUG) {
        -: 1043:                    printf("No cards to reveal\n");
        -: 1044:                }
        -: 1045:            }
        -: 1046:        }
        -: 1047:
        -: 1048:        else {
       12: 1049:            if (state->deckCount[nextPlayer] == 0) {
branch  0 taken 0% (fallthrough)
branch  1 taken 100%
    #####: 1050:                for (i = 0; i < state->discardCount[nextPlayer]; i++) {
branch  0 never executed
branch  1 never executed
    #####: 1051:                    state->deck[nextPlayer][i] = state->discard[nextPlayer][i];//Move to deck
    #####: 1052:                    state->deckCount[nextPlayer]++;
    #####: 1053:                    state->discard[nextPlayer][i] = -1;
    #####: 1054:                    state->discardCount[nextPlayer]--;
        -: 1055:                }
        -: 1056:
    #####: 1057:                shuffle(nextPlayer,state);//Shuffle the deck
call    0 never executed
        -: 1058:            }
       12: 1059:            tributeRevealedCards[0] = state->deck[nextPlayer][state->deckCount[nextPlayer]-1];
       12: 1060:            state->deck[nextPlayer][state->deckCount[nextPlayer]] = -1;
       12: 1061:            state->deckCount[nextPlayer]--;
       12: 1062:            tributeRevealedCards[1] = state->deck[nextPlayer][state->deckCount[nextPlayer]-1];
       12: 1063:            state->deck[nextPlayer][state->deckCount[nextPlayer]] = -1;
       12: 1064:            state->deckCount[nextPlayer]--;
        -: 1065:        }
        -: 1066:
       12: 1067:        if (tributeRevealedCards[0] == tributeRevealedCards[1]) { //If we have a duplicate card, just drop one
branch  0 taken 50% (fallthrough)
branch  1 taken 50%
        6: 1068:            state->playedCards[state->playedCardCount] = tributeRevealedCards[1];
        6: 1069:            state->playedCardCount++;
        6: 1070:            tributeRevealedCards[1] = -1;
        -: 1071:        }
        -: 1072:        
       36: 1073:        for (i = 0; i < 2; i ++) {
branch  0 taken 67%
branch  1 taken 33% (fallthrough)
       24: 1074:            if (tributeRevealedCards[i] == copper || tributeRevealedCards[i] == silver || tributeRevealedCards[i] == gold) { //Treasure cards
branch  0 taken 96% (fallthrough)
branch  1 taken 4%
branch  2 taken 100% (fallthrough)
branch  3 taken 0%
branch  4 taken 26% (fallthrough)
branch  5 taken 74%
        7: 1075:                state->coins += 2;
        -: 1076:            }
        -: 1077:
       17: 1078:            else if (tributeRevealedCards[i] == estate || tributeRevealedCards[i] == duchy || tributeRevealedCards[i] == province || tributeRevealedCards[i] == gardens || tributeRevealedCards[i] == great_hall) { //Victory Card Found
branch  0 taken 100% (fallthrough)
branch  1 taken 0%
branch  2 taken 100% (fallthrough)
branch  3 taken 0%
branch  4 taken 100% (fallthrough)
branch  5 taken 0%
branch  6 taken 100% (fallthrough)
branch  7 taken 0%
branch  8 taken 0% (fallthrough)
branch  9 taken 100%
    #####: 1079:                drawCard(currentPlayer, state);
call    0 never executed
    #####: 1080:                drawCard(currentPlayer, state);
call    0 never executed
        -: 1081:            }
        -: 1082:            
       17: 1083:            else if (tributeRevealedCards[i] >= adventurer)
branch  0 taken 53% (fallthrough)
branch  1 taken 47%
        -: 1084:            {
        9: 1085:                state->numActions = state->numActions + 2;
        -: 1086:            }
        -: 1087:        }
       12: 1088:        *bonus = state->coins;
       12: 1089:        return 0;
        -: 1090:
        -: 1091:    case ambassador:
        6: 1092:        j = 0;		//used to check if player has enough cards to discard
        -: 1093:
        6: 1094:        if (choice2 > 2 || choice2 < 0)
branch  0 taken 100% (fallthrough)
branch  1 taken 0%
branch  2 taken 0% (fallthrough)
branch  3 taken 100%
        -: 1095:        {
    #####: 1096:            return -1;
        -: 1097:        }
        -: 1098:
        6: 1099:        if (choice1 == handPos)
branch  0 taken 0% (fallthrough)
branch  1 taken 100%
        -: 1100:        {
    #####: 1101:            return -1;
        -: 1102:        }
        -: 1103:
     1566: 1104:        for (i = 0; i < state->handCount[currentPlayer]; i++)
branch  0 taken 99%
branch  1 taken 1% (fallthrough)
        -: 1105:        {
     1560: 1106:            if (i != handPos && state->hand[currentPlayer][i] == state->hand[currentPlayer][choice1] && i != choice1)
branch  0 taken 99% (fallthrough)
branch  1 taken 1%
branch  2 taken 95% (fallthrough)
branch  3 taken 5%
branch  4 taken 99% (fallthrough)
branch  5 taken 1%
        -: 1107:            {
     1472: 1108:                j++;
        -: 1109:            }
        -: 1110:        }
        6: 1111:        if (j < choice2)
branch  0 taken 0% (fallthrough)
branch  1 taken 100%
        -: 1112:        {
    #####: 1113:            return -1;
        -: 1114:        }
        -: 1115:
        -: 1116:        if (DEBUG)
        -: 1117:            printf("Player %d reveals card number: %d\n", currentPlayer, state->hand[currentPlayer][choice1]);
        -: 1118:
        -: 1119:        //increase supply count for choosen card by amount being discarded
        6: 1120:        state->supplyCount[state->hand[currentPlayer][choice1]] += choice2;
        -: 1121:
        -: 1122:        //each other player gains a copy of revealed card
       27: 1123:        for (i = 0; i < state->numPlayers; i++)
branch  0 taken 78%
branch  1 taken 22% (fallthrough)
        -: 1124:        {
       21: 1125:            if (i != currentPlayer)
branch  0 taken 71% (fallthrough)
branch  1 taken 29%
        -: 1126:            {
       15: 1127:                gainCard(state->hand[currentPlayer][choice1], state, 0, i);
call    0 returned 100%
        -: 1128:            }
        -: 1129:        }
        -: 1130:
        -: 1131:        //discard played card from hand
        6: 1132:        discardCard(handPos, currentPlayer, state, 0);
call    0 returned 100%
        -: 1133:
        -: 1134:        //trash copies of cards returned to supply
       18: 1135:        for (j = 0; j < choice2; j++)
branch  0 taken 67%
branch  1 taken 33% (fallthrough)
        -: 1136:        {
     3120: 1137:            for (i = 0; i < state->handCount[currentPlayer]; i++)
branch  0 taken 99%
branch  1 taken 1% (fallthrough)
        -: 1138:            {
     3108: 1139:                if (state->hand[currentPlayer][i] == state->hand[currentPlayer][choice1])
branch  0 taken 0% (fallthrough)
branch  1 taken 100%
        -: 1140:                {
    #####: 1141:                    discardCard(i, currentPlayer, state, 1);
call    0 never executed
    #####: 1142:                    break;
        -: 1143:                }
        -: 1144:            }
        -: 1145:        }
        -: 1146:
        6: 1147:        return 0;
        -: 1148:
        -: 1149:    case cutpurse:
        -: 1150:
    #####: 1151:        updateCoins(currentPlayer, state, 2);
call    0 never executed
    #####: 1152:        for (i = 0; i < state->numPlayers; i++)
branch  0 never executed
branch  1 never executed
        -: 1153:        {
    #####: 1154:            if (i != currentPlayer)
branch  0 never executed
branch  1 never executed
        -: 1155:            {
    #####: 1156:                for (j = 0; j < state->handCount[i]; j++)
branch  0 never executed
branch  1 never executed
        -: 1157:                {
    #####: 1158:                    if (state->hand[i][j] == copper)
branch  0 never executed
branch  1 never executed
        -: 1159:                    {
    #####: 1160:                        discardCard(j, i, state, 0);
call    0 never executed
    #####: 1161:                        break;
        -: 1162:                    }
    #####: 1163:                    if (j == state->handCount[i])
branch  0 never executed
branch  1 never executed
        -: 1164:                    {
    #####: 1165:                        for (k = 0; k < state->handCount[i]; k++)
branch  0 never executed
branch  1 never executed
        -: 1166:                        {
        -: 1167:                            if (DEBUG)
        -: 1168:                                printf("Player %d reveals card number %d\n", i, state->hand[i][k]);
        -: 1169:                        }
    #####: 1170:                        break;
        -: 1171:                    }
        -: 1172:                }
        -: 1173:
        -: 1174:            }
        -: 1175:
        -: 1176:        }
        -: 1177:
        -: 1178:        //discard played card from hand
    #####: 1179:        discardCard(handPos, currentPlayer, state, 0);
call    0 never executed
        -: 1180:
    #####: 1181:        return 0;
        -: 1182:
        -: 1183:
        -: 1184:    case embargo:
        -: 1185:        //+2 Coins
    #####: 1186:        state->coins = state->coins + 2;
        -: 1187:
        -: 1188:        //see if selected pile is in play
    #####: 1189:        if ( state->supplyCount[choice1] == -1 )
branch  0 never executed
branch  1 never executed
        -: 1190:        {
    #####: 1191:            return -1;
        -: 1192:        }
        -: 1193:
        -: 1194:        //add embargo token to selected supply pile
    #####: 1195:        state->embargoTokens[choice1]++;
        -: 1196:
        -: 1197:        //trash card
    #####: 1198:        discardCard(handPos, currentPlayer, state, 1);
call    0 never executed
    #####: 1199:        *bonus = state->coins;
    #####: 1200:        return 0;
        -: 1201:
        -: 1202:    case outpost:
        -: 1203:        //set outpost flag
    #####: 1204:        state->outpostPlayed++;
        -: 1205:
        -: 1206:        //discard card
    #####: 1207:        discardCard(handPos, currentPlayer, state, 0);
call    0 never executed
    #####: 1208:        return 0;
        -: 1209:
        -: 1210:    case salvager:
        -: 1211:        //+1 buy
    #####: 1212:        state->numBuys++;
        -: 1213:
    #####: 1214:        if (choice1)
branch  0 never executed
branch  1 never executed
        -: 1215:        {
        -: 1216:            //gain coins equal to trashed card
    #####: 1217:            state->coins = state->coins + getCost( handCard(choice1, state) );
call    0 never executed
call    1 never executed
        -: 1218:            //trash card
    #####: 1219:            discardCard(choice1, currentPlayer, state, 1);
call    0 never executed
        -: 1220:        }
        -: 1221:
        -: 1222:        //discard card
    #####: 1223:        discardCard(handPos, currentPlayer, state, 0);
call    0 never executed
    #####: 1224:        *bonus = state->coins;
    #####: 1225:        return 0;
        -: 1226:
        -: 1227:    case sea_hag:
    #####: 1228:        for (i = 0; i < state->numPlayers; i++) {
branch  0 never executed
branch  1 never executed
    #####: 1229:            if (i != currentPlayer) {
branch  0 never executed
branch  1 never executed
    #####: 1230:                state->discard[i][state->discardCount[i]] = state->deck[i][state->deckCount[i]--];
    #####: 1231:                state->deckCount[i]--;
    #####: 1232:                state->discardCount[i]++;
    #####: 1233:                state->deck[i][state->deckCount[i]--] = curse;//Top card now a curse
        -: 1234:            }
        -: 1235:        }
    #####: 1236:        return 0;
        -: 1237:
        -: 1238:    case treasure_map:
        -: 1239:        //search hand for another treasure_map
    #####: 1240:        index = -1;
    #####: 1241:        for (i = 0; i < state->handCount[currentPlayer]; i++)
branch  0 never executed
branch  1 never executed
        -: 1242:        {
    #####: 1243:            if (state->hand[currentPlayer][i] == treasure_map && i != handPos)
branch  0 never executed
branch  1 never executed
branch  2 never executed
branch  3 never executed
        -: 1244:            {
    #####: 1245:                index = i;
    #####: 1246:                break;
        -: 1247:            }
        -: 1248:        }
    #####: 1249:        if (index > -1)
branch  0 never executed
branch  1 never executed
        -: 1250:        {
        -: 1251:            //trash both treasure cards
    #####: 1252:            discardCard(handPos, currentPlayer, state, 1);
call    0 never executed
    #####: 1253:            discardCard(index, currentPlayer, state, 1);
call    0 never executed
        -: 1254:
        -: 1255:            //gain 4 Gold cards
    #####: 1256:            for (i = 0; i < 4; i++)
branch  0 never executed
branch  1 never executed
        -: 1257:            {
    #####: 1258:                gainCard(gold, state, 1, currentPlayer);
call    0 never executed
        -: 1259:            }
        -: 1260:
        -: 1261:            //return success
    #####: 1262:            return 1;
        -: 1263:        }
        -: 1264:
        -: 1265:        //no second treasure_map found in hand
    #####: 1266:        return -1;
        -: 1267:    }
        -: 1268:
    #####: 1269:    return -1;
        -: 1270:}
        -: 1271:
function discardCard called 54 returned 100% blocks executed 78%
       54: 1272:int discardCard(int handPos, int currentPlayer, struct gameState *state, int trashFlag)
        -: 1273:{
        -: 1274:
        -: 1275:    //if card is not trashed, added to Played pile
       54: 1276:    if (trashFlag < 1)
branch  0 taken 74% (fallthrough)
branch  1 taken 26%
        -: 1277:    {
        -: 1278:        //add card to played pile
       40: 1279:        state->playedCards[state->playedCardCount] = state->hand[currentPlayer][handPos];
       40: 1280:        state->playedCardCount++;
        -: 1281:    }
        -: 1282:
        -: 1283:    //set played card to -1
       54: 1284:    state->hand[currentPlayer][handPos] = -1;
        -: 1285:
        -: 1286:    //remove card from player's hand
       54: 1287:    if ( handPos == (state->handCount[currentPlayer] - 1) ) 	//last card in hand array is played
branch  0 taken 0% (fallthrough)
branch  1 taken 100%
        -: 1288:    {
        -: 1289:        //reduce number of cards in hand
    #####: 1290:        state->handCount[currentPlayer]--;
        -: 1291:    }
       54: 1292:    else if ( state->handCount[currentPlayer] == 1 ) //only one card in hand
branch  0 taken 0% (fallthrough)
branch  1 taken 100%
        -: 1293:    {
        -: 1294:        //reduce number of cards in hand
    #####: 1295:        state->handCount[currentPlayer]--;
        -: 1296:    }
        -: 1297:    else
        -: 1298:    {
        -: 1299:        //replace discarded card with last card in hand
       54: 1300:        state->hand[currentPlayer][handPos] = state->hand[currentPlayer][ (state->handCount[currentPlayer] - 1)];
        -: 1301:        //set last card to -1
       54: 1302:        state->hand[currentPlayer][state->handCount[currentPlayer] - 1] = -1;
        -: 1303:        //reduce number of cards in hand
       54: 1304:        state->handCount[currentPlayer]--;
        -: 1305:    }
        -: 1306:
       54: 1307:    return 0;
        -: 1308:}
        -: 1309:
function gainCard called 36 returned 100% blocks executed 90%
       36: 1310:int gainCard(int supplyPos, struct gameState *state, int toFlag, int player)
        -: 1311:{
        -: 1312:    //Note: supplyPos is enum of choosen card
        -: 1313:
        -: 1314:    //check if supply pile is empty (0) or card is not used in game (-1)
       36: 1315:    if ( supplyCount(supplyPos, state) < 1 )
call    0 returned 100%
branch  1 taken 11% (fallthrough)
branch  2 taken 89%
        -: 1316:    {
        4: 1317:        return -1;
        -: 1318:    }
        -: 1319:
        -: 1320:    //added card for [whoseTurn] current player:
        -: 1321:    // toFlag = 0 : add to discard
        -: 1322:    // toFlag = 1 : add to deck
        -: 1323:    // toFlag = 2 : add to hand
        -: 1324:
       32: 1325:    if (toFlag == 1)
branch  0 taken 0% (fallthrough)
branch  1 taken 100%
        -: 1326:    {
    #####: 1327:        state->deck[ player ][ state->deckCount[player] ] = supplyPos;
    #####: 1328:        state->deckCount[player]++;
        -: 1329:    }
       32: 1330:    else if (toFlag == 2)
branch  0 taken 44% (fallthrough)
branch  1 taken 56%
        -: 1331:    {
       14: 1332:        state->hand[ player ][ state->handCount[player] ] = supplyPos;
       14: 1333:        state->handCount[player]++;
        -: 1334:    }
        -: 1335:    else
        -: 1336:    {
       18: 1337:        state->discard[player][ state->discardCount[player] ] = supplyPos;
       18: 1338:        state->discardCount[player]++;
        -: 1339:    }
        -: 1340:
        -: 1341:    //decrease number in supply pile
       32: 1342:    state->supplyCount[supplyPos]--;
        -: 1343:
       32: 1344:    return 0;
        -: 1345:}
        -: 1346:
function updateCoins called 71 returned 100% blocks executed 100%
       71: 1347:int updateCoins(int player, struct gameState *state, int bonus)
        -: 1348:{
        -: 1349:    int i;
        -: 1350:
        -: 1351:    //reset coin count
       71: 1352:    state->coins = 0;
        -: 1353:
        -: 1354:    //add coins for each Treasure card in player's hand
     1950: 1355:    for (i = 0; i < state->handCount[player]; i++)
branch  0 taken 96%
branch  1 taken 4% (fallthrough)
        -: 1356:    {
     1879: 1357:        if (state->hand[player][i] == copper)
branch  0 taken 14% (fallthrough)
branch  1 taken 86%
        -: 1358:        {
      261: 1359:            state->coins += 1;
        -: 1360:            
        -: 1361:        }
     1618: 1362:        else if (state->hand[player][i] == silver)
branch  0 taken 4% (fallthrough)
branch  1 taken 96%
        -: 1363:        {
       65: 1364:            state->coins += 2;
        -: 1365:        }
     1553: 1366:        else if (state->hand[player][i] == gold)
branch  0 taken 4% (fallthrough)
branch  1 taken 96%
        -: 1367:        {
       58: 1368:            state->coins += 3;
        -: 1369:        }
        -: 1370:    }
        -: 1371:
        -: 1372:    //add bonus
       71: 1373:    state->coins += bonus;
        -: 1374:
       71: 1375:    return 0;
        -: 1376:}
        -: 1377:
        -: 1378:
        -: 1379://end of dominion.c
        -: 1380:
