        -:    0:Source:dominion.c
        -:    0:Graph:dominion.gcno
        -:    0:Data:dominion.gcda
        -:    0:Runs:1
        -:    0:Programs:1
        -:    1:#include "dominion.h"
        -:    2:#include "dominion_helpers.h"
        -:    3:#include "rngs.h"
        -:    4:#include <stdio.h>
        -:    5:#include <math.h>
        -:    6:#include <stdlib.h>
        -:    7:
        -:    8:int baronCardEffect(int choice1, struct gameState* state, int currentPlayer);
        -:    9:int minionCardEffect(int choice1, int choice2, int handPos, struct gameState* state, int currentPlayer);
        -:   10:int ambassadorCardEffect(int choice1, int choice2, int handPos, struct gameState* state, int currentPlayer);
        -:   11:int tributeCardEffect(struct gameState* state, int currentPlayer, int nextPlayer, int tributeRevealedCards[]);
        -:   12:int mineCardEffect(int choice1, int choice2, int handPos, struct gameState* state, int currentPlayer);
        -:   13:
function compare called 42 returned 100% blocks executed 83%
       42:   14:int compare(const void* a, const void* b) {
       42:   15:    if (*(int*)a > *(int*)b)
branch  0 taken 0% (fallthrough)
branch  1 taken 100%
    #####:   16:        return 1;
       42:   17:    if (*(int*)a < *(int*)b)
branch  0 taken 24% (fallthrough)
branch  1 taken 76%
       10:   18:        return -1;
       32:   19:    return 0;
        -:   20:}
        -:   21:
function newGame called 0 returned 0% blocks executed 0%
    #####:   22:struct gameState* newGame() {
    #####:   23:    struct gameState* g = malloc(sizeof(struct gameState));
    #####:   24:    return g;
        -:   25:}
        -:   26:
function kingdomCards called 0 returned 0% blocks executed 0%
    #####:   27:int* kingdomCards(int k1, int k2, int k3, int k4, int k5, int k6, int k7,
        -:   28:                  int k8, int k9, int k10) {
    #####:   29:    int* k = malloc(10 * sizeof(int));
    #####:   30:    k[0] = k1;
    #####:   31:    k[1] = k2;
    #####:   32:    k[2] = k3;
    #####:   33:    k[3] = k4;
    #####:   34:    k[4] = k5;
    #####:   35:    k[5] = k6;
    #####:   36:    k[6] = k7;
    #####:   37:    k[7] = k8;
    #####:   38:    k[8] = k9;
    #####:   39:    k[9] = k10;
    #####:   40:    return k;
        -:   41:}
        -:   42:
function initializeGame called 1 returned 100% blocks executed 84%
        1:   43:int initializeGame(int numPlayers, int kingdomCards[10], int randomSeed,
        -:   44:                   struct gameState *state) {
        -:   45:    int i;
        -:   46:    int j;
        -:   47:    int it;
        -:   48:
        -:   49:    //set up random number generator
        1:   50:    SelectStream(1);
call    0 returned 100%
        1:   51:    PutSeed((long)randomSeed);
call    0 returned 100%
        -:   52:
        -:   53:    //check number of players
        1:   54:    if (numPlayers > MAX_PLAYERS || numPlayers < 2)
branch  0 taken 100% (fallthrough)
branch  1 taken 0%
branch  2 taken 0% (fallthrough)
branch  3 taken 100%
        -:   55:    {
    #####:   56:        return -1;
        -:   57:    }
        -:   58:
        -:   59:    //set number of players
        1:   60:    state->numPlayers = numPlayers;
        -:   61:
        -:   62:    //check selected kingdom cards are different
       11:   63:    for (i = 0; i < 10; i++)
branch  0 taken 91%
branch  1 taken 9% (fallthrough)
        -:   64:    {
      110:   65:        for (j = 0; j < 10; j++)
branch  0 taken 91%
branch  1 taken 9% (fallthrough)
        -:   66:        {
      100:   67:            if (j != i && kingdomCards[j] == kingdomCards[i])
branch  0 taken 90% (fallthrough)
branch  1 taken 10%
branch  2 taken 0% (fallthrough)
branch  3 taken 100%
        -:   68:            {
    #####:   69:                return -1;
        -:   70:            }
        -:   71:        }
        -:   72:    }
        -:   73:
        -:   74:
        -:   75:    //initialize supply
        -:   76:    ///////////////////////////////
        -:   77:
        -:   78:    //set number of Curse cards
        1:   79:    if (numPlayers == 2)
branch  0 taken 100% (fallthrough)
branch  1 taken 0%
        -:   80:    {
        1:   81:        state->supplyCount[curse] = 10;
        -:   82:    }
    #####:   83:    else if (numPlayers == 3)
branch  0 never executed
branch  1 never executed
        -:   84:    {
    #####:   85:        state->supplyCount[curse] = 20;
        -:   86:    }
        -:   87:    else
        -:   88:    {
    #####:   89:        state->supplyCount[curse] = 30;
        -:   90:    }
        -:   91:
        -:   92:    //set number of Victory cards
        1:   93:    if (numPlayers == 2)
branch  0 taken 100% (fallthrough)
branch  1 taken 0%
        -:   94:    {
        1:   95:        state->supplyCount[estate] = 8;
        1:   96:        state->supplyCount[duchy] = 8;
        1:   97:        state->supplyCount[province] = 8;
        -:   98:    }
        -:   99:    else
        -:  100:    {
    #####:  101:        state->supplyCount[estate] = 12;
    #####:  102:        state->supplyCount[duchy] = 12;
    #####:  103:        state->supplyCount[province] = 12;
        -:  104:    }
        -:  105:
        -:  106:    //set number of Treasure cards
        1:  107:    state->supplyCount[copper] = 60 - (7 * numPlayers);
        1:  108:    state->supplyCount[silver] = 40;
        1:  109:    state->supplyCount[gold] = 30;
        -:  110:
        -:  111:    //set number of Kingdom cards
       21:  112:    for (i = adventurer; i <= treasure_map; i++)       	//loop all cards
branch  0 taken 95%
branch  1 taken 5% (fallthrough)
        -:  113:    {
      165:  114:        for (j = 0; j < 10; j++)           		//loop chosen cards
branch  0 taken 94%
branch  1 taken 6% (fallthrough)
        -:  115:        {
      155:  116:            if (kingdomCards[j] == i)
branch  0 taken 6% (fallthrough)
branch  1 taken 94%
        -:  117:            {
        -:  118:                //check if card is a 'Victory' Kingdom card
       10:  119:                if (kingdomCards[j] == great_hall || kingdomCards[j] == gardens)
branch  0 taken 100% (fallthrough)
branch  1 taken 0%
branch  2 taken 0% (fallthrough)
branch  3 taken 100%
        -:  120:                {
    #####:  121:                    if (numPlayers == 2) {
branch  0 never executed
branch  1 never executed
    #####:  122:                        state->supplyCount[i] = 8;
        -:  123:                    }
        -:  124:                    else {
    #####:  125:                        state->supplyCount[i] = 12;
        -:  126:                    }
        -:  127:                }
        -:  128:                else
        -:  129:                {
       10:  130:                    state->supplyCount[i] = 10;
        -:  131:                }
       10:  132:                break;
        -:  133:            }
        -:  134:            else    //card is not in the set choosen for the game
        -:  135:            {
      145:  136:                state->supplyCount[i] = -1;
        -:  137:            }
        -:  138:        }
        -:  139:
        -:  140:    }
        -:  141:
        -:  142:    ////////////////////////
        -:  143:    //supply intilization complete
        -:  144:
        -:  145:    //set player decks
        3:  146:    for (i = 0; i < numPlayers; i++)
branch  0 taken 67%
branch  1 taken 33% (fallthrough)
        -:  147:    {
        2:  148:        state->deckCount[i] = 0;
        8:  149:        for (j = 0; j < 3; j++)
branch  0 taken 75%
branch  1 taken 25% (fallthrough)
        -:  150:        {
        6:  151:            state->deck[i][j] = estate;
        6:  152:            state->deckCount[i]++;
        -:  153:        }
       16:  154:        for (j = 3; j < 10; j++)
branch  0 taken 88%
branch  1 taken 13% (fallthrough)
        -:  155:        {
       14:  156:            state->deck[i][j] = copper;
       14:  157:            state->deckCount[i]++;
        -:  158:        }
        -:  159:    }
        -:  160:
        -:  161:    //shuffle player decks
        3:  162:    for (i = 0; i < numPlayers; i++)
branch  0 taken 67%
branch  1 taken 33% (fallthrough)
        -:  163:    {
        2:  164:        if ( shuffle(i, state) < 0 )
call    0 returned 100%
branch  1 taken 0% (fallthrough)
branch  2 taken 100%
        -:  165:        {
    #####:  166:            return -1;
        -:  167:        }
        -:  168:    }
        -:  169:
        -:  170:    //draw player hands
        3:  171:    for (i = 0; i < numPlayers; i++)
branch  0 taken 67%
branch  1 taken 33% (fallthrough)
        -:  172:    {
        -:  173:        //initialize hand size to zero
        2:  174:        state->handCount[i] = 0;
        2:  175:        state->discardCount[i] = 0;
        -:  176:        //draw 5 cards
       12:  177:        for (j = 0; j < 5; j++)
branch  0 taken 83%
branch  1 taken 17% (fallthrough)
        -:  178:        {
       10:  179:          drawCard(i, state);
call    0 returned 100%
        -:  180:        }
        -:  181:    }
        -:  182:
        -:  183:    //set embargo tokens to 0 for all supply piles
       28:  184:    for (i = 0; i <= treasure_map; i++)
branch  0 taken 96%
branch  1 taken 4% (fallthrough)
        -:  185:    {
       27:  186:        state->embargoTokens[i] = 0;
        -:  187:    }
        -:  188:
        -:  189:    //initialize first player's turn
        1:  190:    state->outpostPlayed = 0;
        1:  191:    state->phase = 0;
        1:  192:    state->numActions = 1;
        1:  193:    state->numBuys = 1;
        1:  194:    state->playedCardCount = 0;
        1:  195:    state->whoseTurn = 0;
        1:  196:    state->handCount[state->whoseTurn] = 0;
        -:  197:    //int it; move to top
        -:  198:
        -:  199:    //Moved draw cards to here, only drawing at the start of a turn
        6:  200:    for (it = 0; it < 5; it++) {
branch  0 taken 83%
branch  1 taken 17% (fallthrough)
        5:  201:        drawCard(state->whoseTurn, state);
call    0 returned 100%
        -:  202:    }
        -:  203:
        1:  204:    updateCoins(state->whoseTurn, state, 0);
call    0 returned 100%
        -:  205:
        1:  206:    return 0;
        -:  207:}
        -:  208:
function shuffle called 14 returned 100% blocks executed 100%
       14:  209:int shuffle(int player, struct gameState *state) {
        -:  210:
        -:  211:
        -:  212:    int newDeck[MAX_DECK];
       14:  213:    int newDeckPos = 0;
        -:  214:    int card;
        -:  215:    int i;
        -:  216:
       14:  217:    if (state->deckCount[player] < 1)
branch  0 taken 86% (fallthrough)
branch  1 taken 14%
       12:  218:        return -1;
        2:  219:    qsort ((void*)(state->deck[player]), state->deckCount[player], sizeof(int), compare);
call    0 returned 100%
        -:  220:    /* SORT CARDS IN DECK TO ENSURE DETERMINISM! */
        -:  221:
       22:  222:    while (state->deckCount[player] > 0) {
branch  0 taken 91%
branch  1 taken 9% (fallthrough)
       20:  223:        card = floor(Random() * state->deckCount[player]);
call    0 returned 100%
       20:  224:        newDeck[newDeckPos] = state->deck[player][card];
       20:  225:        newDeckPos++;
       70:  226:        for (i = card; i < state->deckCount[player]-1; i++) {
branch  0 taken 71%
branch  1 taken 29% (fallthrough)
       50:  227:            state->deck[player][i] = state->deck[player][i+1];
        -:  228:        }
       20:  229:        state->deckCount[player]--;
        -:  230:    }
       22:  231:    for (i = 0; i < newDeckPos; i++) {
branch  0 taken 91%
branch  1 taken 9% (fallthrough)
       20:  232:        state->deck[player][i] = newDeck[i];
       20:  233:        state->deckCount[player]++;
        -:  234:    }
        -:  235:
        2:  236:    return 0;
        -:  237:}
        -:  238:
function playCard called 0 returned 0% blocks executed 0%
    #####:  239:int playCard(int handPos, int choice1, int choice2, int choice3, struct gameState *state)
        -:  240:{
        -:  241:    int card;
    #####:  242:    int coin_bonus = 0; 		//tracks coins gain from actions
        -:  243:
        -:  244:    //check if it is the right phase
    #####:  245:    if (state->phase != 0)
branch  0 never executed
branch  1 never executed
        -:  246:    {
    #####:  247:        return -1;
        -:  248:    }
        -:  249:
        -:  250:    //check if player has enough actions
    #####:  251:    if ( state->numActions < 1 )
branch  0 never executed
branch  1 never executed
        -:  252:    {
    #####:  253:        return -1;
        -:  254:    }
        -:  255:
        -:  256:    //get card played
    #####:  257:    card = handCard(handPos, state);
call    0 never executed
        -:  258:
        -:  259:    //check if selected card is an action
    #####:  260:    if ( card < adventurer || card > treasure_map )
branch  0 never executed
branch  1 never executed
branch  2 never executed
branch  3 never executed
        -:  261:    {
    #####:  262:        return -1;
        -:  263:    }
        -:  264:
        -:  265:    //play card
    #####:  266:    if ( cardEffect(card, choice1, choice2, choice3, state, handPos, &coin_bonus) < 0 )
call    0 never executed
branch  1 never executed
branch  2 never executed
        -:  267:    {
    #####:  268:        return -1;
        -:  269:    }
        -:  270:
        -:  271:    //reduce number of actions
    #####:  272:    state->numActions--;
        -:  273:
        -:  274:    //update coins (Treasure cards may be added with card draws)
    #####:  275:    updateCoins(state->whoseTurn, state, coin_bonus);
call    0 never executed
        -:  276:
    #####:  277:    return 0;
        -:  278:}
        -:  279:
function buyCard called 0 returned 0% blocks executed 0%
    #####:  280:int buyCard(int supplyPos, struct gameState *state) {
        -:  281:    int who;
        -:  282:    if (DEBUG) {
        -:  283:        printf("Entering buyCard...\n");
        -:  284:    }
        -:  285:
        -:  286:    // I don't know what to do about the phase thing.
        -:  287:
    #####:  288:    who = state->whoseTurn;
        -:  289:
    #####:  290:    if (state->numBuys < 1) {
branch  0 never executed
branch  1 never executed
        -:  291:        if (DEBUG)
        -:  292:            printf("You do not have any buys left\n");
    #####:  293:        return -1;
    #####:  294:    } else if (supplyCount(supplyPos, state) <1) {
call    0 never executed
branch  1 never executed
branch  2 never executed
        -:  295:        if (DEBUG)
        -:  296:            printf("There are not any of that type of card left\n");
    #####:  297:        return -1;
    #####:  298:    } else if (state->coins < getCost(supplyPos)) {
call    0 never executed
branch  1 never executed
branch  2 never executed
        -:  299:        if (DEBUG)
        -:  300:            printf("You do not have enough money to buy that. You have %d coins.\n", state->coins);
    #####:  301:        return -1;
        -:  302:    } else {
    #####:  303:        state->phase=1;
        -:  304:        //state->supplyCount[supplyPos]--;
    #####:  305:        gainCard(supplyPos, state, 0, who); //card goes in discard, this might be wrong.. (2 means goes into hand, 0 goes into discard)
call    0 never executed
        -:  306:
    #####:  307:        state->coins = (state->coins) - (getCost(supplyPos));
call    0 never executed
    #####:  308:        state->numBuys--;
        -:  309:        if (DEBUG)
        -:  310:            printf("You bought card number %d for %d coins. You now have %d buys and %d coins.\n", supplyPos, getCost(supplyPos), state->numBuys, state->coins);
        -:  311:    }
        -:  312:
        -:  313:    //state->discard[who][state->discardCount[who]] = supplyPos;
        -:  314:    //state->discardCount[who]++;
        -:  315:
    #####:  316:    return 0;
        -:  317:}
        -:  318:
function numHandCards called 10 returned 100% blocks executed 100%
       10:  319:int numHandCards(struct gameState *state) {
       10:  320:    return state->handCount[ whoseTurn(state) ];
call    0 returned 100%
        -:  321:}
        -:  322:
function handCard called 0 returned 0% blocks executed 0%
    #####:  323:int handCard(int handPos, struct gameState *state) {
    #####:  324:    int currentPlayer = whoseTurn(state);
call    0 never executed
    #####:  325:    return state->hand[currentPlayer][handPos];
        -:  326:}
        -:  327:
function supplyCount called 0 returned 0% blocks executed 0%
    #####:  328:int supplyCount(int card, struct gameState *state) {
    #####:  329:    return state->supplyCount[card];
        -:  330:}
        -:  331:
function fullDeckCount called 0 returned 0% blocks executed 0%
    #####:  332:int fullDeckCount(int player, int card, struct gameState *state) {
        -:  333:    int i;
    #####:  334:    int count = 0;
        -:  335:
    #####:  336:    for (i = 0; i < state->deckCount[player]; i++)
branch  0 never executed
branch  1 never executed
        -:  337:    {
    #####:  338:        if (state->deck[player][i] == card) count++;
branch  0 never executed
branch  1 never executed
        -:  339:    }
        -:  340:
    #####:  341:    for (i = 0; i < state->handCount[player]; i++)
branch  0 never executed
branch  1 never executed
        -:  342:    {
    #####:  343:        if (state->hand[player][i] == card) count++;
branch  0 never executed
branch  1 never executed
        -:  344:    }
        -:  345:
    #####:  346:    for (i = 0; i < state->discardCount[player]; i++)
branch  0 never executed
branch  1 never executed
        -:  347:    {
    #####:  348:        if (state->discard[player][i] == card) count++;
branch  0 never executed
branch  1 never executed
        -:  349:    }
        -:  350:
    #####:  351:    return count;
        -:  352:}
        -:  353:
function whoseTurn called 13 returned 100% blocks executed 100%
       13:  354:int whoseTurn(struct gameState *state) {
       13:  355:    return state->whoseTurn;
        -:  356:}
        -:  357:
function endTurn called 0 returned 0% blocks executed 0%
    #####:  358:int endTurn(struct gameState *state) {
        -:  359:    int k;
        -:  360:    int i;
    #####:  361:    int currentPlayer = whoseTurn(state);
call    0 never executed
        -:  362:
        -:  363:    //Discard hand
    #####:  364:    for (i = 0; i < state->handCount[currentPlayer]; i++) {
branch  0 never executed
branch  1 never executed
    #####:  365:        state->discard[currentPlayer][state->discardCount[currentPlayer]++] = state->hand[currentPlayer][i];//Discard
    #####:  366:        state->hand[currentPlayer][i] = -1;//Set card to -1
        -:  367:    }
    #####:  368:    state->handCount[currentPlayer] = 0;//Reset hand count
        -:  369:
        -:  370:    //Code for determining the player
    #####:  371:    if (currentPlayer < (state->numPlayers - 1)) {
branch  0 never executed
branch  1 never executed
    #####:  372:        state->whoseTurn = currentPlayer + 1;//Still safe to increment
        -:  373:    }
        -:  374:    else {
    #####:  375:        state->whoseTurn = 0;//Max player has been reached, loop back around to player 1
        -:  376:    }
        -:  377:
    #####:  378:    state->outpostPlayed = 0;
    #####:  379:    state->phase = 0;
    #####:  380:    state->numActions = 1;
    #####:  381:    state->coins = 0;
    #####:  382:    state->numBuys = 1;
    #####:  383:    state->playedCardCount = 0;
    #####:  384:    state->handCount[state->whoseTurn] = 0;
        -:  385:
        -:  386:    //int k; move to top
        -:  387:    //Next player draws hand
    #####:  388:    for (k = 0; k < 5; k++) {
branch  0 never executed
branch  1 never executed
    #####:  389:        drawCard(state->whoseTurn, state);//Draw a card
call    0 never executed
        -:  390:    }
        -:  391:
        -:  392:    //Update money
    #####:  393:    updateCoins(state->whoseTurn, state, 0);
call    0 never executed
        -:  394:
    #####:  395:    return 0;
        -:  396:}
        -:  397:
function isGameOver called 0 returned 0% blocks executed 0%
    #####:  398:int isGameOver(struct gameState *state) {
        -:  399:    int i;
        -:  400:    int j;
        -:  401:
        -:  402:    //if stack of Province cards is empty, the game ends
    #####:  403:    if (state->supplyCount[province] == 0)
branch  0 never executed
branch  1 never executed
        -:  404:    {
    #####:  405:        return 1;
        -:  406:    }
        -:  407:
        -:  408:    //if three supply pile are at 0, the game ends
    #####:  409:    j = 0;
    #####:  410:    for (i = 0; i < 25; i++)
branch  0 never executed
branch  1 never executed
        -:  411:    {
    #####:  412:        if (state->supplyCount[i] == 0)
branch  0 never executed
branch  1 never executed
        -:  413:        {
    #####:  414:            j++;
        -:  415:        }
        -:  416:    }
    #####:  417:    if ( j >= 3)
branch  0 never executed
branch  1 never executed
        -:  418:    {
    #####:  419:        return 1;
        -:  420:    }
        -:  421:
    #####:  422:    return 0;
        -:  423:}
        -:  424:
function scoreFor called 0 returned 0% blocks executed 0%
    #####:  425:int scoreFor (int player, struct gameState *state) {
        -:  426:
        -:  427:    int i;
    #####:  428:    int score = 0;
        -:  429:    //score from hand
    #####:  430:    for (i = 0; i < state->handCount[player]; i++)
branch  0 never executed
branch  1 never executed
        -:  431:    {
    #####:  432:        if (state->hand[player][i] == curse) {
branch  0 never executed
branch  1 never executed
    #####:  433:            score = score - 1;
        -:  434:        };
    #####:  435:        if (state->hand[player][i] == estate) {
branch  0 never executed
branch  1 never executed
    #####:  436:            score = score + 1;
        -:  437:        };
    #####:  438:        if (state->hand[player][i] == duchy) {
branch  0 never executed
branch  1 never executed
    #####:  439:            score = score + 3;
        -:  440:        };
    #####:  441:        if (state->hand[player][i] == province) {
branch  0 never executed
branch  1 never executed
    #####:  442:            score = score + 6;
        -:  443:        };
    #####:  444:        if (state->hand[player][i] == great_hall) {
branch  0 never executed
branch  1 never executed
    #####:  445:            score = score + 1;
        -:  446:        };
    #####:  447:        if (state->hand[player][i] == gardens) {
branch  0 never executed
branch  1 never executed
    #####:  448:            score = score + ( fullDeckCount(player, 0, state) / 10 );
call    0 never executed
        -:  449:        };
        -:  450:    }
        -:  451:
        -:  452:    //score from discard
    #####:  453:    for (i = 0; i < state->discardCount[player]; i++)
branch  0 never executed
branch  1 never executed
        -:  454:    {
    #####:  455:        if (state->discard[player][i] == curse) {
branch  0 never executed
branch  1 never executed
    #####:  456:            score = score - 1;
        -:  457:        };
    #####:  458:        if (state->discard[player][i] == estate) {
branch  0 never executed
branch  1 never executed
    #####:  459:            score = score + 1;
        -:  460:        };
    #####:  461:        if (state->discard[player][i] == duchy) {
branch  0 never executed
branch  1 never executed
    #####:  462:            score = score + 3;
        -:  463:        };
    #####:  464:        if (state->discard[player][i] == province) {
branch  0 never executed
branch  1 never executed
    #####:  465:            score = score + 6;
        -:  466:        };
    #####:  467:        if (state->discard[player][i] == great_hall) {
branch  0 never executed
branch  1 never executed
    #####:  468:            score = score + 1;
        -:  469:        };
    #####:  470:        if (state->discard[player][i] == gardens) {
branch  0 never executed
branch  1 never executed
    #####:  471:            score = score + ( fullDeckCount(player, 0, state) / 10 );
call    0 never executed
        -:  472:        };
        -:  473:    }
        -:  474:
        -:  475:    //score from deck
    #####:  476:    for (i = 0; i < state->discardCount[player]; i++)
branch  0 never executed
branch  1 never executed
        -:  477:    {
    #####:  478:        if (state->deck[player][i] == curse) {
branch  0 never executed
branch  1 never executed
    #####:  479:            score = score - 1;
        -:  480:        };
    #####:  481:        if (state->deck[player][i] == estate) {
branch  0 never executed
branch  1 never executed
    #####:  482:            score = score + 1;
        -:  483:        };
    #####:  484:        if (state->deck[player][i] == duchy) {
branch  0 never executed
branch  1 never executed
    #####:  485:            score = score + 3;
        -:  486:        };
    #####:  487:        if (state->deck[player][i] == province) {
branch  0 never executed
branch  1 never executed
    #####:  488:            score = score + 6;
        -:  489:        };
    #####:  490:        if (state->deck[player][i] == great_hall) {
branch  0 never executed
branch  1 never executed
    #####:  491:            score = score + 1;
        -:  492:        };
    #####:  493:        if (state->deck[player][i] == gardens) {
branch  0 never executed
branch  1 never executed
    #####:  494:            score = score + ( fullDeckCount(player, 0, state) / 10 );
call    0 never executed
        -:  495:        };
        -:  496:    }
        -:  497:
    #####:  498:    return score;
        -:  499:}
        -:  500:
function getWinners called 0 returned 0% blocks executed 0%
    #####:  501:int getWinners(int players[MAX_PLAYERS], struct gameState *state) {
        -:  502:    int i;
        -:  503:    int j;
        -:  504:    int highScore;
        -:  505:    int currentPlayer;
        -:  506:
        -:  507:    //get score for each player
    #####:  508:    for (i = 0; i < MAX_PLAYERS; i++)
branch  0 never executed
branch  1 never executed
        -:  509:    {
        -:  510:        //set unused player scores to -9999
    #####:  511:        if (i >= state->numPlayers)
branch  0 never executed
branch  1 never executed
        -:  512:        {
    #####:  513:            players[i] = -9999;
        -:  514:        }
        -:  515:        else
        -:  516:        {
    #####:  517:            players[i] = scoreFor (i, state);
call    0 never executed
        -:  518:        }
        -:  519:    }
        -:  520:
        -:  521:    //find highest score
    #####:  522:    j = 0;
    #####:  523:    for (i = 0; i < MAX_PLAYERS; i++)
branch  0 never executed
branch  1 never executed
        -:  524:    {
    #####:  525:        if (players[i] > players[j])
branch  0 never executed
branch  1 never executed
        -:  526:        {
    #####:  527:            j = i;
        -:  528:        }
        -:  529:    }
    #####:  530:    highScore = players[j];
        -:  531:
        -:  532:    //add 1 to players who had less turns
    #####:  533:    currentPlayer = whoseTurn(state);
call    0 never executed
    #####:  534:    for (i = 0; i < MAX_PLAYERS; i++)
branch  0 never executed
branch  1 never executed
        -:  535:    {
    #####:  536:        if ( players[i] == highScore && i > currentPlayer )
branch  0 never executed
branch  1 never executed
branch  2 never executed
branch  3 never executed
        -:  537:        {
    #####:  538:            players[i]++;
        -:  539:        }
        -:  540:    }
        -:  541:
        -:  542:    //find new highest score
    #####:  543:    j = 0;
    #####:  544:    for (i = 0; i < MAX_PLAYERS; i++)
branch  0 never executed
branch  1 never executed
        -:  545:    {
    #####:  546:        if ( players[i] > players[j] )
branch  0 never executed
branch  1 never executed
        -:  547:        {
    #####:  548:            j = i;
        -:  549:        }
        -:  550:    }
    #####:  551:    highScore = players[j];
        -:  552:
        -:  553:    //set winners in array to 1 and rest to 0
    #####:  554:    for (i = 0; i < MAX_PLAYERS; i++)
branch  0 never executed
branch  1 never executed
        -:  555:    {
    #####:  556:        if ( players[i] == highScore )
branch  0 never executed
branch  1 never executed
        -:  557:        {
    #####:  558:            players[i] = 1;
        -:  559:        }
        -:  560:        else
        -:  561:        {
    #####:  562:            players[i] = 0;
        -:  563:        }
        -:  564:    }
        -:  565:
    #####:  566:    return 0;
        -:  567:}
        -:  568:
function drawCard called 31 returned 100% blocks executed 85%
       31:  569:int drawCard(int player, struct gameState *state)
        -:  570:{   int count;
        -:  571:    int deckCounter;
       31:  572:    if (state->deckCount[player] <= 0) { //Deck is empty
branch  0 taken 39% (fallthrough)
branch  1 taken 61%
        -:  573:
        -:  574:        //Step 1 Shuffle the discard pile back into a deck
        -:  575:        int i;
        -:  576:        //Move discard to deck
      12*:  577:        for (i = 0; i < state->discardCount[player]; i++) {
branch  0 taken 0%
branch  1 taken 100% (fallthrough)
    #####:  578:            state->deck[player][i] = state->discard[player][i];
    #####:  579:            state->discard[player][i] = -1;
        -:  580:        }
        -:  581:
       12:  582:        state->deckCount[player] = state->discardCount[player];
       12:  583:        state->discardCount[player] = 0;//Reset discard
        -:  584:
        -:  585:        //Shufffle the deck
       12:  586:        shuffle(player, state);//Shuffle the deck up and make it so that we can draw
call    0 returned 100%
        -:  587:
        -:  588:        if (DEBUG) { //Debug statements
        -:  589:            printf("Deck count now: %d\n", state->deckCount[player]);
        -:  590:        }
        -:  591:
       12:  592:        state->discardCount[player] = 0;
        -:  593:
        -:  594:        //Step 2 Draw Card
       12:  595:        count = state->handCount[player];//Get current player's hand count
        -:  596:
        -:  597:        if (DEBUG) { //Debug statements
        -:  598:            printf("Current hand count: %d\n", count);
        -:  599:        }
        -:  600:
       12:  601:        deckCounter = state->deckCount[player];//Create a holder for the deck count
        -:  602:
       12:  603:        if (deckCounter == 0)
branch  0 taken 100% (fallthrough)
branch  1 taken 0%
       12:  604:            return -1;
        -:  605:
    #####:  606:        state->hand[player][count] = state->deck[player][deckCounter - 1];//Add card to hand
    #####:  607:        state->deckCount[player]--;
    #####:  608:        state->handCount[player]++;//Increment hand count
        -:  609:    }
        -:  610:
        -:  611:    else {
       19:  612:        int count = state->handCount[player];//Get current hand count for player
        -:  613:        int deckCounter;
        -:  614:        if (DEBUG) { //Debug statements
        -:  615:            printf("Current hand count: %d\n", count);
        -:  616:        }
        -:  617:
       19:  618:        deckCounter = state->deckCount[player];//Create holder for the deck count
       19:  619:        state->hand[player][count] = state->deck[player][deckCounter - 1];//Add card to the hand
       19:  620:        state->deckCount[player]--;
       19:  621:        state->handCount[player]++;//Increment hand count
        -:  622:    }
        -:  623:
       19:  624:    return 0;
        -:  625:}
        -:  626:
function getCost called 0 returned 0% blocks executed 0%
    #####:  627:int getCost(int cardNumber)
        -:  628:{
    #####:  629:    switch( cardNumber )
branch  0 never executed
branch  1 never executed
branch  2 never executed
branch  3 never executed
branch  4 never executed
branch  5 never executed
branch  6 never executed
branch  7 never executed
branch  8 never executed
branch  9 never executed
branch 10 never executed
branch 11 never executed
branch 12 never executed
branch 13 never executed
branch 14 never executed
branch 15 never executed
branch 16 never executed
branch 17 never executed
branch 18 never executed
branch 19 never executed
branch 20 never executed
branch 21 never executed
branch 22 never executed
branch 23 never executed
branch 24 never executed
branch 25 never executed
branch 26 never executed
branch 27 never executed
        -:  630:    {
    #####:  631:    case curse:
    #####:  632:        return 0;
    #####:  633:    case estate:
    #####:  634:        return 2;
    #####:  635:    case duchy:
    #####:  636:        return 5;
    #####:  637:    case province:
    #####:  638:        return 8;
    #####:  639:    case copper:
    #####:  640:        return 0;
    #####:  641:    case silver:
    #####:  642:        return 3;
    #####:  643:    case gold:
    #####:  644:        return 6;
    #####:  645:    case adventurer:
    #####:  646:        return 6;
    #####:  647:    case council_room:
    #####:  648:        return 5;
    #####:  649:    case feast:
    #####:  650:        return 4;
    #####:  651:    case gardens:
    #####:  652:        return 4;
    #####:  653:    case mine:
    #####:  654:        return 5;
    #####:  655:    case remodel:
    #####:  656:        return 4;
    #####:  657:    case smithy:
    #####:  658:        return 4;
    #####:  659:    case village:
    #####:  660:        return 3;
    #####:  661:    case baron:
    #####:  662:        return 4;
    #####:  663:    case great_hall:
    #####:  664:        return 3;
    #####:  665:    case minion:
    #####:  666:        return 5;
    #####:  667:    case steward:
    #####:  668:        return 3;
    #####:  669:    case tribute:
    #####:  670:        return 5;
    #####:  671:    case ambassador:
    #####:  672:        return 3;
    #####:  673:    case cutpurse:
    #####:  674:        return 4;
    #####:  675:    case embargo:
    #####:  676:        return 2;
    #####:  677:    case outpost:
    #####:  678:        return 5;
    #####:  679:    case salvager:
    #####:  680:        return 4;
    #####:  681:    case sea_hag:
    #####:  682:        return 4;
    #####:  683:    case treasure_map:
    #####:  684:        return 4;
        -:  685:    }
        -:  686:
    #####:  687:    return -1;
        -:  688:}
        -:  689:
function cardEffect called 3 returned 100% blocks executed 10%
        3:  690:int cardEffect(int card, int choice1, int choice2, int choice3, struct gameState *state, int handPos, int *bonus)
        -:  691:{
        -:  692:    int i;
        -:  693:    int j;
        -:  694:    int k;
        -:  695:    int x;
        -:  696:    int index;
        3:  697:    int currentPlayer = whoseTurn(state);
call    0 returned 100%
        3:  698:    int nextPlayer = currentPlayer + 1;
        -:  699:
        3:  700:    int tributeRevealedCards[2] = {-1, -1};
        -:  701:    int temphand[MAX_HAND];// moved above the if statement
        3:  702:    int drawntreasure=0;
        -:  703:    int cardDrawn;
        3:  704:    int z = 0;// this is the counter for the temp hand
        3:  705:    if (nextPlayer > (state->numPlayers - 1)) {
branch  0 taken 0% (fallthrough)
branch  1 taken 100%
    #####:  706:        nextPlayer = 0;
        -:  707:    }
        -:  708:
        -:  709:
        -:  710:    //uses switch to select card and perform actions
        3:  711:    switch( card )
branch  0 taken 0%
branch  1 taken 0%
branch  2 taken 0%
branch  3 taken 0%
branch  4 taken 0%
branch  5 taken 0%
branch  6 taken 0%
branch  7 taken 0%
branch  8 taken 0%
branch  9 taken 0%
branch 10 taken 100%
branch 11 taken 0%
branch 12 taken 0%
branch 13 taken 0%
branch 14 taken 0%
branch 15 taken 0%
branch 16 taken 0%
branch 17 taken 0%
branch 18 taken 0%
branch 19 taken 0%
branch 20 taken 0%
        -:  712:    {
    #####:  713:    case adventurer:
    #####:  714:        while(drawntreasure<2) {
branch  0 never executed
branch  1 never executed
    #####:  715:            if (state->deckCount[currentPlayer] <1) { //if the deck is empty we need to shuffle discard and add to deck
branch  0 never executed
branch  1 never executed
    #####:  716:                shuffle(currentPlayer, state);
call    0 never executed
        -:  717:            }
    #####:  718:            drawCard(currentPlayer, state);
call    0 never executed
    #####:  719:            cardDrawn = state->hand[currentPlayer][state->handCount[currentPlayer]-1];//top card of hand is most recently drawn card.
    #####:  720:            if (cardDrawn == copper || cardDrawn == silver || cardDrawn == gold)
branch  0 never executed
branch  1 never executed
branch  2 never executed
branch  3 never executed
branch  4 never executed
branch  5 never executed
    #####:  721:                drawntreasure++;
        -:  722:            else {
    #####:  723:                temphand[z]=cardDrawn;
    #####:  724:                state->handCount[currentPlayer]--; //this should just remove the top card (the most recently drawn one).
    #####:  725:                z++;
        -:  726:            }
        -:  727:        }
    #####:  728:        while(z-1>=0) {
branch  0 never executed
branch  1 never executed
    #####:  729:            state->discard[currentPlayer][state->discardCount[currentPlayer]++]=temphand[z-1]; // discard all cards in play that have been drawn
    #####:  730:            z=z-1;
        -:  731:        }
    #####:  732:        return 0;
        -:  733:
    #####:  734:    case council_room:
        -:  735:        //+4 Cards
    #####:  736:        for (i = 0; i < 4; i++)
branch  0 never executed
branch  1 never executed
        -:  737:        {
    #####:  738:            drawCard(currentPlayer, state);
call    0 never executed
        -:  739:        }
        -:  740:
        -:  741:        //+1 Buy
    #####:  742:        state->numBuys++;
        -:  743:
        -:  744:        //Each other player draws a card
    #####:  745:        for (i = 0; i < state->numPlayers; i++)
branch  0 never executed
branch  1 never executed
        -:  746:        {
    #####:  747:            if ( i != currentPlayer )
branch  0 never executed
branch  1 never executed
        -:  748:            {
    #####:  749:                drawCard(i, state);
call    0 never executed
        -:  750:            }
        -:  751:        }
        -:  752:
        -:  753:        //put played card in played card pile
    #####:  754:        discardCard(handPos, currentPlayer, state, 0);
call    0 never executed
        -:  755:
    #####:  756:        return 0;
        -:  757:
    #####:  758:    case feast:
        -:  759:        //gain card with cost up to 5
        -:  760:        //Backup hand
    #####:  761:        for (i = 0; i <= state->handCount[currentPlayer]; i++) {
branch  0 never executed
branch  1 never executed
    #####:  762:            temphand[i] = state->hand[currentPlayer][i];//Backup card
    #####:  763:            state->hand[currentPlayer][i] = -1;//Set to nothing
        -:  764:        }
        -:  765:        //Backup hand
        -:  766:
        -:  767:        //Update Coins for Buy
    #####:  768:        updateCoins(currentPlayer, state, 5);
call    0 never executed
    #####:  769:        x = 1;//Condition to loop on
    #####:  770:        while( x == 1) {//Buy one card
branch  0 never executed
branch  1 never executed
    #####:  771:            if (supplyCount(choice1, state) <= 0) {
call    0 never executed
branch  1 never executed
branch  2 never executed
        -:  772:                if (DEBUG)
        -:  773:                    printf("None of that card left, sorry!\n");
        -:  774:
        -:  775:                if (DEBUG) {
        -:  776:                    printf("Cards Left: %d\n", supplyCount(choice1, state));
        -:  777:                }
        -:  778:            }
    #####:  779:            else if (state->coins < getCost(choice1)) {
call    0 never executed
branch  1 never executed
branch  2 never executed
    #####:  780:                printf("That card is too expensive!\n");
call    0 never executed
        -:  781:
        -:  782:                if (DEBUG) {
        -:  783:                    printf("Coins: %d < %d\n", state->coins, getCost(choice1));
        -:  784:                }
        -:  785:            }
        -:  786:            else {
        -:  787:
        -:  788:                if (DEBUG) {
        -:  789:                    printf("Deck Count: %d\n", state->handCount[currentPlayer] + state->deckCount[currentPlayer] + state->discardCount[currentPlayer]);
        -:  790:                }
        -:  791:
    #####:  792:                gainCard(choice1, state, 0, currentPlayer);//Gain the card
call    0 never executed
    #####:  793:                x = 0;//No more buying cards
        -:  794:
        -:  795:                if (DEBUG) {
        -:  796:                    printf("Deck Count: %d\n", state->handCount[currentPlayer] + state->deckCount[currentPlayer] + state->discardCount[currentPlayer]);
        -:  797:                }
        -:  798:
        -:  799:            }
        -:  800:        }
        -:  801:
        -:  802:        //Reset Hand
    #####:  803:        for (i = 0; i <= state->handCount[currentPlayer]; i++) {
branch  0 never executed
branch  1 never executed
    #####:  804:            state->hand[currentPlayer][i] = temphand[i];
    #####:  805:            temphand[i] = -1;
        -:  806:        }
        -:  807:        //Reset Hand
        -:  808:
    #####:  809:        return 0;
        -:  810:
    #####:  811:    case gardens:
    #####:  812:        return -1;
        -:  813:
    #####:  814:    case mine:
    #####:  815:		mineCardEffect( choice1 , choice2 , handPos , state , currentPlayer );
call    0 never executed
        -:  816:
    #####:  817:    case remodel:
    #####:  818:        j = state->hand[currentPlayer][choice1];  //store card we will trash
        -:  819:
    #####:  820:        if ( (getCost(state->hand[currentPlayer][choice1]) + 2) > getCost(choice2) )
call    0 never executed
call    1 never executed
branch  2 never executed
branch  3 never executed
        -:  821:        {
    #####:  822:            return -1;
        -:  823:        }
        -:  824:
    #####:  825:        gainCard(choice2, state, 0, currentPlayer);
call    0 never executed
        -:  826:
        -:  827:        //discard card from hand
    #####:  828:        discardCard(handPos, currentPlayer, state, 0);
call    0 never executed
        -:  829:
        -:  830:        //discard trashed card
    #####:  831:        for (i = 0; i < state->handCount[currentPlayer]; i++)
branch  0 never executed
branch  1 never executed
        -:  832:        {
    #####:  833:            if (state->hand[currentPlayer][i] == j)
branch  0 never executed
branch  1 never executed
        -:  834:            {
    #####:  835:                discardCard(i, currentPlayer, state, 0);
call    0 never executed
    #####:  836:                break;
        -:  837:            }
        -:  838:        }
        -:  839:
        -:  840:
    #####:  841:        return 0;
        -:  842:
    #####:  843:    case smithy:
        -:  844:        //+3 Cards
    #####:  845:        for (i = 0; i < 3; i++)
branch  0 never executed
branch  1 never executed
        -:  846:        {
    #####:  847:            drawCard(currentPlayer, state);
call    0 never executed
        -:  848:        }
        -:  849:
        -:  850:        //discard card from hand
    #####:  851:        discardCard(handPos, currentPlayer, state, 0);
call    0 never executed
    #####:  852:        return 0;
        -:  853:
    #####:  854:    case village:
        -:  855:        //+1 Card
    #####:  856:        drawCard(currentPlayer, state);
call    0 never executed
        -:  857:
        -:  858:        //+2 Actions
    #####:  859:        state->numActions = state->numActions + 2;
        -:  860:
        -:  861:        //discard played card from hand
    #####:  862:        discardCard(handPos, currentPlayer, state, 0);
call    0 never executed
    #####:  863:        return 0;
        -:  864:
    #####:  865:	case baron:
    #####:  866:		baronCardEffect(choice1, state, currentPlayer);
call    0 never executed
        -:  867:
    #####:  868:    case great_hall:
        -:  869:        //+1 Card
    #####:  870:        drawCard(currentPlayer, state);
call    0 never executed
        -:  871:
        -:  872:        //+1 Actions
    #####:  873:        state->numActions++;
        -:  874:
        -:  875:        //discard card from hand
    #####:  876:        discardCard(handPos, currentPlayer, state, 0);
call    0 never executed
    #####:  877:        return 0;
        -:  878:
        3:  879:    case minion:
        3:  880:		minionCardEffect( choice1 , choice2 , handPos , state, currentPlayer);
call    0 returned 100%
        -:  881:
        3:  882:    case steward:
        3:  883:        if (choice1 == 1)
branch  0 taken 33% (fallthrough)
branch  1 taken 67%
        -:  884:        {
        -:  885:            //+2 cards
        1:  886:            drawCard(currentPlayer, state);
call    0 returned 100%
        1:  887:            drawCard(currentPlayer, state);
call    0 returned 100%
        -:  888:        }
        2:  889:        else if (choice1 == 2)
branch  0 taken 0% (fallthrough)
branch  1 taken 100%
        -:  890:        {
        -:  891:            //+2 coins
    #####:  892:            state->coins = state->coins + 2;
        -:  893:        }
        -:  894:        else
        -:  895:        {
        -:  896:            //trash 2 cards in hand
        2:  897:            discardCard(choice2, currentPlayer, state, 1);
call    0 returned 100%
        2:  898:            discardCard(choice3, currentPlayer, state, 1);
call    0 returned 100%
        -:  899:        }
        -:  900:
        -:  901:        //discard card from hand
        3:  902:        discardCard(handPos, currentPlayer, state, 0);
call    0 returned 100%
        3:  903:        return 0;
        -:  904:
    #####:  905:    case tribute:
    #####:  906:			tributeCardEffect( state , currentPlayer , nextPlayer , tributeRevealedCards);
call    0 never executed
        -:  907:
    #####:  908:    case ambassador:
    #####:  909:		ambassadorCardEffect(choice1, choice2, handPos, state, currentPlayer);
call    0 never executed
        -:  910:
    #####:  911:    case cutpurse:
        -:  912:
    #####:  913:        updateCoins(currentPlayer, state, 2);
call    0 never executed
    #####:  914:        for (i = 0; i < state->numPlayers; i++)
branch  0 never executed
branch  1 never executed
        -:  915:        {
    #####:  916:            if (i != currentPlayer)
branch  0 never executed
branch  1 never executed
        -:  917:            {
    #####:  918:                for (j = 0; j < state->handCount[i]; j++)
branch  0 never executed
branch  1 never executed
        -:  919:                {
    #####:  920:                    if (state->hand[i][j] == copper)
branch  0 never executed
branch  1 never executed
        -:  921:                    {
    #####:  922:                        discardCard(j, i, state, 0);
call    0 never executed
    #####:  923:                        break;
        -:  924:                    }
    #####:  925:                    if (j == state->handCount[i])
branch  0 never executed
branch  1 never executed
        -:  926:                    {
    #####:  927:                        for (k = 0; k < state->handCount[i]; k++)
branch  0 never executed
branch  1 never executed
        -:  928:                        {
        -:  929:                            if (DEBUG)
        -:  930:                                printf("Player %d reveals card number %d\n", i, state->hand[i][k]);
        -:  931:                        }
    #####:  932:                        break;
        -:  933:                    }
        -:  934:                }
        -:  935:
        -:  936:            }
        -:  937:
        -:  938:        }
        -:  939:
        -:  940:        //discard played card from hand
    #####:  941:        discardCard(handPos, currentPlayer, state, 0);
call    0 never executed
        -:  942:
    #####:  943:        return 0;
        -:  944:
        -:  945:
    #####:  946:    case embargo:
        -:  947:        //+2 Coins
    #####:  948:        state->coins = state->coins + 2;
        -:  949:
        -:  950:        //see if selected pile is in play
    #####:  951:        if ( state->supplyCount[choice1] == -1 )
branch  0 never executed
branch  1 never executed
        -:  952:        {
    #####:  953:            return -1;
        -:  954:        }
        -:  955:
        -:  956:        //add embargo token to selected supply pile
    #####:  957:        state->embargoTokens[choice1]++;
        -:  958:
        -:  959:        //trash card
    #####:  960:        discardCard(handPos, currentPlayer, state, 1);
call    0 never executed
    #####:  961:        return 0;
        -:  962:
    #####:  963:    case outpost:
        -:  964:        //set outpost flag
    #####:  965:        state->outpostPlayed++;
        -:  966:
        -:  967:        //discard card
    #####:  968:        discardCard(handPos, currentPlayer, state, 0);
call    0 never executed
    #####:  969:        return 0;
        -:  970:
    #####:  971:    case salvager:
        -:  972:        //+1 buy
    #####:  973:        state->numBuys++;
        -:  974:
    #####:  975:        if (choice1)
branch  0 never executed
branch  1 never executed
        -:  976:        {
        -:  977:            //gain coins equal to trashed card
    #####:  978:            state->coins = state->coins + getCost( handCard(choice1, state) );
call    0 never executed
call    1 never executed
        -:  979:            //trash card
    #####:  980:            discardCard(choice1, currentPlayer, state, 1);
call    0 never executed
        -:  981:        }
        -:  982:
        -:  983:        //discard card
    #####:  984:        discardCard(handPos, currentPlayer, state, 0);
call    0 never executed
    #####:  985:        return 0;
        -:  986:
    #####:  987:    case sea_hag:
    #####:  988:        for (i = 0; i < state->numPlayers; i++) {
branch  0 never executed
branch  1 never executed
    #####:  989:            if (i != currentPlayer) {
branch  0 never executed
branch  1 never executed
    #####:  990:                state->discard[i][state->discardCount[i]] = state->deck[i][state->deckCount[i]--];
    #####:  991:                state->deckCount[i]--;
    #####:  992:                state->discardCount[i]++;
    #####:  993:                state->deck[i][state->deckCount[i]--] = curse;//Top card now a curse
        -:  994:            }
        -:  995:        }
    #####:  996:        return 0;
        -:  997:
    #####:  998:    case treasure_map:
        -:  999:        //search hand for another treasure_map
    #####: 1000:        index = -1;
    #####: 1001:        for (i = 0; i < state->handCount[currentPlayer]; i++)
branch  0 never executed
branch  1 never executed
        -: 1002:        {
    #####: 1003:            if (state->hand[currentPlayer][i] == treasure_map && i != handPos)
branch  0 never executed
branch  1 never executed
branch  2 never executed
branch  3 never executed
        -: 1004:            {
    #####: 1005:                index = i;
    #####: 1006:                break;
        -: 1007:            }
        -: 1008:        }
    #####: 1009:        if (index > -1)
branch  0 never executed
branch  1 never executed
        -: 1010:        {
        -: 1011:            //trash both treasure cards
    #####: 1012:            discardCard(handPos, currentPlayer, state, 1);
call    0 never executed
    #####: 1013:            discardCard(index, currentPlayer, state, 1);
call    0 never executed
        -: 1014:
        -: 1015:            //gain 4 Gold cards
    #####: 1016:            for (i = 0; i < 4; i++)
branch  0 never executed
branch  1 never executed
        -: 1017:            {
    #####: 1018:                gainCard(gold, state, 1, currentPlayer);
call    0 never executed
        -: 1019:            }
        -: 1020:
        -: 1021:            //return success
    #####: 1022:            return 1;
        -: 1023:        }
        -: 1024:
        -: 1025:        //no second treasure_map found in hand
    #####: 1026:        return -1;
        -: 1027:    }
        -: 1028:
    #####: 1029:    return -1;
        -: 1030:}
        -: 1031:
function baronCardEffect called 0 returned 0% blocks executed 0%
    #####: 1032:int baronCardEffect(   int choice1 , struct gameState* state , int currentPlayer )
        -: 1033:{
    #####: 1034:	state->numBuys++;//Increase buys by 1!
    #####: 1035:	state->numBuys++;//Increase buys by 1! ADDED TWO INCREMENTS FOR NUMBUYS
    #####: 1036:	if (choice1 > 0) { //Boolean true or going to discard an estate
branch  0 never executed
branch  1 never executed
    #####: 1037:		int p = 0;//Iterator for hand!
    #####: 1038:		int card_not_discarded = 1;//Flag for discard set!
    #####: 1039:		while (card_not_discarded) {
branch  0 never executed
branch  1 never executed
    #####: 1040:			if (state->hand[currentPlayer][p] == estate) { //Found an estate card!
branch  0 never executed
branch  1 never executed
    #####: 1041:				state->coins += 4;//Add 4 coins to the amount of coins
    #####: 1042:				state->discard[currentPlayer][state->discardCount[currentPlayer]] = state->hand[currentPlayer][p];
    #####: 1043:				state->discardCount[currentPlayer]++;
    #####: 1044:				for (; p < state->handCount[currentPlayer]; p++) {
branch  0 never executed
branch  1 never executed
    #####: 1045:					state->hand[currentPlayer][p] = state->hand[currentPlayer][p + 1];
        -: 1046:				}
    #####: 1047:				state->hand[currentPlayer][state->handCount[currentPlayer]] = -1;
    #####: 1048:				state->handCount[currentPlayer]--;
    #####: 1049:				card_not_discarded = 0;//Exit the loop
        -: 1050:			}
    #####: 1051:			else if (p > state->handCount[currentPlayer]) {
branch  0 never executed
branch  1 never executed
        -: 1052:				if (DEBUG) {
        -: 1053:					printf("No estate cards in your hand, invalid choice\n");
        -: 1054:					printf("Must gain an estate if there are any\n");
        -: 1055:				}
    #####: 1056:				if (supplyCount(estate, state) > 0) {
call    0 never executed
branch  1 never executed
branch  2 never executed
    #####: 1057:					gainCard(estate, state, 0, currentPlayer);
call    0 never executed
        -: 1058:
    #####: 1059:					state->supplyCount[estate]--;//Decrement estates
    #####: 1060:					if (supplyCount(estate, state) == 0) {
call    0 never executed
branch  1 never executed
branch  2 never executed
    #####: 1061:						isGameOver(state);
call    0 never executed
        -: 1062:					}
        -: 1063:				}
    #####: 1064:				card_not_discarded = 0;//Exit the loop
        -: 1065:			}
        -: 1066:			else {
    #####: 1067:				p++;//Next card
        -: 1068:			}
        -: 1069:		}
        -: 1070:	}
        -: 1071:	else {
    #####: 1072:		if (supplyCount(estate, state) > 1) { // should be > 0 
call    0 never executed
branch  1 never executed
branch  2 never executed
    #####: 1073:			gainCard(estate, state, 0, currentPlayer);//Gain an estate
call    0 never executed
        -: 1074:
    #####: 1075:			state->supplyCount[estate]--;//Decrement Estates
    #####: 1076:			if (supplyCount(estate, state) == 0) {
call    0 never executed
branch  1 never executed
branch  2 never executed
    #####: 1077:				isGameOver(state);
call    0 never executed
        -: 1078:			}
        -: 1079:		}
        -: 1080:	}
    #####: 1081:	return 0;
        -: 1082:}
        -: 1083:
function minionCardEffect called 3 returned 100% blocks executed 100%
        3: 1084:int minionCardEffect( int choice1 , int choice2 , int handPos , struct gameState* state, int currentPlayer )
        -: 1085:{
        -: 1086:	int i, j;
        -: 1087:	//+1 action
        3: 1088:	state->numActions++;
        -: 1089:
        -: 1090:	//discard card from hand
        3: 1091:	discardCard(handPos, currentPlayer, state, 1); // flag should send a 0 not a 1
call    0 returned 100%
        -: 1092:
        3: 1093:	if (choice1)
branch  0 taken 33% (fallthrough)
branch  1 taken 67%
        -: 1094:	{
        1: 1095:		state->coins = state->coins + 2;
        -: 1096:	}
        2: 1097:	else if (choice2)		//discard hand, redraw 4, other players with 5+ cards discard hand and draw 4
branch  0 taken 100% (fallthrough)
branch  1 taken 0%
        -: 1098:	{
        -: 1099:		//discard hand
       10: 1100:		while (numHandCards(state) > 0)
call    0 returned 100%
branch  1 taken 80%
branch  2 taken 20% (fallthrough)
        -: 1101:		{
        8: 1102:			discardCard(handPos, currentPlayer, state, 0);
call    0 returned 100%
        -: 1103:		}
        -: 1104:
        -: 1105:		//draw 4
       12: 1106:		for (i = 0; i <= 4; i++) // <= 4 is wrong should be 4
branch  0 taken 83%
branch  1 taken 17% (fallthrough)
        -: 1107:		{
       10: 1108:			drawCard(currentPlayer, state);
call    0 returned 100%
        -: 1109:		}
        -: 1110:
        -: 1111:		//other players discard hand and redraw if hand size > 4
        6: 1112:		for (i = 0; i < state->numPlayers; i++)
branch  0 taken 67%
branch  1 taken 33% (fallthrough)
        -: 1113:		{
        4: 1114:			if (i != currentPlayer)
branch  0 taken 50% (fallthrough)
branch  1 taken 50%
        -: 1115:			{
        2: 1116:				if (state->handCount[i] > 4)
branch  0 taken 50% (fallthrough)
branch  1 taken 50%
        -: 1117:				{
        -: 1118:					//discard hand
        6: 1119:					while (state->handCount[i] > 0)
branch  0 taken 83%
branch  1 taken 17% (fallthrough)
        -: 1120:					{
        5: 1121:						discardCard(handPos, i, state, 0);
call    0 returned 100%
        -: 1122:					}
        -: 1123:
        -: 1124:					//draw 4
        5: 1125:					for (j = 0; j < 4; j++)
branch  0 taken 80%
branch  1 taken 20% (fallthrough)
        -: 1126:					{
        4: 1127:						drawCard(i, state);
call    0 returned 100%
        -: 1128:					}
        -: 1129:				}
        -: 1130:			}
        -: 1131:		}
        -: 1132:
        -: 1133:	}
        3: 1134:	return 0;
        -: 1135:}
        -: 1136:
function ambassadorCardEffect called 0 returned 0% blocks executed 0%
    #####: 1137:int ambassadorCardEffect(int choice1, int choice2, int handPos, struct gameState* state, int currentPlayer)
        -: 1138:{
        -: 1139:	int i;
    #####: 1140:	int j = 0;		//used to check if player has enough cards to discard
        -: 1141:
    #####: 1142:	if (choice2 > 2 || choice2 < 0)
branch  0 never executed
branch  1 never executed
branch  2 never executed
branch  3 never executed
        -: 1143:	{
    #####: 1144:		return -1;
        -: 1145:	}
        -: 1146:
    #####: 1147:	if (choice1 == handPos)
branch  0 never executed
branch  1 never executed
        -: 1148:	{
    #####: 1149:		return -1;
        -: 1150:	}
        -: 1151:
    #####: 1152:	for (i = 0; i < state->handCount[currentPlayer]; i++)
branch  0 never executed
branch  1 never executed
        -: 1153:	{
    #####: 1154:		if (i != handPos && i == state->hand[currentPlayer][choice1] && i != choice1)
branch  0 never executed
branch  1 never executed
branch  2 never executed
branch  3 never executed
branch  4 never executed
branch  5 never executed
        -: 1155:		{
    #####: 1156:			j++;
        -: 1157:		}
        -: 1158:	}
    #####: 1159:	if (j < choice2)
branch  0 never executed
branch  1 never executed
        -: 1160:	{
    #####: 1161:		return -1;
        -: 1162:	}
        -: 1163:
        -: 1164:	if (DEBUG)
        -: 1165:		printf("Player %d reveals card number: %d\n", currentPlayer, state->hand[currentPlayer][choice1]);
        -: 1166:
        -: 1167:	//increase supply count for choosen card by amount being discarded
    #####: 1168:	state->supplyCount[state->hand[currentPlayer][choice1]] += choice2;
        -: 1169:
        -: 1170:	//each other player gains a copy of revealed card
    #####: 1171:	for (i = 0; i < 2 ; i++) // should be < state->numPlayers this will only do 2 players
branch  0 never executed
branch  1 never executed
        -: 1172:	{
    #####: 1173:		if (i != currentPlayer)
branch  0 never executed
branch  1 never executed
        -: 1174:		{
    #####: 1175:			gainCard(state->hand[currentPlayer][choice1], state, 2, i);
call    0 never executed
        -: 1176:		}
        -: 1177:	}
        -: 1178:
        -: 1179:	//discard played card from hand
    #####: 1180:	discardCard( currentPlayer, handPos , state, 0); //handpos should come before currentplayer
call    0 never executed
        -: 1181:
        -: 1182:	//trash copies of cards returned to supply
    #####: 1183:	for (j = 0; j < choice2; j++)
branch  0 never executed
branch  1 never executed
        -: 1184:	{
    #####: 1185:		for (i = 0; i < state->handCount[currentPlayer]; i++)
branch  0 never executed
branch  1 never executed
        -: 1186:		{
    #####: 1187:			if (state->hand[currentPlayer][i] == state->hand[currentPlayer][choice1])
branch  0 never executed
branch  1 never executed
        -: 1188:			{
    #####: 1189:				discardCard(i, currentPlayer, state, 1);
call    0 never executed
    #####: 1190:				break;
        -: 1191:			}
        -: 1192:		}
        -: 1193:	}
        -: 1194:
    #####: 1195:	return 0;
        -: 1196:}
        -: 1197:
function tributeCardEffect called 0 returned 0% blocks executed 0%
    #####: 1198:int tributeCardEffect(struct gameState* state, int currentPlayer , int nextPlayer , int tributeRevealedCards[] )
        -: 1199:{
        -: 1200:	int i;
        -: 1201:
    #####: 1202:	if ((state->discardCount[nextPlayer] + state->deckCount[nextPlayer]) <= 1) {
branch  0 never executed
branch  1 never executed
    #####: 1203:		if (state->deckCount[nextPlayer] > 0) {
branch  0 never executed
branch  1 never executed
    #####: 1204:			tributeRevealedCards[0] = state->deck[nextPlayer][state->deckCount[nextPlayer] - 1];
    #####: 1205:			state->deckCount[nextPlayer]--;
        -: 1206:		}
    #####: 1207:		else if (state->discardCount[nextPlayer] > 0) {
branch  0 never executed
branch  1 never executed
    #####: 1208:			tributeRevealedCards[0] = state->discard[nextPlayer][state->discardCount[nextPlayer] - 1];
    #####: 1209:			state->discardCount[nextPlayer]--;
        -: 1210:		}
        -: 1211:		else {
        -: 1212:			//No Card to Reveal
        -: 1213:			if (DEBUG) {
        -: 1214:				printf("No cards to reveal\n");
        -: 1215:            }
        -: 1216:		}   
        -: 1217:	}
        -: 1218:
        -: 1219:	else {
    #####: 1220:		if (state->deckCount[nextPlayer] == 0) {
branch  0 never executed
branch  1 never executed
    #####: 1221:			for (i = 0; i < state->discardCount[nextPlayer]; i++) {
branch  0 never executed
branch  1 never executed
    #####: 1222:				state->deck[nextPlayer][i] = state->discard[nextPlayer][i];//Move to deck
    #####: 1223:				state->deckCount[nextPlayer]++;
    #####: 1224:				state->discard[nextPlayer][i] = -1;
    #####: 1225:				state->discardCount[nextPlayer]--;
        -: 1226:			}
        -: 1227:
    #####: 1228:			shuffle(nextPlayer, state);//Shuffle the deck
call    0 never executed
        -: 1229:		}
    #####: 1230:		tributeRevealedCards[0] = state->deck[nextPlayer][state->deckCount[nextPlayer] - 1];
    #####: 1231:		state->deck[nextPlayer][state->deckCount[nextPlayer]--] = -1;
    #####: 1232:		state->deckCount[nextPlayer]--;
    #####: 1233:		tributeRevealedCards[1] = state->deck[nextPlayer][state->deckCount[nextPlayer] - 1];
    #####: 1234:		state->deck[nextPlayer][state->deckCount[nextPlayer]--] = -1;
    #####: 1235:		state->deckCount[nextPlayer]--;
        -: 1236:	}
        -: 1237:
        -: 1238:	if (tributeRevealedCards[0] == tributeRevealedCards[0]) { //If we have a duplicate card, just drop one CAUSES ERROR BECAUSE ELEMENT 0 == 0
    #####: 1239:		state->playedCards[state->playedCardCount] = tributeRevealedCards[1];
    #####: 1240:		state->playedCardCount++;
    #####: 1241:		tributeRevealedCards[1] = -1;
        -: 1242:	}
        -: 1243:
    #####: 1244:	for (i = 0; i <= 2; i++) {
branch  0 never executed
branch  1 never executed
    #####: 1245:		if (tributeRevealedCards[i] == copper || tributeRevealedCards[i] == silver || tributeRevealedCards[i] == gold) { //Treasure cards
branch  0 never executed
branch  1 never executed
branch  2 never executed
branch  3 never executed
branch  4 never executed
branch  5 never executed
    #####: 1246:			state->coins += 3; // should only get 2 coins
        -: 1247:		}
        -: 1248:
    #####: 1249:		else if (tributeRevealedCards[i] == estate || tributeRevealedCards[i] == duchy || tributeRevealedCards[i] == province || tributeRevealedCards[i] == gardens || tributeRevealedCards[i] == great_hall) { //Victory Card Found
branch  0 never executed
branch  1 never executed
branch  2 never executed
branch  3 never executed
branch  4 never executed
branch  5 never executed
branch  6 never executed
branch  7 never executed
branch  8 never executed
branch  9 never executed
    #####: 1250:			drawCard(currentPlayer, state);
call    0 never executed
    #####: 1251:			drawCard(currentPlayer, state);
call    0 never executed
        -: 1252:		}
        -: 1253:		else { //Action Card
    #####: 1254:			state->numActions = state->numActions + 2;
        -: 1255:		}
        -: 1256:	}
        -: 1257:
    #####: 1258:	return 0;
        -: 1259:}
        -: 1260:
function mineCardEffect called 0 returned 0% blocks executed 0%
    #####: 1261:int mineCardEffect(int choice1 , int choice2 , int handPos , struct gameState* state, int currentPlayer)
        -: 1262:{
        -: 1263:	int i;
    #####: 1264:	int j = state->hand[currentPlayer][choice1];  //store card we will trash
        -: 1265:
    #####: 1266:	if (state->hand[currentPlayer][choice1] > copper && state->hand[currentPlayer][choice1] < gold) //should be < copper and > gold
branch  0 never executed
branch  1 never executed
branch  2 never executed
branch  3 never executed
        -: 1267:	{
    #####: 1268:		return -1;
        -: 1269:	}
        -: 1270:
    #####: 1271:	if (choice2 > treasure_map || choice2 < curse)
branch  0 never executed
branch  1 never executed
branch  2 never executed
branch  3 never executed
        -: 1272:	{
    #####: 1273:		return -1;
        -: 1274:	}
        -: 1275:
    #####: 1276:	if ((getCost(state->hand[currentPlayer][choice1]) + 3) > getCost(choice2))
call    0 never executed
call    1 never executed
branch  2 never executed
branch  3 never executed
        -: 1277:	{
    #####: 1278:		return -1;
        -: 1279:	}
        -: 1280:
    #####: 1281:	gainCard(choice2, state, 2, currentPlayer);
call    0 never executed
        -: 1282:
    #####: 1283:	handPos++; // THIS CREATES THE WRONG HAND POSITION FOR THE DISCARDED CARD
        -: 1284:
        -: 1285:	//discard card from hand
    #####: 1286:	discardCard(handPos, currentPlayer, state, 0);
call    0 never executed
        -: 1287:
        -: 1288:	//discard trashed card
    #####: 1289:	for (i = 0; i < state->handCount[currentPlayer]; i++)
branch  0 never executed
branch  1 never executed
        -: 1290:	{
    #####: 1291:		if (state->hand[currentPlayer][i] == j)
branch  0 never executed
branch  1 never executed
        -: 1292:		{
    #####: 1293:			discardCard(i, currentPlayer, state, 0);
call    0 never executed
    #####: 1294:			break;
        -: 1295:		}
        -: 1296:	}
        -: 1297:
    #####: 1298:	return 0;
        -: 1299:
        -: 1300:}
        -: 1301:
function discardCard called 23 returned 100% blocks executed 89%
       23: 1302:int discardCard(int handPos, int currentPlayer, struct gameState *state, int trashFlag)
        -: 1303:{
        -: 1304:
        -: 1305:    //if card is not trashed, added to Played pile
       23: 1306:    if (trashFlag < 1)
branch  0 taken 70% (fallthrough)
branch  1 taken 30%
        -: 1307:    {
        -: 1308:        //add card to played pile
       16: 1309:        state->playedCards[state->playedCardCount] = state->hand[currentPlayer][handPos];
       16: 1310:        state->playedCardCount++;
        -: 1311:    }
        -: 1312:
        -: 1313:    //set played card to -1
       23: 1314:    state->hand[currentPlayer][handPos] = -1;
        -: 1315:
        -: 1316:    //remove card from player's hand
       23: 1317:    if ( handPos == (state->handCount[currentPlayer] - 1) ) 	//last card in hand array is played
branch  0 taken 13% (fallthrough)
branch  1 taken 87%
        -: 1318:    {
        -: 1319:        //reduce number of cards in hand
        3: 1320:        state->handCount[currentPlayer]--;
        -: 1321:    }
       20: 1322:    else if ( state->handCount[currentPlayer] == 1 ) //only one card in hand
branch  0 taken 0% (fallthrough)
branch  1 taken 100%
        -: 1323:    {
        -: 1324:        //reduce number of cards in hand
    #####: 1325:        state->handCount[currentPlayer]--;
        -: 1326:    }
        -: 1327:    else
        -: 1328:    {
        -: 1329:        //replace discarded card with last card in hand
       20: 1330:        state->hand[currentPlayer][handPos] = state->hand[currentPlayer][ (state->handCount[currentPlayer] - 1)];
        -: 1331:        //set last card to -1
       20: 1332:        state->hand[currentPlayer][state->handCount[currentPlayer] - 1] = -1;
        -: 1333:        //reduce number of cards in hand
       20: 1334:        state->handCount[currentPlayer]--;
        -: 1335:    }
        -: 1336:
       23: 1337:    return 0;
        -: 1338:}
        -: 1339:
function gainCard called 0 returned 0% blocks executed 0%
    #####: 1340:int gainCard(int supplyPos, struct gameState *state, int toFlag, int player)
        -: 1341:{
        -: 1342:    //Note: supplyPos is enum of choosen card
        -: 1343:
        -: 1344:    //check if supply pile is empty (0) or card is not used in game (-1)
    #####: 1345:    if ( supplyCount(supplyPos, state) < 1 )
call    0 never executed
branch  1 never executed
branch  2 never executed
        -: 1346:    {
    #####: 1347:        return -1;
        -: 1348:    }
        -: 1349:
        -: 1350:    //added card for [whoseTurn] current player:
        -: 1351:    // toFlag = 0 : add to discard
        -: 1352:    // toFlag = 1 : add to deck
        -: 1353:    // toFlag = 2 : add to hand
        -: 1354:
    #####: 1355:    if (toFlag == 1)
branch  0 never executed
branch  1 never executed
        -: 1356:    {
    #####: 1357:        state->deck[ player ][ state->deckCount[player] ] = supplyPos;
    #####: 1358:        state->deckCount[player]++;
        -: 1359:    }
    #####: 1360:    else if (toFlag == 2)
branch  0 never executed
branch  1 never executed
        -: 1361:    {
    #####: 1362:        state->hand[ player ][ state->handCount[player] ] = supplyPos;
    #####: 1363:        state->handCount[player]++;
        -: 1364:    }
        -: 1365:    else
        -: 1366:    {
    #####: 1367:        state->discard[player][ state->discardCount[player] ] = supplyPos;
    #####: 1368:        state->discardCount[player]++;
        -: 1369:    }
        -: 1370:
        -: 1371:    //decrease number in supply pile
    #####: 1372:    state->supplyCount[supplyPos]--;
        -: 1373:
    #####: 1374:    return 0;
        -: 1375:}
        -: 1376:
function updateCoins called 1 returned 100% blocks executed 82%
        1: 1377:int updateCoins(int player, struct gameState *state, int bonus)
        -: 1378:{
        -: 1379:    int i;
        -: 1380:
        -: 1381:    //reset coin count
        1: 1382:    state->coins = 0;
        -: 1383:
        -: 1384:    //add coins for each Treasure card in player's hand
        6: 1385:    for (i = 0; i < state->handCount[player]; i++)
branch  0 taken 83%
branch  1 taken 17% (fallthrough)
        -: 1386:    {
        5: 1387:        if (state->hand[player][i] == copper)
branch  0 taken 60% (fallthrough)
branch  1 taken 40%
        -: 1388:        {
        3: 1389:            state->coins += 1;
        -: 1390:        }
        2: 1391:        else if (state->hand[player][i] == silver)
branch  0 taken 0% (fallthrough)
branch  1 taken 100%
        -: 1392:        {
    #####: 1393:            state->coins += 2;
        -: 1394:        }
        2: 1395:        else if (state->hand[player][i] == gold)
branch  0 taken 0% (fallthrough)
branch  1 taken 100%
        -: 1396:        {
    #####: 1397:            state->coins += 3;
        -: 1398:        }
        -: 1399:    }
        -: 1400:
        -: 1401:    //add bonus
        1: 1402:    state->coins += bonus;
        -: 1403:
        1: 1404:    return 0;
        -: 1405:}
        -: 1406:
        -: 1407:
        -: 1408://end of dominion.c
